{"C:\\Users\\user\\Desktop\\CURRENT PROJECTS\\Learning Express\\express4\\app.js": {"path":"C:\\Users\\user\\Desktop\\CURRENT PROJECTS\\Learning Express\\express4\\app.js","statementMap":{"0":{"start":{"line":1,"column":0},"end":{"line":1,"column":26}},"1":{"start":{"line":2,"column":0},"end":{"line":2,"column":31}},"2":{"start":{"line":4,"column":16},"end":{"line":4,"column":34}},"3":{"start":{"line":5,"column":12},"end":{"line":5,"column":21}},"4":{"start":{"line":6,"column":16},"end":{"line":6,"column":39}},"5":{"start":{"line":7,"column":19},"end":{"line":7,"column":43}},"6":{"start":{"line":8,"column":21},"end":{"line":8,"column":47}},"7":{"start":{"line":9,"column":21},"end":{"line":9,"column":45}},"8":{"start":{"line":10,"column":27},"end":{"line":10,"column":60}},"9":{"start":{"line":11,"column":31},"end":{"line":11,"column":68}},"10":{"start":{"line":12,"column":30},"end":{"line":12,"column":69}},"11":{"start":{"line":14,"column":0},"end":{"line":14,"column":23}},"12":{"start":{"line":15,"column":0},"end":{"line":15,"column":23}},"13":{"start":{"line":17,"column":0},"end":{"line":17,"column":24}},"14":{"start":{"line":18,"column":0},"end":{"line":18,"column":49}},"15":{"start":{"line":20,"column":0},"end":{"line":20,"column":27}},"16":{"start":{"line":21,"column":0},"end":{"line":21,"column":31}},"17":{"start":{"line":23,"column":0},"end":{"line":23,"column":20}}},"fnMap":{},"branchMap":{},"s":{"0":2,"1":2,"2":2,"3":2,"4":2,"5":2,"6":2,"7":2,"8":2,"9":2,"10":2,"11":2,"12":2,"13":2,"14":2,"15":2,"16":2,"17":2},"f":{},"b":{},"_coverageSchema":"1a1c01bbd47fc00a2c39e90264f33305004495a9","hash":"f13fac3fca4453d4a22284c47be21f87e0b50ee6"}
,"C:\\Users\\user\\Desktop\\CURRENT PROJECTS\\Learning Express\\express4\\controllers\\auth.js": {"path":"C:\\Users\\user\\Desktop\\CURRENT PROJECTS\\Learning Express\\express4\\controllers\\auth.js","statementMap":{"0":{"start":{"line":1,"column":24},"end":{"line":1,"column":52}},"1":{"start":{"line":2,"column":31},"end":{"line":2,"column":51}},"2":{"start":{"line":3,"column":13},"end":{"line":3,"column":38}},"3":{"start":{"line":5,"column":0},"end":{"line":31,"column":1}},"4":{"start":{"line":6,"column":4},"end":{"line":30,"column":5}},"5":{"start":{"line":7,"column":44},"end":{"line":7,"column":52}},"6":{"start":{"line":9,"column":8},"end":{"line":11,"column":9}},"7":{"start":{"line":10,"column":12},"end":{"line":10,"column":86}},"8":{"start":{"line":13,"column":21},"end":{"line":13,"column":48}},"9":{"start":{"line":15,"column":8},"end":{"line":17,"column":9}},"10":{"start":{"line":16,"column":12},"end":{"line":16,"column":90}},"11":{"start":{"line":19,"column":24},"end":{"line":19,"column":56}},"12":{"start":{"line":21,"column":22},"end":{"line":21,"column":41}},"13":{"start":{"line":24,"column":8},"end":{"line":24,"column":70}},"14":{"start":{"line":26,"column":8},"end":{"line":26,"column":79}},"15":{"start":{"line":28,"column":8},"end":{"line":28,"column":26}},"16":{"start":{"line":29,"column":8},"end":{"line":29,"column":90}},"17":{"start":{"line":33,"column":0},"end":{"line":63,"column":1}},"18":{"start":{"line":34,"column":4},"end":{"line":62,"column":5}},"19":{"start":{"line":35,"column":34},"end":{"line":35,"column":42}},"20":{"start":{"line":37,"column":8},"end":{"line":39,"column":9}},"21":{"start":{"line":38,"column":12},"end":{"line":38,"column":86}},"22":{"start":{"line":41,"column":21},"end":{"line":41,"column":48}},"23":{"start":{"line":43,"column":8},"end":{"line":45,"column":9}},"24":{"start":{"line":44,"column":12},"end":{"line":44,"column":126}},"25":{"start":{"line":47,"column":32},"end":{"line":47,"column":68}},"26":{"start":{"line":49,"column":8},"end":{"line":51,"column":9}},"27":{"start":{"line":50,"column":12},"end":{"line":50,"column":79}},"28":{"start":{"line":53,"column":22},"end":{"line":53,"column":38}},"29":{"start":{"line":55,"column":8},"end":{"line":55,"column":70}},"30":{"start":{"line":57,"column":8},"end":{"line":57,"column":61}},"31":{"start":{"line":60,"column":8},"end":{"line":60,"column":26}},"32":{"start":{"line":61,"column":8},"end":{"line":61,"column":90}}},"fnMap":{"0":{"name":"(anonymous_0)","decl":{"start":{"line":5,"column":24},"end":{"line":5,"column":25}},"loc":{"start":{"line":5,"column":44},"end":{"line":31,"column":1}},"line":5},"1":{"name":"(anonymous_1)","decl":{"start":{"line":33,"column":21},"end":{"line":33,"column":22}},"loc":{"start":{"line":33,"column":41},"end":{"line":63,"column":1}},"line":33}},"branchMap":{"0":{"loc":{"start":{"line":9,"column":8},"end":{"line":11,"column":9}},"type":"if","locations":[{"start":{"line":9,"column":8},"end":{"line":11,"column":9}},{"start":{},"end":{}}],"line":9},"1":{"loc":{"start":{"line":9,"column":12},"end":{"line":9,"column":44}},"type":"binary-expr","locations":[{"start":{"line":9,"column":12},"end":{"line":9,"column":21}},{"start":{"line":9,"column":25},"end":{"line":9,"column":31}},{"start":{"line":9,"column":35},"end":{"line":9,"column":44}}],"line":9},"2":{"loc":{"start":{"line":15,"column":8},"end":{"line":17,"column":9}},"type":"if","locations":[{"start":{"line":15,"column":8},"end":{"line":17,"column":9}},{"start":{},"end":{}}],"line":15},"3":{"loc":{"start":{"line":37,"column":8},"end":{"line":39,"column":9}},"type":"if","locations":[{"start":{"line":37,"column":8},"end":{"line":39,"column":9}},{"start":{},"end":{}}],"line":37},"4":{"loc":{"start":{"line":37,"column":12},"end":{"line":37,"column":31}},"type":"binary-expr","locations":[{"start":{"line":37,"column":12},"end":{"line":37,"column":18}},{"start":{"line":37,"column":22},"end":{"line":37,"column":31}}],"line":37},"5":{"loc":{"start":{"line":43,"column":8},"end":{"line":45,"column":9}},"type":"if","locations":[{"start":{"line":43,"column":8},"end":{"line":45,"column":9}},{"start":{},"end":{}}],"line":43},"6":{"loc":{"start":{"line":49,"column":8},"end":{"line":51,"column":9}},"type":"if","locations":[{"start":{"line":49,"column":8},"end":{"line":51,"column":9}},{"start":{},"end":{}}],"line":49}},"s":{"0":2,"1":2,"2":2,"3":2,"4":2,"5":2,"6":2,"7":0,"8":2,"9":2,"10":0,"11":2,"12":2,"13":2,"14":2,"15":0,"16":0,"17":2,"18":1,"19":1,"20":1,"21":0,"22":1,"23":1,"24":0,"25":1,"26":1,"27":0,"28":1,"29":1,"30":1,"31":0,"32":0},"f":{"0":2,"1":1},"b":{"0":[0,2],"1":[2,2,2],"2":[0,2],"3":[0,1],"4":[1,1],"5":[0,1],"6":[0,1]},"_coverageSchema":"1a1c01bbd47fc00a2c39e90264f33305004495a9","hash":"371bdc5b63f91544f9b0875950423c2593208298"}
,"C:\\Users\\user\\Desktop\\CURRENT PROJECTS\\Learning Express\\express4\\controllers\\budget.js": {"path":"C:\\Users\\user\\Desktop\\CURRENT PROJECTS\\Learning Express\\express4\\controllers\\budget.js","statementMap":{"0":{"start":{"line":1,"column":31},"end":{"line":1,"column":51}},"1":{"start":{"line":2,"column":15},"end":{"line":2,"column":42}},"2":{"start":{"line":3,"column":12},"end":{"line":3,"column":35}},"3":{"start":{"line":4,"column":24},"end":{"line":4,"column":52}},"4":{"start":{"line":5,"column":20},"end":{"line":5,"column":51}},"5":{"start":{"line":7,"column":0},"end":{"line":25,"column":1}},"6":{"start":{"line":8,"column":4},"end":{"line":24,"column":5}},"7":{"start":{"line":9,"column":23},"end":{"line":9,"column":41}},"8":{"start":{"line":11,"column":22},"end":{"line":11,"column":42}},"9":{"start":{"line":13,"column":24},"end":{"line":13,"column":65}},"10":{"start":{"line":15,"column":26},"end":{"line":15,"column":42}},"11":{"start":{"line":17,"column":26},"end":{"line":17,"column":71}},"12":{"start":{"line":19,"column":8},"end":{"line":19,"column":64}},"13":{"start":{"line":22,"column":8},"end":{"line":22,"column":26}},"14":{"start":{"line":23,"column":8},"end":{"line":23,"column":90}},"15":{"start":{"line":27,"column":0},"end":{"line":123,"column":1}},"16":{"start":{"line":103,"column":4},"end":{"line":121,"column":5}},"17":{"start":{"line":104,"column":25},"end":{"line":108,"column":23}},"18":{"start":{"line":110,"column":8},"end":{"line":110,"column":30}},"19":{"start":{"line":111,"column":23},"end":{"line":111,"column":43}},"20":{"start":{"line":113,"column":8},"end":{"line":115,"column":50}},"21":{"start":{"line":117,"column":8},"end":{"line":117,"column":26}},"22":{"start":{"line":118,"column":8},"end":{"line":120,"column":42}},"23":{"start":{"line":125,"column":0},"end":{"line":144,"column":1}},"24":{"start":{"line":126,"column":4},"end":{"line":143,"column":5}},"25":{"start":{"line":127,"column":23},"end":{"line":127,"column":40}},"26":{"start":{"line":128,"column":24},"end":{"line":128,"column":66}},"27":{"start":{"line":129,"column":28},"end":{"line":129,"column":44}},"28":{"start":{"line":131,"column":32},"end":{"line":131,"column":42}},"29":{"start":{"line":133,"column":32},"end":{"line":133,"column":70}},"30":{"start":{"line":135,"column":8},"end":{"line":137,"column":9}},"31":{"start":{"line":136,"column":12},"end":{"line":136,"column":73}},"32":{"start":{"line":139,"column":8},"end":{"line":139,"column":78}},"33":{"start":{"line":141,"column":8},"end":{"line":141,"column":26}},"34":{"start":{"line":142,"column":8},"end":{"line":142,"column":90}},"35":{"start":{"line":146,"column":0},"end":{"line":157,"column":1}},"36":{"start":{"line":147,"column":2},"end":{"line":156,"column":3}},"37":{"start":{"line":148,"column":32},"end":{"line":148,"column":42}},"38":{"start":{"line":150,"column":22},"end":{"line":150,"column":120}},"39":{"start":{"line":152,"column":4},"end":{"line":152,"column":55}},"40":{"start":{"line":154,"column":4},"end":{"line":154,"column":22}},"41":{"start":{"line":155,"column":4},"end":{"line":155,"column":86}},"42":{"start":{"line":159,"column":0},"end":{"line":179,"column":1}},"43":{"start":{"line":160,"column":4},"end":{"line":177,"column":5}},"44":{"start":{"line":161,"column":23},"end":{"line":161,"column":40}},"45":{"start":{"line":162,"column":24},"end":{"line":162,"column":66}},"46":{"start":{"line":163,"column":26},"end":{"line":163,"column":42}},"47":{"start":{"line":165,"column":32},"end":{"line":165,"column":42}},"48":{"start":{"line":167,"column":29},"end":{"line":167,"column":77}},"49":{"start":{"line":169,"column":8},"end":{"line":171,"column":9}},"50":{"start":{"line":170,"column":12},"end":{"line":170,"column":74}},"51":{"start":{"line":173,"column":8},"end":{"line":173,"column":104}},"52":{"start":{"line":175,"column":8},"end":{"line":175,"column":26}},"53":{"start":{"line":176,"column":8},"end":{"line":176,"column":90}}},"fnMap":{"0":{"name":"(anonymous_0)","decl":{"start":{"line":7,"column":23},"end":{"line":7,"column":24}},"loc":{"start":{"line":7,"column":43},"end":{"line":25,"column":1}},"line":7},"1":{"name":"(anonymous_1)","decl":{"start":{"line":27,"column":24},"end":{"line":27,"column":25}},"loc":{"start":{"line":27,"column":44},"end":{"line":123,"column":1}},"line":27},"2":{"name":"(anonymous_2)","decl":{"start":{"line":125,"column":26},"end":{"line":125,"column":27}},"loc":{"start":{"line":125,"column":46},"end":{"line":144,"column":1}},"line":125},"3":{"name":"(anonymous_3)","decl":{"start":{"line":146,"column":23},"end":{"line":146,"column":24}},"loc":{"start":{"line":146,"column":43},"end":{"line":157,"column":1}},"line":146},"4":{"name":"(anonymous_4)","decl":{"start":{"line":159,"column":23},"end":{"line":159,"column":24}},"loc":{"start":{"line":159,"column":43},"end":{"line":179,"column":1}},"line":159}},"branchMap":{"0":{"loc":{"start":{"line":135,"column":8},"end":{"line":137,"column":9}},"type":"if","locations":[{"start":{"line":135,"column":8},"end":{"line":137,"column":9}},{"start":{},"end":{}}],"line":135},"1":{"loc":{"start":{"line":169,"column":8},"end":{"line":171,"column":9}},"type":"if","locations":[{"start":{"line":169,"column":8},"end":{"line":171,"column":9}},{"start":{},"end":{}}],"line":169}},"s":{"0":2,"1":2,"2":2,"3":2,"4":2,"5":2,"6":1,"7":1,"8":1,"9":1,"10":1,"11":1,"12":1,"13":0,"14":0,"15":2,"16":1,"17":1,"18":1,"19":1,"20":1,"21":0,"22":0,"23":2,"24":1,"25":1,"26":1,"27":1,"28":1,"29":1,"30":1,"31":0,"32":1,"33":0,"34":0,"35":2,"36":1,"37":1,"38":1,"39":1,"40":0,"41":0,"42":2,"43":1,"44":1,"45":1,"46":1,"47":1,"48":1,"49":1,"50":0,"51":1,"52":0,"53":0},"f":{"0":1,"1":1,"2":1,"3":1,"4":1},"b":{"0":[0,1],"1":[0,1]},"_coverageSchema":"1a1c01bbd47fc00a2c39e90264f33305004495a9","hash":"2662c8ed725bc49133e7c3707bcb0a7f3f5fadfa"}
,"C:\\Users\\user\\Desktop\\CURRENT PROJECTS\\Learning Express\\express4\\db\\connect.js": {"path":"C:\\Users\\user\\Desktop\\CURRENT PROJECTS\\Learning Express\\express4\\db\\connect.js","statementMap":{"0":{"start":{"line":1,"column":17},"end":{"line":1,"column":36}},"1":{"start":{"line":3,"column":16},"end":{"line":8,"column":1}},"2":{"start":{"line":4,"column":4},"end":{"line":7,"column":6}},"3":{"start":{"line":10,"column":0},"end":{"line":10,"column":24}}},"fnMap":{"0":{"name":"(anonymous_0)","decl":{"start":{"line":3,"column":16},"end":{"line":3,"column":17}},"loc":{"start":{"line":3,"column":25},"end":{"line":8,"column":1}},"line":3}},"branchMap":{},"s":{"0":2,"1":2,"2":0,"3":2},"f":{"0":0},"b":{},"_coverageSchema":"1a1c01bbd47fc00a2c39e90264f33305004495a9","hash":"d6185aed740149bd7424a3913d795f174ccbf0ef"}
,"C:\\Users\\user\\Desktop\\CURRENT PROJECTS\\Learning Express\\express4\\errors\\badrequest.js": {"path":"C:\\Users\\user\\Desktop\\CURRENT PROJECTS\\Learning Express\\express4\\errors\\badrequest.js","statementMap":{"0":{"start":{"line":1,"column":24},"end":{"line":1,"column":52}},"1":{"start":{"line":3,"column":23},"end":{"line":3,"column":47}},"2":{"start":{"line":7,"column":8},"end":{"line":7,"column":23}},"3":{"start":{"line":8,"column":8},"end":{"line":8,"column":49}},"4":{"start":{"line":12,"column":0},"end":{"line":12,"column":36}}},"fnMap":{"0":{"name":"(anonymous_0)","decl":{"start":{"line":6,"column":4},"end":{"line":6,"column":5}},"loc":{"start":{"line":6,"column":26},"end":{"line":9,"column":5}},"line":6}},"branchMap":{},"s":{"0":2,"1":2,"2":0,"3":0,"4":2},"f":{"0":0},"b":{},"_coverageSchema":"1a1c01bbd47fc00a2c39e90264f33305004495a9","hash":"b39ec1a701f392d684714f1032f9d36313a45943"}
,"C:\\Users\\user\\Desktop\\CURRENT PROJECTS\\Learning Express\\express4\\errors\\customerror.js": {"path":"C:\\Users\\user\\Desktop\\CURRENT PROJECTS\\Learning Express\\express4\\errors\\customerror.js","statementMap":{"0":{"start":{"line":3,"column":8},"end":{"line":3,"column":23}},"1":{"start":{"line":7,"column":0},"end":{"line":7,"column":31}}},"fnMap":{"0":{"name":"(anonymous_0)","decl":{"start":{"line":2,"column":4},"end":{"line":2,"column":5}},"loc":{"start":{"line":2,"column":26},"end":{"line":4,"column":5}},"line":2}},"branchMap":{},"s":{"0":0,"1":2},"f":{"0":0},"b":{},"_coverageSchema":"1a1c01bbd47fc00a2c39e90264f33305004495a9","hash":"e96f5ceae46af3cb5b8238b21975657bb3039734"}
,"C:\\Users\\user\\Desktop\\CURRENT PROJECTS\\Learning Express\\express4\\errors\\index.js": {"path":"C:\\Users\\user\\Desktop\\CURRENT PROJECTS\\Learning Express\\express4\\errors\\index.js","statementMap":{"0":{"start":{"line":1,"column":27},"end":{"line":1,"column":50}},"1":{"start":{"line":2,"column":23},"end":{"line":2,"column":47}},"2":{"start":{"line":3,"column":25},"end":{"line":3,"column":46}},"3":{"start":{"line":4,"column":32},"end":{"line":4,"column":60}},"4":{"start":{"line":7,"column":0},"end":{"line":12,"column":1}}},"fnMap":{},"branchMap":{},"s":{"0":2,"1":2,"2":2,"3":2,"4":2},"f":{},"b":{},"_coverageSchema":"1a1c01bbd47fc00a2c39e90264f33305004495a9","hash":"0fdd779d64eadc7d1314481782dbd0f9bc89a8d2"}
,"C:\\Users\\user\\Desktop\\CURRENT PROJECTS\\Learning Express\\express4\\errors\\notfound.js": {"path":"C:\\Users\\user\\Desktop\\CURRENT PROJECTS\\Learning Express\\express4\\errors\\notfound.js","statementMap":{"0":{"start":{"line":1,"column":24},"end":{"line":1,"column":52}},"1":{"start":{"line":2,"column":23},"end":{"line":2,"column":47}},"2":{"start":{"line":6,"column":8},"end":{"line":6,"column":23}},"3":{"start":{"line":7,"column":8},"end":{"line":7,"column":47}},"4":{"start":{"line":11,"column":0},"end":{"line":11,"column":34}}},"fnMap":{"0":{"name":"(anonymous_0)","decl":{"start":{"line":5,"column":4},"end":{"line":5,"column":5}},"loc":{"start":{"line":5,"column":26},"end":{"line":8,"column":5}},"line":5}},"branchMap":{},"s":{"0":2,"1":2,"2":0,"3":0,"4":2},"f":{"0":0},"b":{},"_coverageSchema":"1a1c01bbd47fc00a2c39e90264f33305004495a9","hash":"3a20107c2d43f618fc63a27bd4ff00c3df0f98a1"}
,"C:\\Users\\user\\Desktop\\CURRENT PROJECTS\\Learning Express\\express4\\errors\\unauthenticated.js": {"path":"C:\\Users\\user\\Desktop\\CURRENT PROJECTS\\Learning Express\\express4\\errors\\unauthenticated.js","statementMap":{"0":{"start":{"line":1,"column":24},"end":{"line":1,"column":52}},"1":{"start":{"line":2,"column":23},"end":{"line":2,"column":47}},"2":{"start":{"line":6,"column":8},"end":{"line":6,"column":23}},"3":{"start":{"line":7,"column":8},"end":{"line":7,"column":61}},"4":{"start":{"line":11,"column":0},"end":{"line":11,"column":41}}},"fnMap":{"0":{"name":"(anonymous_0)","decl":{"start":{"line":5,"column":4},"end":{"line":5,"column":5}},"loc":{"start":{"line":5,"column":26},"end":{"line":8,"column":5}},"line":5}},"branchMap":{},"s":{"0":2,"1":2,"2":0,"3":0,"4":2},"f":{"0":0},"b":{},"_coverageSchema":"1a1c01bbd47fc00a2c39e90264f33305004495a9","hash":"05b2c77411ff724a13c3a496f4465a48b0ff46ea"}
,"C:\\Users\\user\\Desktop\\CURRENT PROJECTS\\Learning Express\\express4\\middlewares\\auth.js": {"path":"C:\\Users\\user\\Desktop\\CURRENT PROJECTS\\Learning Express\\express4\\middlewares\\auth.js","statementMap":{"0":{"start":{"line":1,"column":12},"end":{"line":1,"column":35}},"1":{"start":{"line":2,"column":54},"end":{"line":2,"column":74}},"2":{"start":{"line":4,"column":30},"end":{"line":15,"column":1}},"3":{"start":{"line":5,"column":19},"end":{"line":5,"column":35}},"4":{"start":{"line":6,"column":8},"end":{"line":8,"column":9}},"5":{"start":{"line":7,"column":12},"end":{"line":7,"column":59}},"6":{"start":{"line":10,"column":8},"end":{"line":12,"column":9}},"7":{"start":{"line":11,"column":12},"end":{"line":11,"column":93}},"8":{"start":{"line":14,"column":8},"end":{"line":14,"column":14}},"9":{"start":{"line":17,"column":0},"end":{"line":17,"column":38}}},"fnMap":{"0":{"name":"(anonymous_0)","decl":{"start":{"line":4,"column":30},"end":{"line":4,"column":31}},"loc":{"start":{"line":4,"column":55},"end":{"line":15,"column":1}},"line":4}},"branchMap":{"0":{"loc":{"start":{"line":6,"column":8},"end":{"line":8,"column":9}},"type":"if","locations":[{"start":{"line":6,"column":8},"end":{"line":8,"column":9}},{"start":{},"end":{}}],"line":6},"1":{"loc":{"start":{"line":10,"column":8},"end":{"line":12,"column":9}},"type":"if","locations":[{"start":{"line":10,"column":8},"end":{"line":12,"column":9}},{"start":{},"end":{}}],"line":10}},"s":{"0":2,"1":2,"2":2,"3":0,"4":0,"5":0,"6":0,"7":0,"8":0,"9":2},"f":{"0":0},"b":{"0":[0,0],"1":[0,0]},"_coverageSchema":"1a1c01bbd47fc00a2c39e90264f33305004495a9","hash":"67c571d0ad3987a78857159a7dbb2b9d6b3c0d14"}
,"C:\\Users\\user\\Desktop\\CURRENT PROJECTS\\Learning Express\\express4\\middlewares\\budgetValidator.js": {"path":"C:\\Users\\user\\Desktop\\CURRENT PROJECTS\\Learning Express\\express4\\middlewares\\budgetValidator.js","statementMap":{"0":{"start":{"line":1,"column":24},"end":{"line":1,"column":52}},"1":{"start":{"line":2,"column":12},"end":{"line":2,"column":26}},"2":{"start":{"line":4,"column":24},"end":{"line":13,"column":1}},"3":{"start":{"line":5,"column":4},"end":{"line":12,"column":5}},"4":{"start":{"line":6,"column":24},"end":{"line":6,"column":32}},"5":{"start":{"line":7,"column":8},"end":{"line":7,"column":49}},"6":{"start":{"line":8,"column":8},"end":{"line":8,"column":14}},"7":{"start":{"line":10,"column":8},"end":{"line":10,"column":26}},"8":{"start":{"line":11,"column":8},"end":{"line":11,"column":94}},"9":{"start":{"line":15,"column":21},"end":{"line":25,"column":2}},"10":{"start":{"line":27,"column":0},"end":{"line":27,"column":32}}},"fnMap":{"0":{"name":"(anonymous_0)","decl":{"start":{"line":4,"column":24},"end":{"line":4,"column":25}},"loc":{"start":{"line":4,"column":50},"end":{"line":13,"column":1}},"line":4}},"branchMap":{},"s":{"0":2,"1":2,"2":2,"3":1,"4":1,"5":1,"6":1,"7":0,"8":0,"9":2,"10":2},"f":{"0":1},"b":{},"_coverageSchema":"1a1c01bbd47fc00a2c39e90264f33305004495a9","hash":"7a2842a2aa994cd7c7ba3748d938eaf67af14331"}
,"C:\\Users\\user\\Desktop\\CURRENT PROJECTS\\Learning Express\\express4\\middlewares\\errorhandler.js": {"path":"C:\\Users\\user\\Desktop\\CURRENT PROJECTS\\Learning Express\\express4\\middlewares\\errorhandler.js","statementMap":{"0":{"start":{"line":1,"column":24},"end":{"line":1,"column":52}},"1":{"start":{"line":3,"column":31},"end":{"line":28,"column":1}},"2":{"start":{"line":4,"column":24},"end":{"line":7,"column":5}},"3":{"start":{"line":9,"column":4},"end":{"line":14,"column":5}},"4":{"start":{"line":10,"column":8},"end":{"line":12,"column":18}},"5":{"start":{"line":11,"column":21},"end":{"line":11,"column":33}},"6":{"start":{"line":13,"column":8},"end":{"line":13,"column":36}},"7":{"start":{"line":16,"column":4},"end":{"line":20,"column":5}},"8":{"start":{"line":17,"column":8},"end":{"line":18,"column":38}},"9":{"start":{"line":19,"column":8},"end":{"line":19,"column":36}},"10":{"start":{"line":22,"column":4},"end":{"line":25,"column":5}},"11":{"start":{"line":23,"column":8},"end":{"line":23,"column":58}},"12":{"start":{"line":24,"column":8},"end":{"line":24,"column":36}},"13":{"start":{"line":27,"column":4},"end":{"line":27,"column":75}},"14":{"start":{"line":30,"column":0},"end":{"line":30,"column":39}}},"fnMap":{"0":{"name":"(anonymous_0)","decl":{"start":{"line":3,"column":31},"end":{"line":3,"column":32}},"loc":{"start":{"line":3,"column":56},"end":{"line":28,"column":1}},"line":3},"1":{"name":"(anonymous_1)","decl":{"start":{"line":11,"column":13},"end":{"line":11,"column":14}},"loc":{"start":{"line":11,"column":21},"end":{"line":11,"column":33}},"line":11}},"branchMap":{"0":{"loc":{"start":{"line":5,"column":21},"end":{"line":5,"column":72}},"type":"binary-expr","locations":[{"start":{"line":5,"column":21},"end":{"line":5,"column":35}},{"start":{"line":5,"column":39},"end":{"line":5,"column":72}}],"line":5},"1":{"loc":{"start":{"line":6,"column":14},"end":{"line":6,"column":75}},"type":"binary-expr","locations":[{"start":{"line":6,"column":14},"end":{"line":6,"column":25}},{"start":{"line":6,"column":29},"end":{"line":6,"column":75}}],"line":6},"2":{"loc":{"start":{"line":9,"column":4},"end":{"line":14,"column":5}},"type":"if","locations":[{"start":{"line":9,"column":4},"end":{"line":14,"column":5}},{"start":{},"end":{}}],"line":9},"3":{"loc":{"start":{"line":16,"column":4},"end":{"line":20,"column":5}},"type":"if","locations":[{"start":{"line":16,"column":4},"end":{"line":20,"column":5}},{"start":{},"end":{}}],"line":16},"4":{"loc":{"start":{"line":16,"column":8},"end":{"line":16,"column":37}},"type":"binary-expr","locations":[{"start":{"line":16,"column":8},"end":{"line":16,"column":16}},{"start":{"line":16,"column":20},"end":{"line":16,"column":37}}],"line":16},"5":{"loc":{"start":{"line":22,"column":4},"end":{"line":25,"column":5}},"type":"if","locations":[{"start":{"line":22,"column":4},"end":{"line":25,"column":5}},{"start":{},"end":{}}],"line":22}},"s":{"0":2,"1":2,"2":0,"3":0,"4":0,"5":0,"6":0,"7":0,"8":0,"9":0,"10":0,"11":0,"12":0,"13":0,"14":2},"f":{"0":0,"1":0},"b":{"0":[0,0],"1":[0,0],"2":[0,0],"3":[0,0],"4":[0,0],"5":[0,0]},"_coverageSchema":"1a1c01bbd47fc00a2c39e90264f33305004495a9","hash":"c881ef2b76aeba1d8a80cdda8bd6781b0652b160"}
,"C:\\Users\\user\\Desktop\\CURRENT PROJECTS\\Learning Express\\express4\\middlewares\\notfound.js": {"path":"C:\\Users\\user\\Desktop\\CURRENT PROJECTS\\Learning Express\\express4\\middlewares\\notfound.js","statementMap":{"0":{"start":{"line":1,"column":24},"end":{"line":1,"column":52}},"1":{"start":{"line":3,"column":27},"end":{"line":5,"column":1}},"2":{"start":{"line":4,"column":4},"end":{"line":4,"column":90}},"3":{"start":{"line":7,"column":0},"end":{"line":7,"column":35}}},"fnMap":{"0":{"name":"(anonymous_0)","decl":{"start":{"line":3,"column":27},"end":{"line":3,"column":28}},"loc":{"start":{"line":3,"column":41},"end":{"line":5,"column":1}},"line":3}},"branchMap":{},"s":{"0":2,"1":2,"2":0,"3":2},"f":{"0":0},"b":{},"_coverageSchema":"1a1c01bbd47fc00a2c39e90264f33305004495a9","hash":"1f0ea63df143483fbe487a6475cdcf89849850f7"}
,"C:\\Users\\user\\Desktop\\CURRENT PROJECTS\\Learning Express\\express4\\middlewares\\userValidator.js": {"path":"C:\\Users\\user\\Desktop\\CURRENT PROJECTS\\Learning Express\\express4\\middlewares\\userValidator.js","statementMap":{"0":{"start":{"line":1,"column":24},"end":{"line":1,"column":52}},"1":{"start":{"line":2,"column":12},"end":{"line":2,"column":26}},"2":{"start":{"line":4,"column":22},"end":{"line":15,"column":1}},"3":{"start":{"line":5,"column":4},"end":{"line":14,"column":5}},"4":{"start":{"line":6,"column":24},"end":{"line":6,"column":32}},"5":{"start":{"line":8,"column":8},"end":{"line":8,"column":47}},"6":{"start":{"line":10,"column":8},"end":{"line":10,"column":14}},"7":{"start":{"line":12,"column":8},"end":{"line":12,"column":26}},"8":{"start":{"line":13,"column":8},"end":{"line":13,"column":94}},"9":{"start":{"line":17,"column":19},"end":{"line":32,"column":2}},"10":{"start":{"line":34,"column":0},"end":{"line":34,"column":30}}},"fnMap":{"0":{"name":"(anonymous_0)","decl":{"start":{"line":4,"column":22},"end":{"line":4,"column":23}},"loc":{"start":{"line":4,"column":48},"end":{"line":15,"column":1}},"line":4}},"branchMap":{},"s":{"0":2,"1":2,"2":2,"3":2,"4":2,"5":2,"6":2,"7":0,"8":0,"9":2,"10":2},"f":{"0":2},"b":{},"_coverageSchema":"1a1c01bbd47fc00a2c39e90264f33305004495a9","hash":"4de6bceb39cde01005ad8c0a4b1daeb78800d58e"}
,"C:\\Users\\user\\Desktop\\CURRENT PROJECTS\\Learning Express\\express4\\models\\auth.js": {"path":"C:\\Users\\user\\Desktop\\CURRENT PROJECTS\\Learning Express\\express4\\models\\auth.js","statementMap":{"0":{"start":{"line":1,"column":17},"end":{"line":1,"column":36}},"1":{"start":{"line":2,"column":15},"end":{"line":2,"column":34}},"2":{"start":{"line":3,"column":12},"end":{"line":3,"column":35}},"3":{"start":{"line":5,"column":18},"end":{"line":26,"column":22}},"4":{"start":{"line":28,"column":0},"end":{"line":31,"column":2}},"5":{"start":{"line":29,"column":17},"end":{"line":29,"column":41}},"6":{"start":{"line":30,"column":4},"end":{"line":30,"column":58}},"7":{"start":{"line":33,"column":0},"end":{"line":35,"column":1}},"8":{"start":{"line":34,"column":4},"end":{"line":34,"column":24}},"9":{"start":{"line":37,"column":0},"end":{"line":42,"column":1}},"10":{"start":{"line":38,"column":4},"end":{"line":41,"column":48}},"11":{"start":{"line":44,"column":0},"end":{"line":47,"column":1}},"12":{"start":{"line":45,"column":20},"end":{"line":45,"column":74}},"13":{"start":{"line":46,"column":4},"end":{"line":46,"column":18}},"14":{"start":{"line":50,"column":0},"end":{"line":50,"column":50}}},"fnMap":{"0":{"name":"(anonymous_0)","decl":{"start":{"line":28,"column":22},"end":{"line":28,"column":23}},"loc":{"start":{"line":28,"column":40},"end":{"line":31,"column":1}},"line":28},"1":{"name":"(anonymous_1)","decl":{"start":{"line":33,"column":32},"end":{"line":33,"column":33}},"loc":{"start":{"line":33,"column":44},"end":{"line":35,"column":1}},"line":33},"2":{"name":"(anonymous_2)","decl":{"start":{"line":37,"column":30},"end":{"line":37,"column":31}},"loc":{"start":{"line":37,"column":42},"end":{"line":42,"column":1}},"line":37},"3":{"name":"(anonymous_3)","decl":{"start":{"line":44,"column":36},"end":{"line":44,"column":37}},"loc":{"start":{"line":44,"column":71},"end":{"line":47,"column":1}},"line":44}},"branchMap":{},"s":{"0":2,"1":2,"2":2,"3":2,"4":2,"5":2,"6":2,"7":2,"8":0,"9":2,"10":3,"11":2,"12":1,"13":1,"14":2},"f":{"0":2,"1":0,"2":3,"3":1},"b":{},"_coverageSchema":"1a1c01bbd47fc00a2c39e90264f33305004495a9","hash":"0d9863656d2407e56e648c0b31ea66333e7d075a"}
,"C:\\Users\\user\\Desktop\\CURRENT PROJECTS\\Learning Express\\express4\\models\\budget.js": {"path":"C:\\Users\\user\\Desktop\\CURRENT PROJECTS\\Learning Express\\express4\\models\\budget.js","statementMap":{"0":{"start":{"line":1,"column":17},"end":{"line":1,"column":36}},"1":{"start":{"line":3,"column":21},"end":{"line":25,"column":2}},"2":{"start":{"line":27,"column":0},"end":{"line":27,"column":41}},"3":{"start":{"line":29,"column":0},"end":{"line":29,"column":55}}},"fnMap":{},"branchMap":{},"s":{"0":2,"1":2,"2":2,"3":2},"f":{},"b":{},"_coverageSchema":"1a1c01bbd47fc00a2c39e90264f33305004495a9","hash":"400a1e369dd95b2a957f393f90c60c38d49ad1c9"}
,"C:\\Users\\user\\Desktop\\CURRENT PROJECTS\\Learning Express\\express4\\routes\\auth.js": {"path":"C:\\Users\\user\\Desktop\\CURRENT PROJECTS\\Learning Express\\express4\\routes\\auth.js","statementMap":{"0":{"start":{"line":1,"column":16},"end":{"line":1,"column":34}},"1":{"start":{"line":2,"column":16},"end":{"line":2,"column":32}},"2":{"start":{"line":3,"column":22},"end":{"line":3,"column":61}},"3":{"start":{"line":5,"column":34},"end":{"line":5,"column":64}},"4":{"start":{"line":7,"column":0},"end":{"line":7,"column":59}},"5":{"start":{"line":8,"column":0},"end":{"line":8,"column":38}},"6":{"start":{"line":11,"column":0},"end":{"line":11,"column":23}}},"fnMap":{},"branchMap":{},"s":{"0":2,"1":2,"2":2,"3":2,"4":2,"5":2,"6":2},"f":{},"b":{},"_coverageSchema":"1a1c01bbd47fc00a2c39e90264f33305004495a9","hash":"b7e8ac251dfea5955981251aea891c57765a17e4"}
,"C:\\Users\\user\\Desktop\\CURRENT PROJECTS\\Learning Express\\express4\\routes\\budget.js": {"path":"C:\\Users\\user\\Desktop\\CURRENT PROJECTS\\Learning Express\\express4\\routes\\budget.js","statementMap":{"0":{"start":{"line":1,"column":16},"end":{"line":1,"column":34}},"1":{"start":{"line":2,"column":15},"end":{"line":2,"column":31}},"2":{"start":{"line":3,"column":24},"end":{"line":3,"column":65}},"3":{"start":{"line":5,"column":83},"end":{"line":5,"column":115}},"4":{"start":{"line":7,"column":0},"end":{"line":7,"column":78}},"5":{"start":{"line":8,"column":0},"end":{"line":8,"column":89}},"6":{"start":{"line":10,"column":0},"end":{"line":10,"column":23}}},"fnMap":{},"branchMap":{},"s":{"0":2,"1":2,"2":2,"3":2,"4":2,"5":2,"6":2},"f":{},"b":{},"_coverageSchema":"1a1c01bbd47fc00a2c39e90264f33305004495a9","hash":"5166039905e7c53c49ba0ea99864562e5a372dc3"}
,"C:\\Users\\user\\Desktop\\CURRENT PROJECTS\\Learning Express\\express4\\utils\\apifeatures.js": {"path":"C:\\Users\\user\\Desktop\\CURRENT PROJECTS\\Learning Express\\express4\\utils\\apifeatures.js","statementMap":{"0":{"start":{"line":3,"column":8},"end":{"line":3,"column":26}},"1":{"start":{"line":4,"column":8},"end":{"line":4,"column":38}},"2":{"start":{"line":8,"column":25},"end":{"line":8,"column":46}},"3":{"start":{"line":9,"column":31},"end":{"line":9,"column":65}},"4":{"start":{"line":10,"column":8},"end":{"line":10,"column":59}},"5":{"start":{"line":10,"column":39},"end":{"line":10,"column":58}},"6":{"start":{"line":14,"column":23},"end":{"line":14,"column":47}},"7":{"start":{"line":15,"column":8},"end":{"line":18,"column":9}},"8":{"start":{"line":17,"column":23},"end":{"line":17,"column":34}},"9":{"start":{"line":20,"column":26},"end":{"line":20,"column":46}},"10":{"start":{"line":22,"column":8},"end":{"line":31,"column":9}},"11":{"start":{"line":23,"column":35},"end":{"line":23,"column":57}},"12":{"start":{"line":25,"column":12},"end":{"line":28,"column":13}},"13":{"start":{"line":30,"column":12},"end":{"line":30,"column":41}},"14":{"start":{"line":32,"column":8},"end":{"line":32,"column":49}},"15":{"start":{"line":34,"column":8},"end":{"line":34,"column":19}},"16":{"start":{"line":38,"column":8},"end":{"line":44,"column":9}},"17":{"start":{"line":39,"column":29},"end":{"line":39,"column":71}},"18":{"start":{"line":40,"column":12},"end":{"line":40,"column":50}},"19":{"start":{"line":43,"column":12},"end":{"line":43,"column":54}},"20":{"start":{"line":45,"column":8},"end":{"line":45,"column":19}},"21":{"start":{"line":49,"column":8},"end":{"line":52,"column":9}},"22":{"start":{"line":50,"column":30},"end":{"line":50,"column":73}},"23":{"start":{"line":51,"column":12},"end":{"line":51,"column":53}},"24":{"start":{"line":53,"column":8},"end":{"line":53,"column":19}},"25":{"start":{"line":57,"column":21},"end":{"line":57,"column":47}},"26":{"start":{"line":58,"column":22},"end":{"line":58,"column":49}},"27":{"start":{"line":59,"column":21},"end":{"line":59,"column":39}},"28":{"start":{"line":61,"column":8},"end":{"line":61,"column":55}},"29":{"start":{"line":62,"column":8},"end":{"line":62,"column":19}},"30":{"start":{"line":66,"column":0},"end":{"line":66,"column":28}}},"fnMap":{"0":{"name":"(anonymous_0)","decl":{"start":{"line":2,"column":4},"end":{"line":2,"column":5}},"loc":{"start":{"line":2,"column":37},"end":{"line":5,"column":5}},"line":2},"1":{"name":"(anonymous_1)","decl":{"start":{"line":7,"column":4},"end":{"line":7,"column":5}},"loc":{"start":{"line":7,"column":14},"end":{"line":35,"column":5}},"line":7},"2":{"name":"(anonymous_2)","decl":{"start":{"line":10,"column":31},"end":{"line":10,"column":32}},"loc":{"start":{"line":10,"column":39},"end":{"line":10,"column":58}},"line":10},"3":{"name":"(anonymous_3)","decl":{"start":{"line":17,"column":12},"end":{"line":17,"column":13}},"loc":{"start":{"line":17,"column":23},"end":{"line":17,"column":34}},"line":17},"4":{"name":"(anonymous_4)","decl":{"start":{"line":37,"column":4},"end":{"line":37,"column":5}},"loc":{"start":{"line":37,"column":12},"end":{"line":46,"column":5}},"line":37},"5":{"name":"(anonymous_5)","decl":{"start":{"line":48,"column":4},"end":{"line":48,"column":5}},"loc":{"start":{"line":48,"column":13},"end":{"line":54,"column":5}},"line":48},"6":{"name":"(anonymous_6)","decl":{"start":{"line":56,"column":4},"end":{"line":56,"column":5}},"loc":{"start":{"line":56,"column":16},"end":{"line":63,"column":5}},"line":56}},"branchMap":{"0":{"loc":{"start":{"line":22,"column":8},"end":{"line":31,"column":9}},"type":"if","locations":[{"start":{"line":22,"column":8},"end":{"line":31,"column":9}},{"start":{},"end":{}}],"line":22},"1":{"loc":{"start":{"line":38,"column":8},"end":{"line":44,"column":9}},"type":"if","locations":[{"start":{"line":38,"column":8},"end":{"line":44,"column":9}},{"start":{"line":42,"column":13},"end":{"line":44,"column":9}}],"line":38},"2":{"loc":{"start":{"line":49,"column":8},"end":{"line":52,"column":9}},"type":"if","locations":[{"start":{"line":49,"column":8},"end":{"line":52,"column":9}},{"start":{},"end":{}}],"line":49},"3":{"loc":{"start":{"line":57,"column":21},"end":{"line":57,"column":47}},"type":"binary-expr","locations":[{"start":{"line":57,"column":21},"end":{"line":57,"column":42}},{"start":{"line":57,"column":46},"end":{"line":57,"column":47}}],"line":57},"4":{"loc":{"start":{"line":58,"column":22},"end":{"line":58,"column":49}},"type":"binary-expr","locations":[{"start":{"line":58,"column":22},"end":{"line":58,"column":44}},{"start":{"line":58,"column":48},"end":{"line":58,"column":49}}],"line":58}},"s":{"0":1,"1":1,"2":1,"3":1,"4":1,"5":4,"6":1,"7":1,"8":0,"9":1,"10":1,"11":0,"12":0,"13":0,"14":1,"15":1,"16":1,"17":0,"18":0,"19":1,"20":1,"21":1,"22":0,"23":0,"24":1,"25":1,"26":1,"27":1,"28":1,"29":1,"30":2},"f":{"0":1,"1":1,"2":4,"3":0,"4":1,"5":1,"6":1},"b":{"0":[0,1],"1":[0,1],"2":[0,1],"3":[1,1],"4":[1,1]},"_coverageSchema":"1a1c01bbd47fc00a2c39e90264f33305004495a9","hash":"9aabcab43e057b5ceac4084d4a8c360229015d33"}
}
