TN:
SF:app.js
FNF:0
FNH:0
DA:1,2
DA:2,2
DA:4,2
DA:5,2
DA:6,2
DA:7,2
DA:8,2
DA:9,2
DA:10,2
DA:11,2
DA:12,2
DA:14,2
DA:15,2
DA:17,2
DA:18,2
DA:20,2
DA:21,2
DA:23,2
LF:18
LH:18
BRF:0
BRH:0
end_of_record
TN:
SF:controllers\auth.js
FN:5,(anonymous_0)
FN:33,(anonymous_1)
FNF:2
FNH:2
FNDA:2,(anonymous_0)
FNDA:1,(anonymous_1)
DA:1,2
DA:2,2
DA:3,2
DA:5,2
DA:6,2
DA:7,2
DA:9,2
DA:10,0
DA:13,2
DA:15,2
DA:16,0
DA:19,2
DA:21,2
DA:24,2
DA:26,2
DA:28,0
DA:29,0
DA:33,2
DA:34,1
DA:35,1
DA:37,1
DA:38,0
DA:41,1
DA:43,1
DA:44,0
DA:47,1
DA:49,1
DA:50,0
DA:53,1
DA:55,1
DA:57,1
DA:60,0
DA:61,0
LF:33
LH:24
BRDA:9,0,0,0
BRDA:9,0,1,2
BRDA:9,1,0,2
BRDA:9,1,1,2
BRDA:9,1,2,2
BRDA:15,2,0,0
BRDA:15,2,1,2
BRDA:37,3,0,0
BRDA:37,3,1,1
BRDA:37,4,0,1
BRDA:37,4,1,1
BRDA:43,5,0,0
BRDA:43,5,1,1
BRDA:49,6,0,0
BRDA:49,6,1,1
BRF:15
BRH:10
end_of_record
TN:
SF:controllers\budget.js
FN:7,(anonymous_0)
FN:27,(anonymous_1)
FN:125,(anonymous_2)
FN:146,(anonymous_3)
FN:159,(anonymous_4)
FNF:5
FNH:5
FNDA:1,(anonymous_0)
FNDA:1,(anonymous_1)
FNDA:1,(anonymous_2)
FNDA:1,(anonymous_3)
FNDA:1,(anonymous_4)
DA:1,2
DA:2,2
DA:3,2
DA:4,2
DA:5,2
DA:7,2
DA:8,1
DA:9,1
DA:11,1
DA:13,1
DA:15,1
DA:17,1
DA:19,1
DA:22,0
DA:23,0
DA:27,2
DA:103,1
DA:104,1
DA:110,1
DA:111,1
DA:113,1
DA:117,0
DA:118,0
DA:125,2
DA:126,1
DA:127,1
DA:128,1
DA:129,1
DA:131,1
DA:133,1
DA:135,1
DA:136,0
DA:139,1
DA:141,0
DA:142,0
DA:146,2
DA:147,1
DA:148,1
DA:150,1
DA:152,1
DA:154,0
DA:155,0
DA:159,2
DA:160,1
DA:161,1
DA:162,1
DA:163,1
DA:165,1
DA:167,1
DA:169,1
DA:170,0
DA:173,1
DA:175,0
DA:176,0
LF:54
LH:42
BRDA:135,0,0,0
BRDA:135,0,1,1
BRDA:169,1,0,0
BRDA:169,1,1,1
BRF:4
BRH:2
end_of_record
TN:
SF:db\connect.js
FN:3,(anonymous_0)
FNF:1
FNH:0
FNDA:0,(anonymous_0)
DA:1,2
DA:3,2
DA:4,0
DA:10,2
LF:4
LH:3
BRF:0
BRH:0
end_of_record
TN:
SF:errors\badrequest.js
FN:6,(anonymous_0)
FNF:1
FNH:0
FNDA:0,(anonymous_0)
DA:1,2
DA:3,2
DA:7,0
DA:8,0
DA:12,2
LF:5
LH:3
BRF:0
BRH:0
end_of_record
TN:
SF:errors\customerror.js
FN:2,(anonymous_0)
FNF:1
FNH:0
FNDA:0,(anonymous_0)
DA:3,0
DA:7,2
LF:2
LH:1
BRF:0
BRH:0
end_of_record
TN:
SF:errors\index.js
FNF:0
FNH:0
DA:1,2
DA:2,2
DA:3,2
DA:4,2
DA:7,2
LF:5
LH:5
BRF:0
BRH:0
end_of_record
TN:
SF:errors\notfound.js
FN:5,(anonymous_0)
FNF:1
FNH:0
FNDA:0,(anonymous_0)
DA:1,2
DA:2,2
DA:6,0
DA:7,0
DA:11,2
LF:5
LH:3
BRF:0
BRH:0
end_of_record
TN:
SF:errors\unauthenticated.js
FN:5,(anonymous_0)
FNF:1
FNH:0
FNDA:0,(anonymous_0)
DA:1,2
DA:2,2
DA:6,0
DA:7,0
DA:11,2
LF:5
LH:3
BRF:0
BRH:0
end_of_record
TN:
SF:middlewares\auth.js
FN:4,(anonymous_0)
FNF:1
FNH:0
FNDA:0,(anonymous_0)
DA:1,2
DA:2,2
DA:4,2
DA:5,0
DA:6,0
DA:7,0
DA:10,0
DA:11,0
DA:14,0
DA:17,2
LF:10
LH:4
BRDA:6,0,0,0
BRDA:6,0,1,0
BRDA:10,1,0,0
BRDA:10,1,1,0
BRF:4
BRH:0
end_of_record
TN:
SF:middlewares\budgetValidator.js
FN:4,(anonymous_0)
FNF:1
FNH:1
FNDA:1,(anonymous_0)
DA:1,2
DA:2,2
DA:4,2
DA:5,1
DA:6,1
DA:7,1
DA:8,1
DA:10,0
DA:11,0
DA:15,2
DA:27,2
LF:11
LH:9
BRF:0
BRH:0
end_of_record
TN:
SF:middlewares\errorhandler.js
FN:3,(anonymous_0)
FN:11,(anonymous_1)
FNF:2
FNH:0
FNDA:0,(anonymous_0)
FNDA:0,(anonymous_1)
DA:1,2
DA:3,2
DA:4,0
DA:9,0
DA:10,0
DA:11,0
DA:13,0
DA:16,0
DA:17,0
DA:19,0
DA:22,0
DA:23,0
DA:24,0
DA:27,0
DA:30,2
LF:15
LH:3
BRDA:5,0,0,0
BRDA:5,0,1,0
BRDA:6,1,0,0
BRDA:6,1,1,0
BRDA:9,2,0,0
BRDA:9,2,1,0
BRDA:16,3,0,0
BRDA:16,3,1,0
BRDA:16,4,0,0
BRDA:16,4,1,0
BRDA:22,5,0,0
BRDA:22,5,1,0
BRF:12
BRH:0
end_of_record
TN:
SF:middlewares\notfound.js
FN:3,(anonymous_0)
FNF:1
FNH:0
FNDA:0,(anonymous_0)
DA:1,2
DA:3,2
DA:4,0
DA:7,2
LF:4
LH:3
BRF:0
BRH:0
end_of_record
TN:
SF:middlewares\userValidator.js
FN:4,(anonymous_0)
FNF:1
FNH:1
FNDA:2,(anonymous_0)
DA:1,2
DA:2,2
DA:4,2
DA:5,2
DA:6,2
DA:8,2
DA:10,2
DA:12,0
DA:13,0
DA:17,2
DA:34,2
LF:11
LH:9
BRF:0
BRH:0
end_of_record
TN:
SF:models\auth.js
FN:28,(anonymous_0)
FN:33,(anonymous_1)
FN:37,(anonymous_2)
FN:44,(anonymous_3)
FNF:4
FNH:3
FNDA:2,(anonymous_0)
FNDA:0,(anonymous_1)
FNDA:3,(anonymous_2)
FNDA:1,(anonymous_3)
DA:1,2
DA:2,2
DA:3,2
DA:5,2
DA:28,2
DA:29,2
DA:30,2
DA:33,2
DA:34,0
DA:37,2
DA:38,3
DA:44,2
DA:45,1
DA:46,1
DA:50,2
LF:15
LH:14
BRF:0
BRH:0
end_of_record
TN:
SF:models\budget.js
FNF:0
FNH:0
DA:1,2
DA:3,2
DA:27,2
DA:29,2
LF:4
LH:4
BRF:0
BRH:0
end_of_record
TN:
SF:routes\auth.js
FNF:0
FNH:0
DA:1,2
DA:2,2
DA:3,2
DA:5,2
DA:7,2
DA:8,2
DA:11,2
LF:7
LH:7
BRF:0
BRH:0
end_of_record
TN:
SF:routes\budget.js
FNF:0
FNH:0
DA:1,2
DA:2,2
DA:3,2
DA:5,2
DA:7,2
DA:8,2
DA:10,2
LF:7
LH:7
BRF:0
BRH:0
end_of_record
TN:
SF:utils\apifeatures.js
FN:2,(anonymous_0)
FN:7,(anonymous_1)
FN:10,(anonymous_2)
FN:17,(anonymous_3)
FN:37,(anonymous_4)
FN:48,(anonymous_5)
FN:56,(anonymous_6)
FNF:7
FNH:6
FNDA:1,(anonymous_0)
FNDA:1,(anonymous_1)
FNDA:4,(anonymous_2)
FNDA:0,(anonymous_3)
FNDA:1,(anonymous_4)
FNDA:1,(anonymous_5)
FNDA:1,(anonymous_6)
DA:3,1
DA:4,1
DA:8,1
DA:9,1
DA:10,4
DA:14,1
DA:15,1
DA:17,0
DA:20,1
DA:22,1
DA:23,0
DA:25,0
DA:30,0
DA:32,1
DA:34,1
DA:38,1
DA:39,0
DA:40,0
DA:43,1
DA:45,1
DA:49,1
DA:50,0
DA:51,0
DA:53,1
DA:57,1
DA:58,1
DA:59,1
DA:61,1
DA:62,1
DA:66,2
LF:30
LH:22
BRDA:22,0,0,0
BRDA:22,0,1,1
BRDA:38,1,0,0
BRDA:38,1,1,1
BRDA:49,2,0,0
BRDA:49,2,1,1
BRDA:57,3,0,1
BRDA:57,3,1,1
BRDA:58,4,0,1
BRDA:58,4,1,1
BRF:10
BRH:7
end_of_record
