{"C:\\Users\\user\\Desktop\\CURRENT PROJECTS\\Learning Express\\express3\\app.js": {"path":"C:\\Users\\user\\Desktop\\CURRENT PROJECTS\\Learning Express\\express3\\app.js","statementMap":{"0":{"start":{"line":1,"column":0},"end":{"line":1,"column":26}},"1":{"start":{"line":2,"column":0},"end":{"line":2,"column":31}},"2":{"start":{"line":4,"column":16},"end":{"line":4,"column":34}},"3":{"start":{"line":5,"column":12},"end":{"line":5,"column":21}},"4":{"start":{"line":7,"column":21},"end":{"line":7,"column":45}},"5":{"start":{"line":10,"column":19},"end":{"line":10,"column":43}},"6":{"start":{"line":11,"column":21},"end":{"line":11,"column":47}},"7":{"start":{"line":14,"column":23},"end":{"line":14,"column":51}},"8":{"start":{"line":15,"column":27},"end":{"line":15,"column":59}},"9":{"start":{"line":16,"column":28},"end":{"line":16,"column":64}},"10":{"start":{"line":18,"column":0},"end":{"line":18,"column":23}},"11":{"start":{"line":19,"column":0},"end":{"line":19,"column":23}},"12":{"start":{"line":20,"column":0},"end":{"line":20,"column":46}},"13":{"start":{"line":22,"column":0},"end":{"line":22,"column":24}},"14":{"start":{"line":24,"column":0},"end":{"line":24,"column":42}},"15":{"start":{"line":27,"column":0},"end":{"line":27,"column":28}},"16":{"start":{"line":28,"column":0},"end":{"line":28,"column":27}},"17":{"start":{"line":30,"column":0},"end":{"line":30,"column":20}}},"fnMap":{},"branchMap":{},"s":{"0":2,"1":2,"2":2,"3":2,"4":2,"5":2,"6":2,"7":2,"8":2,"9":2,"10":2,"11":2,"12":2,"13":2,"14":2,"15":2,"16":2,"17":2},"f":{},"b":{},"_coverageSchema":"1a1c01bbd47fc00a2c39e90264f33305004495a9","hash":"d7225dd33573829e5b00fd0952e56843d21c1557"}
,"C:\\Users\\user\\Desktop\\CURRENT PROJECTS\\Learning Express\\express3\\controllers\\auth.js": {"path":"C:\\Users\\user\\Desktop\\CURRENT PROJECTS\\Learning Express\\express3\\controllers\\auth.js","statementMap":{"0":{"start":{"line":1,"column":24},"end":{"line":1,"column":52}},"1":{"start":{"line":2,"column":49},"end":{"line":2,"column":69}},"2":{"start":{"line":3,"column":13},"end":{"line":3,"column":38}},"3":{"start":{"line":5,"column":0},"end":{"line":29,"column":1}},"4":{"start":{"line":6,"column":4},"end":{"line":28,"column":5}},"5":{"start":{"line":7,"column":44},"end":{"line":7,"column":52}},"6":{"start":{"line":9,"column":8},"end":{"line":11,"column":9}},"7":{"start":{"line":10,"column":12},"end":{"line":10,"column":96}},"8":{"start":{"line":13,"column":21},"end":{"line":13,"column":48}},"9":{"start":{"line":15,"column":8},"end":{"line":17,"column":9}},"10":{"start":{"line":16,"column":12},"end":{"line":16,"column":134}},"11":{"start":{"line":19,"column":24},"end":{"line":19,"column":56}},"12":{"start":{"line":21,"column":22},"end":{"line":21,"column":41}},"13":{"start":{"line":23,"column":8},"end":{"line":23,"column":105}},"14":{"start":{"line":24,"column":8},"end":{"line":24,"column":83}},"15":{"start":{"line":26,"column":8},"end":{"line":26,"column":26}},"16":{"start":{"line":27,"column":8},"end":{"line":27,"column":90}},"17":{"start":{"line":32,"column":0},"end":{"line":62,"column":1}},"18":{"start":{"line":33,"column":2},"end":{"line":61,"column":3}},"19":{"start":{"line":34,"column":30},"end":{"line":34,"column":38}},"20":{"start":{"line":36,"column":4},"end":{"line":38,"column":5}},"21":{"start":{"line":37,"column":8},"end":{"line":37,"column":82}},"22":{"start":{"line":40,"column":17},"end":{"line":40,"column":44}},"23":{"start":{"line":42,"column":4},"end":{"line":44,"column":5}},"24":{"start":{"line":43,"column":8},"end":{"line":43,"column":74}},"25":{"start":{"line":46,"column":29},"end":{"line":46,"column":65}},"26":{"start":{"line":48,"column":4},"end":{"line":50,"column":5}},"27":{"start":{"line":49,"column":8},"end":{"line":49,"column":71}},"28":{"start":{"line":52,"column":18},"end":{"line":52,"column":34}},"29":{"start":{"line":54,"column":4},"end":{"line":54,"column":99}},"30":{"start":{"line":56,"column":4},"end":{"line":56,"column":57}},"31":{"start":{"line":59,"column":4},"end":{"line":59,"column":22}},"32":{"start":{"line":60,"column":4},"end":{"line":60,"column":86}}},"fnMap":{"0":{"name":"(anonymous_0)","decl":{"start":{"line":5,"column":23},"end":{"line":5,"column":24}},"loc":{"start":{"line":5,"column":43},"end":{"line":29,"column":1}},"line":5},"1":{"name":"(anonymous_1)","decl":{"start":{"line":32,"column":20},"end":{"line":32,"column":21}},"loc":{"start":{"line":32,"column":40},"end":{"line":62,"column":1}},"line":32}},"branchMap":{"0":{"loc":{"start":{"line":9,"column":8},"end":{"line":11,"column":9}},"type":"if","locations":[{"start":{"line":9,"column":8},"end":{"line":11,"column":9}},{"start":{},"end":{}}],"line":9},"1":{"loc":{"start":{"line":9,"column":12},"end":{"line":9,"column":44}},"type":"binary-expr","locations":[{"start":{"line":9,"column":12},"end":{"line":9,"column":21}},{"start":{"line":9,"column":25},"end":{"line":9,"column":31}},{"start":{"line":9,"column":35},"end":{"line":9,"column":44}}],"line":9},"2":{"loc":{"start":{"line":15,"column":8},"end":{"line":17,"column":9}},"type":"if","locations":[{"start":{"line":15,"column":8},"end":{"line":17,"column":9}},{"start":{},"end":{}}],"line":15},"3":{"loc":{"start":{"line":36,"column":4},"end":{"line":38,"column":5}},"type":"if","locations":[{"start":{"line":36,"column":4},"end":{"line":38,"column":5}},{"start":{},"end":{}}],"line":36},"4":{"loc":{"start":{"line":36,"column":8},"end":{"line":36,"column":27}},"type":"binary-expr","locations":[{"start":{"line":36,"column":8},"end":{"line":36,"column":14}},{"start":{"line":36,"column":18},"end":{"line":36,"column":27}}],"line":36},"5":{"loc":{"start":{"line":42,"column":4},"end":{"line":44,"column":5}},"type":"if","locations":[{"start":{"line":42,"column":4},"end":{"line":44,"column":5}},{"start":{},"end":{}}],"line":42},"6":{"loc":{"start":{"line":48,"column":4},"end":{"line":50,"column":5}},"type":"if","locations":[{"start":{"line":48,"column":4},"end":{"line":50,"column":5}},{"start":{},"end":{}}],"line":48}},"s":{"0":2,"1":2,"2":2,"3":2,"4":2,"5":2,"6":2,"7":0,"8":2,"9":2,"10":0,"11":2,"12":2,"13":2,"14":2,"15":0,"16":0,"17":2,"18":1,"19":1,"20":1,"21":0,"22":1,"23":1,"24":0,"25":1,"26":1,"27":0,"28":1,"29":1,"30":1,"31":0,"32":0},"f":{"0":2,"1":1},"b":{"0":[0,2],"1":[2,2,2],"2":[0,2],"3":[0,1],"4":[1,1],"5":[0,1],"6":[0,1]},"_coverageSchema":"1a1c01bbd47fc00a2c39e90264f33305004495a9","hash":"12b6e63b5ae0ab11a0f0e1619969f2ebd21f4309"}
,"C:\\Users\\user\\Desktop\\CURRENT PROJECTS\\Learning Express\\express3\\controllers\\budget.js": {"path":"C:\\Users\\user\\Desktop\\CURRENT PROJECTS\\Learning Express\\express3\\controllers\\budget.js","statementMap":{"0":{"start":{"line":1,"column":15},"end":{"line":1,"column":42}},"1":{"start":{"line":2,"column":12},"end":{"line":2,"column":35}},"2":{"start":{"line":3,"column":49},"end":{"line":3,"column":69}},"3":{"start":{"line":4,"column":24},"end":{"line":4,"column":52}},"4":{"start":{"line":6,"column":0},"end":{"line":30,"column":1}},"5":{"start":{"line":7,"column":4},"end":{"line":29,"column":5}},"6":{"start":{"line":8,"column":23},"end":{"line":8,"column":41}},"7":{"start":{"line":9,"column":8},"end":{"line":11,"column":9}},"8":{"start":{"line":10,"column":12},"end":{"line":10,"column":57}},"9":{"start":{"line":13,"column":22},"end":{"line":13,"column":42}},"10":{"start":{"line":15,"column":24},"end":{"line":15,"column":65}},"11":{"start":{"line":17,"column":26},"end":{"line":17,"column":42}},"12":{"start":{"line":19,"column":26},"end":{"line":19,"column":71}},"13":{"start":{"line":21,"column":8},"end":{"line":23,"column":9}},"14":{"start":{"line":22,"column":12},"end":{"line":22,"column":86}},"15":{"start":{"line":25,"column":8},"end":{"line":25,"column":64}},"16":{"start":{"line":27,"column":8},"end":{"line":27,"column":26}},"17":{"start":{"line":28,"column":8},"end":{"line":28,"column":90}},"18":{"start":{"line":32,"column":0},"end":{"line":47,"column":1}},"19":{"start":{"line":33,"column":3},"end":{"line":46,"column":4}},"20":{"start":{"line":34,"column":32},"end":{"line":34,"column":42}},"21":{"start":{"line":36,"column":23},"end":{"line":36,"column":61}},"22":{"start":{"line":38,"column":8},"end":{"line":40,"column":9}},"23":{"start":{"line":39,"column":12},"end":{"line":39,"column":77}},"24":{"start":{"line":42,"column":8},"end":{"line":42,"column":56}},"25":{"start":{"line":44,"column":4},"end":{"line":44,"column":22}},"26":{"start":{"line":45,"column":4},"end":{"line":45,"column":86}},"27":{"start":{"line":49,"column":0},"end":{"line":113,"column":1}},"28":{"start":{"line":50,"column":4},"end":{"line":111,"column":5}},"29":{"start":{"line":52,"column":50},"end":{"line":52,"column":59}},"30":{"start":{"line":54,"column":26},"end":{"line":54,"column":28}},"31":{"start":{"line":56,"column":8},"end":{"line":58,"column":9}},"32":{"start":{"line":57,"column":12},"end":{"line":57,"column":69}},"33":{"start":{"line":60,"column":8},"end":{"line":62,"column":9}},"34":{"start":{"line":61,"column":12},"end":{"line":61,"column":70}},"35":{"start":{"line":64,"column":8},"end":{"line":85,"column":9}},"36":{"start":{"line":65,"column":32},"end":{"line":71,"column":13}},"37":{"start":{"line":73,"column":26},"end":{"line":73,"column":46}},"38":{"start":{"line":75,"column":25},"end":{"line":75,"column":89}},"39":{"start":{"line":75,"column":63},"end":{"line":75,"column":88}},"40":{"start":{"line":77,"column":28},"end":{"line":77,"column":37}},"41":{"start":{"line":79,"column":12},"end":{"line":84,"column":14}},"42":{"start":{"line":80,"column":47},"end":{"line":80,"column":60}},"43":{"start":{"line":81,"column":16},"end":{"line":83,"column":17}},"44":{"start":{"line":82,"column":20},"end":{"line":82,"column":67}},"45":{"start":{"line":87,"column":21},"end":{"line":87,"column":45}},"46":{"start":{"line":89,"column":8},"end":{"line":96,"column":9}},"47":{"start":{"line":90,"column":29},"end":{"line":90,"column":54}},"48":{"start":{"line":91,"column":12},"end":{"line":91,"column":42}},"49":{"start":{"line":95,"column":12},"end":{"line":95,"column":46}},"50":{"start":{"line":98,"column":21},"end":{"line":98,"column":40}},"51":{"start":{"line":99,"column":22},"end":{"line":99,"column":43}},"52":{"start":{"line":100,"column":21},"end":{"line":100,"column":38}},"53":{"start":{"line":102,"column":8},"end":{"line":102,"column":47}},"54":{"start":{"line":104,"column":24},"end":{"line":104,"column":36}},"55":{"start":{"line":107,"column":8},"end":{"line":107,"column":81}},"56":{"start":{"line":109,"column":8},"end":{"line":109,"column":26}},"57":{"start":{"line":110,"column":8},"end":{"line":110,"column":74}},"58":{"start":{"line":115,"column":0},"end":{"line":135,"column":1}},"59":{"start":{"line":116,"column":3},"end":{"line":134,"column":4}},"60":{"start":{"line":118,"column":28},"end":{"line":118,"column":38}},"61":{"start":{"line":120,"column":19},"end":{"line":120,"column":36}},"62":{"start":{"line":122,"column":20},"end":{"line":122,"column":62}},"63":{"start":{"line":124,"column":22},"end":{"line":124,"column":38}},"64":{"start":{"line":126,"column":4},"end":{"line":126,"column":34}},"65":{"start":{"line":128,"column":25},"end":{"line":128,"column":120}},"66":{"start":{"line":130,"column":4},"end":{"line":130,"column":63}},"67":{"start":{"line":132,"column":4},"end":{"line":132,"column":22}},"68":{"start":{"line":133,"column":4},"end":{"line":133,"column":86}},"69":{"start":{"line":137,"column":0},"end":{"line":158,"column":1}},"70":{"start":{"line":138,"column":4},"end":{"line":157,"column":5}},"71":{"start":{"line":139,"column":32},"end":{"line":139,"column":42}},"72":{"start":{"line":141,"column":23},"end":{"line":141,"column":40}},"73":{"start":{"line":143,"column":24},"end":{"line":143,"column":66}},"74":{"start":{"line":145,"column":26},"end":{"line":145,"column":42}},"75":{"start":{"line":147,"column":29},"end":{"line":147,"column":77}},"76":{"start":{"line":149,"column":8},"end":{"line":151,"column":9}},"77":{"start":{"line":150,"column":12},"end":{"line":150,"column":71}},"78":{"start":{"line":153,"column":8},"end":{"line":153,"column":100}},"79":{"start":{"line":155,"column":8},"end":{"line":155,"column":26}},"80":{"start":{"line":156,"column":8},"end":{"line":156,"column":90}}},"fnMap":{"0":{"name":"(anonymous_0)","decl":{"start":{"line":6,"column":23},"end":{"line":6,"column":24}},"loc":{"start":{"line":6,"column":43},"end":{"line":30,"column":1}},"line":6},"1":{"name":"(anonymous_1)","decl":{"start":{"line":32,"column":26},"end":{"line":32,"column":27}},"loc":{"start":{"line":32,"column":46},"end":{"line":47,"column":1}},"line":32},"2":{"name":"(anonymous_2)","decl":{"start":{"line":49,"column":24},"end":{"line":49,"column":25}},"loc":{"start":{"line":49,"column":44},"end":{"line":113,"column":1}},"line":49},"3":{"name":"(anonymous_3)","decl":{"start":{"line":75,"column":52},"end":{"line":75,"column":53}},"loc":{"start":{"line":75,"column":63},"end":{"line":75,"column":88}},"line":75},"4":{"name":"(anonymous_4)","decl":{"start":{"line":79,"column":47},"end":{"line":79,"column":48}},"loc":{"start":{"line":79,"column":55},"end":{"line":84,"column":13}},"line":79},"5":{"name":"(anonymous_5)","decl":{"start":{"line":115,"column":23},"end":{"line":115,"column":24}},"loc":{"start":{"line":115,"column":43},"end":{"line":135,"column":1}},"line":115},"6":{"name":"(anonymous_6)","decl":{"start":{"line":137,"column":23},"end":{"line":137,"column":24}},"loc":{"start":{"line":137,"column":43},"end":{"line":158,"column":1}},"line":137}},"branchMap":{"0":{"loc":{"start":{"line":9,"column":8},"end":{"line":11,"column":9}},"type":"if","locations":[{"start":{"line":9,"column":8},"end":{"line":11,"column":9}},{"start":{},"end":{}}],"line":9},"1":{"loc":{"start":{"line":21,"column":8},"end":{"line":23,"column":9}},"type":"if","locations":[{"start":{"line":21,"column":8},"end":{"line":23,"column":9}},{"start":{},"end":{}}],"line":21},"2":{"loc":{"start":{"line":38,"column":8},"end":{"line":40,"column":9}},"type":"if","locations":[{"start":{"line":38,"column":8},"end":{"line":40,"column":9}},{"start":{},"end":{}}],"line":38},"3":{"loc":{"start":{"line":56,"column":8},"end":{"line":58,"column":9}},"type":"if","locations":[{"start":{"line":56,"column":8},"end":{"line":58,"column":9}},{"start":{},"end":{}}],"line":56},"4":{"loc":{"start":{"line":60,"column":8},"end":{"line":62,"column":9}},"type":"if","locations":[{"start":{"line":60,"column":8},"end":{"line":62,"column":9}},{"start":{},"end":{}}],"line":60},"5":{"loc":{"start":{"line":64,"column":8},"end":{"line":85,"column":9}},"type":"if","locations":[{"start":{"line":64,"column":8},"end":{"line":85,"column":9}},{"start":{},"end":{}}],"line":64},"6":{"loc":{"start":{"line":81,"column":16},"end":{"line":83,"column":17}},"type":"if","locations":[{"start":{"line":81,"column":16},"end":{"line":83,"column":17}},{"start":{},"end":{}}],"line":81},"7":{"loc":{"start":{"line":89,"column":8},"end":{"line":96,"column":9}},"type":"if","locations":[{"start":{"line":89,"column":8},"end":{"line":96,"column":9}},{"start":{"line":94,"column":13},"end":{"line":96,"column":9}}],"line":89},"8":{"loc":{"start":{"line":98,"column":21},"end":{"line":98,"column":40}},"type":"binary-expr","locations":[{"start":{"line":98,"column":21},"end":{"line":98,"column":35}},{"start":{"line":98,"column":39},"end":{"line":98,"column":40}}],"line":98},"9":{"loc":{"start":{"line":99,"column":22},"end":{"line":99,"column":43}},"type":"binary-expr","locations":[{"start":{"line":99,"column":22},"end":{"line":99,"column":37}},{"start":{"line":99,"column":41},"end":{"line":99,"column":43}}],"line":99},"10":{"loc":{"start":{"line":149,"column":8},"end":{"line":151,"column":9}},"type":"if","locations":[{"start":{"line":149,"column":8},"end":{"line":151,"column":9}},{"start":{},"end":{}}],"line":149}},"s":{"0":2,"1":2,"2":2,"3":2,"4":2,"5":1,"6":1,"7":1,"8":0,"9":1,"10":1,"11":1,"12":1,"13":1,"14":0,"15":1,"16":0,"17":0,"18":2,"19":1,"20":1,"21":1,"22":1,"23":0,"24":1,"25":0,"26":0,"27":2,"28":1,"29":1,"30":1,"31":1,"32":0,"33":1,"34":0,"35":1,"36":0,"37":0,"38":0,"39":0,"40":0,"41":0,"42":0,"43":0,"44":0,"45":1,"46":1,"47":0,"48":0,"49":1,"50":1,"51":1,"52":1,"53":1,"54":1,"55":1,"56":0,"57":0,"58":2,"59":1,"60":1,"61":1,"62":1,"63":1,"64":1,"65":1,"66":1,"67":0,"68":0,"69":2,"70":1,"71":1,"72":1,"73":1,"74":1,"75":1,"76":1,"77":0,"78":1,"79":0,"80":0},"f":{"0":1,"1":1,"2":1,"3":0,"4":0,"5":1,"6":1},"b":{"0":[0,1],"1":[0,1],"2":[0,1],"3":[0,1],"4":[0,1],"5":[0,1],"6":[0,0],"7":[0,1],"8":[1,1],"9":[1,1],"10":[0,1]},"_coverageSchema":"1a1c01bbd47fc00a2c39e90264f33305004495a9","hash":"9d9fb822ebee00613556b6f14850eb73681a5d2d"}
,"C:\\Users\\user\\Desktop\\CURRENT PROJECTS\\Learning Express\\express3\\errors\\badrequest.js": {"path":"C:\\Users\\user\\Desktop\\CURRENT PROJECTS\\Learning Express\\express3\\errors\\badrequest.js","statementMap":{"0":{"start":{"line":1,"column":23},"end":{"line":1,"column":47}},"1":{"start":{"line":2,"column":22},"end":{"line":2,"column":50}},"2":{"start":{"line":6,"column":8},"end":{"line":6,"column":23}},"3":{"start":{"line":7,"column":8},"end":{"line":7,"column":50}},"4":{"start":{"line":11,"column":0},"end":{"line":11,"column":35}}},"fnMap":{"0":{"name":"(anonymous_0)","decl":{"start":{"line":5,"column":4},"end":{"line":5,"column":5}},"loc":{"start":{"line":5,"column":26},"end":{"line":8,"column":5}},"line":5}},"branchMap":{},"s":{"0":2,"1":2,"2":0,"3":0,"4":2},"f":{"0":0},"b":{},"_coverageSchema":"1a1c01bbd47fc00a2c39e90264f33305004495a9","hash":"3f3d3e0892234b88125b58a7dd4c1534c0d167c6"}
,"C:\\Users\\user\\Desktop\\CURRENT PROJECTS\\Learning Express\\express3\\errors\\customerror.js": {"path":"C:\\Users\\user\\Desktop\\CURRENT PROJECTS\\Learning Express\\express3\\errors\\customerror.js","statementMap":{"0":{"start":{"line":3,"column":8},"end":{"line":3,"column":23}},"1":{"start":{"line":7,"column":0},"end":{"line":7,"column":31}}},"fnMap":{"0":{"name":"(anonymous_0)","decl":{"start":{"line":2,"column":4},"end":{"line":2,"column":5}},"loc":{"start":{"line":2,"column":26},"end":{"line":4,"column":5}},"line":2}},"branchMap":{},"s":{"0":0,"1":2},"f":{"0":0},"b":{},"_coverageSchema":"1a1c01bbd47fc00a2c39e90264f33305004495a9","hash":"92b778c4be847075dbe11a702bf0293f4e2e6afd"}
,"C:\\Users\\user\\Desktop\\CURRENT PROJECTS\\Learning Express\\express3\\errors\\index.js": {"path":"C:\\Users\\user\\Desktop\\CURRENT PROJECTS\\Learning Express\\express3\\errors\\index.js","statementMap":{"0":{"start":{"line":1,"column":27},"end":{"line":1,"column":50}},"1":{"start":{"line":2,"column":23},"end":{"line":2,"column":47}},"2":{"start":{"line":3,"column":25},"end":{"line":3,"column":46}},"3":{"start":{"line":4,"column":31},"end":{"line":4,"column":59}},"4":{"start":{"line":6,"column":0},"end":{"line":11,"column":1}}},"fnMap":{},"branchMap":{},"s":{"0":2,"1":2,"2":2,"3":2,"4":2},"f":{},"b":{},"_coverageSchema":"1a1c01bbd47fc00a2c39e90264f33305004495a9","hash":"bdf6076224aa6f2dd95e34285727a83784d78486"}
,"C:\\Users\\user\\Desktop\\CURRENT PROJECTS\\Learning Express\\express3\\errors\\notfound.js": {"path":"C:\\Users\\user\\Desktop\\CURRENT PROJECTS\\Learning Express\\express3\\errors\\notfound.js","statementMap":{"0":{"start":{"line":1,"column":23},"end":{"line":1,"column":47}},"1":{"start":{"line":2,"column":22},"end":{"line":2,"column":50}},"2":{"start":{"line":6,"column":8},"end":{"line":6,"column":23}},"3":{"start":{"line":7,"column":8},"end":{"line":7,"column":48}},"4":{"start":{"line":11,"column":0},"end":{"line":11,"column":33}}},"fnMap":{"0":{"name":"(anonymous_0)","decl":{"start":{"line":5,"column":4},"end":{"line":5,"column":5}},"loc":{"start":{"line":5,"column":26},"end":{"line":8,"column":5}},"line":5}},"branchMap":{},"s":{"0":2,"1":2,"2":0,"3":0,"4":2},"f":{"0":0},"b":{},"_coverageSchema":"1a1c01bbd47fc00a2c39e90264f33305004495a9","hash":"16511db7b477a6b83a45350c06d0e57318452d8c"}
,"C:\\Users\\user\\Desktop\\CURRENT PROJECTS\\Learning Express\\express3\\errors\\unauthenticated.js": {"path":"C:\\Users\\user\\Desktop\\CURRENT PROJECTS\\Learning Express\\express3\\errors\\unauthenticated.js","statementMap":{"0":{"start":{"line":1,"column":23},"end":{"line":1,"column":47}},"1":{"start":{"line":2,"column":22},"end":{"line":2,"column":50}},"2":{"start":{"line":6,"column":8},"end":{"line":6,"column":23}},"3":{"start":{"line":7,"column":8},"end":{"line":7,"column":50}},"4":{"start":{"line":11,"column":0},"end":{"line":11,"column":39}}},"fnMap":{"0":{"name":"(anonymous_0)","decl":{"start":{"line":5,"column":4},"end":{"line":5,"column":5}},"loc":{"start":{"line":5,"column":26},"end":{"line":8,"column":5}},"line":5}},"branchMap":{},"s":{"0":2,"1":2,"2":0,"3":0,"4":2},"f":{"0":0},"b":{},"_coverageSchema":"1a1c01bbd47fc00a2c39e90264f33305004495a9","hash":"96a64642aeefc27011d81b45dfc32258359674ed"}
,"C:\\Users\\user\\Desktop\\CURRENT PROJECTS\\Learning Express\\express3\\middleware\\auth.js": {"path":"C:\\Users\\user\\Desktop\\CURRENT PROJECTS\\Learning Express\\express3\\middleware\\auth.js","statementMap":{"0":{"start":{"line":1,"column":22},"end":{"line":1,"column":50}},"1":{"start":{"line":3,"column":23},"end":{"line":15,"column":1}},"2":{"start":{"line":4,"column":19},"end":{"line":4,"column":36}},"3":{"start":{"line":6,"column":4},"end":{"line":8,"column":5}},"4":{"start":{"line":7,"column":8},"end":{"line":7,"column":80}},"5":{"start":{"line":10,"column":4},"end":{"line":12,"column":5}},"6":{"start":{"line":11,"column":8},"end":{"line":11,"column":88}},"7":{"start":{"line":14,"column":4},"end":{"line":14,"column":10}},"8":{"start":{"line":17,"column":0},"end":{"line":17,"column":31}}},"fnMap":{"0":{"name":"(anonymous_0)","decl":{"start":{"line":3,"column":23},"end":{"line":3,"column":24}},"loc":{"start":{"line":3,"column":48},"end":{"line":15,"column":1}},"line":3}},"branchMap":{"0":{"loc":{"start":{"line":6,"column":4},"end":{"line":8,"column":5}},"type":"if","locations":[{"start":{"line":6,"column":4},"end":{"line":8,"column":5}},{"start":{},"end":{}}],"line":6},"1":{"loc":{"start":{"line":10,"column":4},"end":{"line":12,"column":5}},"type":"if","locations":[{"start":{"line":10,"column":4},"end":{"line":12,"column":5}},{"start":{},"end":{}}],"line":10}},"s":{"0":2,"1":2,"2":0,"3":0,"4":0,"5":0,"6":0,"7":0,"8":2},"f":{"0":0},"b":{"0":[0,0],"1":[0,0]},"_coverageSchema":"1a1c01bbd47fc00a2c39e90264f33305004495a9","hash":"7ae4d3fc5727603fb06407a9995f4b9898c65b0e"}
,"C:\\Users\\user\\Desktop\\CURRENT PROJECTS\\Learning Express\\express3\\middleware\\errorhandler.js": {"path":"C:\\Users\\user\\Desktop\\CURRENT PROJECTS\\Learning Express\\express3\\middleware\\errorhandler.js","statementMap":{"0":{"start":{"line":1,"column":24},"end":{"line":1,"column":52}},"1":{"start":{"line":3,"column":31},"end":{"line":24,"column":1}},"2":{"start":{"line":4,"column":24},"end":{"line":7,"column":5}},"3":{"start":{"line":9,"column":4},"end":{"line":12,"column":5}},"4":{"start":{"line":10,"column":8},"end":{"line":10,"column":90}},"5":{"start":{"line":10,"column":67},"end":{"line":10,"column":79}},"6":{"start":{"line":11,"column":8},"end":{"line":11,"column":56}},"7":{"start":{"line":14,"column":4},"end":{"line":17,"column":5}},"8":{"start":{"line":15,"column":8},"end":{"line":15,"column":119}},"9":{"start":{"line":16,"column":8},"end":{"line":16,"column":56}},"10":{"start":{"line":19,"column":4},"end":{"line":22,"column":5}},"11":{"start":{"line":20,"column":8},"end":{"line":20,"column":64}},"12":{"start":{"line":21,"column":8},"end":{"line":21,"column":54}},"13":{"start":{"line":23,"column":4},"end":{"line":23,"column":75}},"14":{"start":{"line":26,"column":0},"end":{"line":26,"column":39}}},"fnMap":{"0":{"name":"(anonymous_0)","decl":{"start":{"line":3,"column":31},"end":{"line":3,"column":32}},"loc":{"start":{"line":3,"column":50},"end":{"line":24,"column":1}},"line":3},"1":{"name":"(anonymous_1)","decl":{"start":{"line":10,"column":56},"end":{"line":10,"column":57}},"loc":{"start":{"line":10,"column":67},"end":{"line":10,"column":79}},"line":10}},"branchMap":{"0":{"loc":{"start":{"line":5,"column":21},"end":{"line":5,"column":91}},"type":"binary-expr","locations":[{"start":{"line":5,"column":21},"end":{"line":5,"column":54}},{"start":{"line":5,"column":58},"end":{"line":5,"column":91}}],"line":5},"1":{"loc":{"start":{"line":6,"column":14},"end":{"line":6,"column":77}},"type":"binary-expr","locations":[{"start":{"line":6,"column":14},"end":{"line":6,"column":25}},{"start":{"line":6,"column":29},"end":{"line":6,"column":77}}],"line":6},"2":{"loc":{"start":{"line":9,"column":4},"end":{"line":12,"column":5}},"type":"if","locations":[{"start":{"line":9,"column":4},"end":{"line":12,"column":5}},{"start":{},"end":{}}],"line":9},"3":{"loc":{"start":{"line":14,"column":4},"end":{"line":17,"column":5}},"type":"if","locations":[{"start":{"line":14,"column":4},"end":{"line":17,"column":5}},{"start":{},"end":{}}],"line":14},"4":{"loc":{"start":{"line":14,"column":8},"end":{"line":14,"column":38}},"type":"binary-expr","locations":[{"start":{"line":14,"column":8},"end":{"line":14,"column":16}},{"start":{"line":14,"column":20},"end":{"line":14,"column":38}}],"line":14},"5":{"loc":{"start":{"line":19,"column":4},"end":{"line":22,"column":5}},"type":"if","locations":[{"start":{"line":19,"column":4},"end":{"line":22,"column":5}},{"start":{},"end":{}}],"line":19}},"s":{"0":2,"1":2,"2":0,"3":0,"4":0,"5":0,"6":0,"7":0,"8":0,"9":0,"10":0,"11":0,"12":0,"13":0,"14":2},"f":{"0":0,"1":0},"b":{"0":[0,0],"1":[0,0],"2":[0,0],"3":[0,0],"4":[0,0],"5":[0,0]},"_coverageSchema":"1a1c01bbd47fc00a2c39e90264f33305004495a9","hash":"a00ee0d35b3f0aac2710039b9aa763196873c695"}
,"C:\\Users\\user\\Desktop\\CURRENT PROJECTS\\Learning Express\\express3\\middleware\\notfound.js": {"path":"C:\\Users\\user\\Desktop\\CURRENT PROJECTS\\Learning Express\\express3\\middleware\\notfound.js","statementMap":{"0":{"start":{"line":1,"column":22},"end":{"line":1,"column":50}},"1":{"start":{"line":3,"column":27},"end":{"line":5,"column":1}},"2":{"start":{"line":4,"column":4},"end":{"line":4,"column":90}},"3":{"start":{"line":7,"column":0},"end":{"line":7,"column":35}}},"fnMap":{"0":{"name":"(anonymous_0)","decl":{"start":{"line":3,"column":27},"end":{"line":3,"column":28}},"loc":{"start":{"line":3,"column":41},"end":{"line":5,"column":1}},"line":3}},"branchMap":{},"s":{"0":2,"1":2,"2":0,"3":2},"f":{"0":0},"b":{},"_coverageSchema":"1a1c01bbd47fc00a2c39e90264f33305004495a9","hash":"64d296bb4be1f6050e943e2a20f27a6d0102f9de"}
,"C:\\Users\\user\\Desktop\\CURRENT PROJECTS\\Learning Express\\express3\\middleware\\router.js": {"path":"C:\\Users\\user\\Desktop\\CURRENT PROJECTS\\Learning Express\\express3\\middleware\\router.js","statementMap":{"0":{"start":{"line":1,"column":16},"end":{"line":1,"column":34}},"1":{"start":{"line":2,"column":15},"end":{"line":2,"column":31}},"2":{"start":{"line":4,"column":0},"end":{"line":4,"column":23}}},"fnMap":{},"branchMap":{},"s":{"0":2,"1":2,"2":2},"f":{},"b":{},"_coverageSchema":"1a1c01bbd47fc00a2c39e90264f33305004495a9","hash":"cf5445f650217d43740a7614f9853747810810f0"}
,"C:\\Users\\user\\Desktop\\CURRENT PROJECTS\\Learning Express\\express3\\models\\auth.js": {"path":"C:\\Users\\user\\Desktop\\CURRENT PROJECTS\\Learning Express\\express3\\models\\auth.js","statementMap":{"0":{"start":{"line":1,"column":12},"end":{"line":1,"column":35}},"1":{"start":{"line":2,"column":15},"end":{"line":2,"column":34}},"2":{"start":{"line":4,"column":17},"end":{"line":4,"column":36}},"3":{"start":{"line":6,"column":19},"end":{"line":27,"column":27}},"4":{"start":{"line":30,"column":4},"end":{"line":33,"column":6}},"5":{"start":{"line":31,"column":19},"end":{"line":31,"column":43}},"6":{"start":{"line":32,"column":6},"end":{"line":32,"column":60}},"7":{"start":{"line":36,"column":4},"end":{"line":38,"column":5}},"8":{"start":{"line":37,"column":6},"end":{"line":37,"column":26}},"9":{"start":{"line":40,"column":4},"end":{"line":42,"column":5}},"10":{"start":{"line":41,"column":6},"end":{"line":41,"column":128}},"11":{"start":{"line":44,"column":4},"end":{"line":47,"column":5}},"12":{"start":{"line":45,"column":22},"end":{"line":45,"column":76}},"13":{"start":{"line":46,"column":6},"end":{"line":46,"column":20}},"14":{"start":{"line":49,"column":4},"end":{"line":49,"column":55}}},"fnMap":{"0":{"name":"(anonymous_0)","decl":{"start":{"line":30,"column":27},"end":{"line":30,"column":28}},"loc":{"start":{"line":30,"column":45},"end":{"line":33,"column":5}},"line":30},"1":{"name":"(anonymous_1)","decl":{"start":{"line":36,"column":37},"end":{"line":36,"column":38}},"loc":{"start":{"line":36,"column":49},"end":{"line":38,"column":5}},"line":36},"2":{"name":"(anonymous_2)","decl":{"start":{"line":40,"column":35},"end":{"line":40,"column":36}},"loc":{"start":{"line":40,"column":47},"end":{"line":42,"column":5}},"line":40},"3":{"name":"(anonymous_3)","decl":{"start":{"line":44,"column":41},"end":{"line":44,"column":42}},"loc":{"start":{"line":44,"column":76},"end":{"line":47,"column":5}},"line":44}},"branchMap":{},"s":{"0":2,"1":2,"2":2,"3":2,"4":2,"5":2,"6":2,"7":2,"8":0,"9":2,"10":3,"11":2,"12":1,"13":1,"14":2},"f":{"0":2,"1":0,"2":3,"3":1},"b":{},"_coverageSchema":"1a1c01bbd47fc00a2c39e90264f33305004495a9","hash":"8087314380adbbd833050eff3f0e806cea3b6757"}
,"C:\\Users\\user\\Desktop\\CURRENT PROJECTS\\Learning Express\\express3\\models\\budget.js": {"path":"C:\\Users\\user\\Desktop\\CURRENT PROJECTS\\Learning Express\\express3\\models\\budget.js","statementMap":{"0":{"start":{"line":1,"column":17},"end":{"line":1,"column":36}},"1":{"start":{"line":3,"column":21},"end":{"line":26,"column":2}},"2":{"start":{"line":28,"column":0},"end":{"line":28,"column":55}}},"fnMap":{},"branchMap":{},"s":{"0":2,"1":2,"2":2},"f":{},"b":{},"_coverageSchema":"1a1c01bbd47fc00a2c39e90264f33305004495a9","hash":"c7850d79fc2edfc0bd4212b1b0cb909d95027402"}
,"C:\\Users\\user\\Desktop\\CURRENT PROJECTS\\Learning Express\\express3\\routes\\auth.js": {"path":"C:\\Users\\user\\Desktop\\CURRENT PROJECTS\\Learning Express\\express3\\routes\\auth.js","statementMap":{"0":{"start":{"line":1,"column":24},"end":{"line":1,"column":55}},"1":{"start":{"line":3,"column":34},"end":{"line":3,"column":64}},"2":{"start":{"line":5,"column":0},"end":{"line":5,"column":53}},"3":{"start":{"line":6,"column":0},"end":{"line":6,"column":47}},"4":{"start":{"line":8,"column":0},"end":{"line":8,"column":32}}},"fnMap":{},"branchMap":{},"s":{"0":2,"1":2,"2":2,"3":2,"4":2},"f":{},"b":{},"_coverageSchema":"1a1c01bbd47fc00a2c39e90264f33305004495a9","hash":"a5acd49d958cfa34eddbc4611f1b7fce6dc1f375"}
,"C:\\Users\\user\\Desktop\\CURRENT PROJECTS\\Learning Express\\express3\\routes\\budget.js": {"path":"C:\\Users\\user\\Desktop\\CURRENT PROJECTS\\Learning Express\\express3\\routes\\budget.js","statementMap":{"0":{"start":{"line":1,"column":24},"end":{"line":1,"column":55}},"1":{"start":{"line":3,"column":83},"end":{"line":3,"column":115}},"2":{"start":{"line":5,"column":0},"end":{"line":5,"column":70}},"3":{"start":{"line":6,"column":0},"end":{"line":6,"column":98}},"4":{"start":{"line":8,"column":0},"end":{"line":8,"column":32}}},"fnMap":{},"branchMap":{},"s":{"0":2,"1":2,"2":2,"3":2,"4":2},"f":{},"b":{},"_coverageSchema":"1a1c01bbd47fc00a2c39e90264f33305004495a9","hash":"e6580bd0613ec4736d1477f7c3f046cedab71aaf"}
}
