TN:
SF:app.js
FNF:0
FNH:0
DA:1,2
DA:2,2
DA:4,2
DA:5,2
DA:7,2
DA:10,2
DA:11,2
DA:14,2
DA:15,2
DA:16,2
DA:18,2
DA:19,2
DA:20,2
DA:22,2
DA:24,2
DA:27,2
DA:28,2
DA:30,2
LF:18
LH:18
BRF:0
BRH:0
end_of_record
TN:
SF:controllers\auth.js
FN:5,(anonymous_0)
FN:32,(anonymous_1)
FNF:2
FNH:2
FNDA:2,(anonymous_0)
FNDA:1,(anonymous_1)
DA:1,2
DA:2,2
DA:3,2
DA:5,2
DA:6,2
DA:7,2
DA:9,2
DA:10,0
DA:13,2
DA:15,2
DA:16,0
DA:19,2
DA:21,2
DA:23,2
DA:24,2
DA:26,0
DA:27,0
DA:32,2
DA:33,1
DA:34,1
DA:36,1
DA:37,0
DA:40,1
DA:42,1
DA:43,0
DA:46,1
DA:48,1
DA:49,0
DA:52,1
DA:54,1
DA:56,1
DA:59,0
DA:60,0
LF:33
LH:24
BRDA:9,0,0,0
BRDA:9,0,1,2
BRDA:9,1,0,2
BRDA:9,1,1,2
BRDA:9,1,2,2
BRDA:15,2,0,0
BRDA:15,2,1,2
BRDA:36,3,0,0
BRDA:36,3,1,1
BRDA:36,4,0,1
BRDA:36,4,1,1
BRDA:42,5,0,0
BRDA:42,5,1,1
BRDA:48,6,0,0
BRDA:48,6,1,1
BRF:15
BRH:10
end_of_record
TN:
SF:controllers\budget.js
FN:6,(anonymous_0)
FN:32,(anonymous_1)
FN:49,(anonymous_2)
FN:75,(anonymous_3)
FN:79,(anonymous_4)
FN:115,(anonymous_5)
FN:137,(anonymous_6)
FNF:7
FNH:5
FNDA:1,(anonymous_0)
FNDA:1,(anonymous_1)
FNDA:1,(anonymous_2)
FNDA:0,(anonymous_3)
FNDA:0,(anonymous_4)
FNDA:1,(anonymous_5)
FNDA:1,(anonymous_6)
DA:1,2
DA:2,2
DA:3,2
DA:4,2
DA:6,2
DA:7,1
DA:8,1
DA:9,1
DA:10,0
DA:13,1
DA:15,1
DA:17,1
DA:19,1
DA:21,1
DA:22,0
DA:25,1
DA:27,0
DA:28,0
DA:32,2
DA:33,1
DA:34,1
DA:36,1
DA:38,1
DA:39,0
DA:42,1
DA:44,0
DA:45,0
DA:49,2
DA:50,1
DA:52,1
DA:54,1
DA:56,1
DA:57,0
DA:60,1
DA:61,0
DA:64,1
DA:65,0
DA:73,0
DA:75,0
DA:77,0
DA:79,0
DA:80,0
DA:81,0
DA:82,0
DA:87,1
DA:89,1
DA:90,0
DA:91,0
DA:95,1
DA:98,1
DA:99,1
DA:100,1
DA:102,1
DA:104,1
DA:107,1
DA:109,0
DA:110,0
DA:115,2
DA:116,1
DA:118,1
DA:120,1
DA:122,1
DA:124,1
DA:126,1
DA:128,1
DA:130,1
DA:132,0
DA:133,0
DA:137,2
DA:138,1
DA:139,1
DA:141,1
DA:143,1
DA:145,1
DA:147,1
DA:149,1
DA:150,0
DA:153,1
DA:155,0
DA:156,0
LF:80
LH:54
BRDA:9,0,0,0
BRDA:9,0,1,1
BRDA:21,1,0,0
BRDA:21,1,1,1
BRDA:38,2,0,0
BRDA:38,2,1,1
BRDA:56,3,0,0
BRDA:56,3,1,1
BRDA:60,4,0,0
BRDA:60,4,1,1
BRDA:64,5,0,0
BRDA:64,5,1,1
BRDA:81,6,0,0
BRDA:81,6,1,0
BRDA:89,7,0,0
BRDA:89,7,1,1
BRDA:98,8,0,1
BRDA:98,8,1,1
BRDA:99,9,0,1
BRDA:99,9,1,1
BRDA:149,10,0,0
BRDA:149,10,1,1
BRF:22
BRH:12
end_of_record
TN:
SF:errors\badrequest.js
FN:5,(anonymous_0)
FNF:1
FNH:0
FNDA:0,(anonymous_0)
DA:1,2
DA:2,2
DA:6,0
DA:7,0
DA:11,2
LF:5
LH:3
BRF:0
BRH:0
end_of_record
TN:
SF:errors\customerror.js
FN:2,(anonymous_0)
FNF:1
FNH:0
FNDA:0,(anonymous_0)
DA:3,0
DA:7,2
LF:2
LH:1
BRF:0
BRH:0
end_of_record
TN:
SF:errors\index.js
FNF:0
FNH:0
DA:1,2
DA:2,2
DA:3,2
DA:4,2
DA:6,2
LF:5
LH:5
BRF:0
BRH:0
end_of_record
TN:
SF:errors\notfound.js
FN:5,(anonymous_0)
FNF:1
FNH:0
FNDA:0,(anonymous_0)
DA:1,2
DA:2,2
DA:6,0
DA:7,0
DA:11,2
LF:5
LH:3
BRF:0
BRH:0
end_of_record
TN:
SF:errors\unauthenticated.js
FN:5,(anonymous_0)
FNF:1
FNH:0
FNDA:0,(anonymous_0)
DA:1,2
DA:2,2
DA:6,0
DA:7,0
DA:11,2
LF:5
LH:3
BRF:0
BRH:0
end_of_record
TN:
SF:middleware\auth.js
FN:3,(anonymous_0)
FNF:1
FNH:0
FNDA:0,(anonymous_0)
DA:1,2
DA:3,2
DA:4,0
DA:6,0
DA:7,0
DA:10,0
DA:11,0
DA:14,0
DA:17,2
LF:9
LH:3
BRDA:6,0,0,0
BRDA:6,0,1,0
BRDA:10,1,0,0
BRDA:10,1,1,0
BRF:4
BRH:0
end_of_record
TN:
SF:middleware\errorhandler.js
FN:3,(anonymous_0)
FN:10,(anonymous_1)
FNF:2
FNH:0
FNDA:0,(anonymous_0)
FNDA:0,(anonymous_1)
DA:1,2
DA:3,2
DA:4,0
DA:9,0
DA:10,0
DA:11,0
DA:14,0
DA:15,0
DA:16,0
DA:19,0
DA:20,0
DA:21,0
DA:23,0
DA:26,2
LF:14
LH:3
BRDA:5,0,0,0
BRDA:5,0,1,0
BRDA:6,1,0,0
BRDA:6,1,1,0
BRDA:9,2,0,0
BRDA:9,2,1,0
BRDA:14,3,0,0
BRDA:14,3,1,0
BRDA:14,4,0,0
BRDA:14,4,1,0
BRDA:19,5,0,0
BRDA:19,5,1,0
BRF:12
BRH:0
end_of_record
TN:
SF:middleware\notfound.js
FN:3,(anonymous_0)
FNF:1
FNH:0
FNDA:0,(anonymous_0)
DA:1,2
DA:3,2
DA:4,0
DA:7,2
LF:4
LH:3
BRF:0
BRH:0
end_of_record
TN:
SF:middleware\router.js
FNF:0
FNH:0
DA:1,2
DA:2,2
DA:4,2
LF:3
LH:3
BRF:0
BRH:0
end_of_record
TN:
SF:models\auth.js
FN:30,(anonymous_0)
FN:36,(anonymous_1)
FN:40,(anonymous_2)
FN:44,(anonymous_3)
FNF:4
FNH:3
FNDA:2,(anonymous_0)
FNDA:0,(anonymous_1)
FNDA:3,(anonymous_2)
FNDA:1,(anonymous_3)
DA:1,2
DA:2,2
DA:4,2
DA:6,2
DA:30,2
DA:31,2
DA:32,2
DA:36,2
DA:37,0
DA:40,2
DA:41,3
DA:44,2
DA:45,1
DA:46,1
DA:49,2
LF:15
LH:14
BRF:0
BRH:0
end_of_record
TN:
SF:models\budget.js
FNF:0
FNH:0
DA:1,2
DA:3,2
DA:28,2
LF:3
LH:3
BRF:0
BRH:0
end_of_record
TN:
SF:routes\auth.js
FNF:0
FNH:0
DA:1,2
DA:3,2
DA:5,2
DA:6,2
DA:8,2
LF:5
LH:5
BRF:0
BRH:0
end_of_record
TN:
SF:routes\budget.js
FNF:0
FNH:0
DA:1,2
DA:3,2
DA:5,2
DA:6,2
DA:8,2
LF:5
LH:5
BRF:0
BRH:0
end_of_record
