{"C:\\Users\\user\\Desktop\\CURRENT PROJECTS\\Learning Express\\express2\\app.js": {"path":"C:\\Users\\user\\Desktop\\CURRENT PROJECTS\\Learning Express\\express2\\app.js","statementMap":{"0":{"start":{"line":1,"column":0},"end":{"line":1,"column":26}},"1":{"start":{"line":2,"column":0},"end":{"line":2,"column":31}},"2":{"start":{"line":4,"column":16},"end":{"line":4,"column":34}},"3":{"start":{"line":5,"column":12},"end":{"line":5,"column":21}},"4":{"start":{"line":6,"column":19},"end":{"line":6,"column":43}},"5":{"start":{"line":7,"column":20},"end":{"line":7,"column":45}},"6":{"start":{"line":8,"column":21},"end":{"line":8,"column":45}},"7":{"start":{"line":9,"column":27},"end":{"line":9,"column":60}},"8":{"start":{"line":10,"column":30},"end":{"line":10,"column":67}},"9":{"start":{"line":11,"column":33},"end":{"line":11,"column":62}},"10":{"start":{"line":13,"column":0},"end":{"line":13,"column":23}},"11":{"start":{"line":14,"column":0},"end":{"line":14,"column":44}},"12":{"start":{"line":16,"column":0},"end":{"line":16,"column":23}},"13":{"start":{"line":18,"column":0},"end":{"line":18,"column":24}},"14":{"start":{"line":19,"column":0},"end":{"line":19,"column":51}},"15":{"start":{"line":21,"column":0},"end":{"line":21,"column":27}},"16":{"start":{"line":22,"column":0},"end":{"line":22,"column":30}},"17":{"start":{"line":24,"column":0},"end":{"line":24,"column":20}}},"fnMap":{},"branchMap":{},"s":{"0":2,"1":2,"2":2,"3":2,"4":2,"5":2,"6":2,"7":2,"8":2,"9":2,"10":2,"11":2,"12":2,"13":2,"14":2,"15":2,"16":2,"17":2},"f":{},"b":{},"_coverageSchema":"1a1c01bbd47fc00a2c39e90264f33305004495a9","hash":"73429abac4428a71309be7c44485c2fe0e7e428a"}
,"C:\\Users\\user\\Desktop\\CURRENT PROJECTS\\Learning Express\\express2\\controllers\\auth.js": {"path":"C:\\Users\\user\\Desktop\\CURRENT PROJECTS\\Learning Express\\express2\\controllers\\auth.js","statementMap":{"0":{"start":{"line":1,"column":24},"end":{"line":1,"column":52}},"1":{"start":{"line":2,"column":29},"end":{"line":2,"column":61}},"2":{"start":{"line":3,"column":56},"end":{"line":3,"column":76}},"3":{"start":{"line":4,"column":13},"end":{"line":4,"column":38}},"4":{"start":{"line":7,"column":0},"end":{"line":33,"column":1}},"5":{"start":{"line":8,"column":4},"end":{"line":32,"column":5}},"6":{"start":{"line":9,"column":44},"end":{"line":9,"column":52}},"7":{"start":{"line":11,"column":8},"end":{"line":13,"column":9}},"8":{"start":{"line":12,"column":12},"end":{"line":12,"column":86}},"9":{"start":{"line":15,"column":30},"end":{"line":15,"column":57}},"10":{"start":{"line":17,"column":8},"end":{"line":19,"column":9}},"11":{"start":{"line":18,"column":12},"end":{"line":18,"column":113}},"12":{"start":{"line":21,"column":24},"end":{"line":21,"column":56}},"13":{"start":{"line":23,"column":22},"end":{"line":23,"column":41}},"14":{"start":{"line":25,"column":8},"end":{"line":25,"column":70}},"15":{"start":{"line":27,"column":8},"end":{"line":27,"column":104}},"16":{"start":{"line":30,"column":8},"end":{"line":30,"column":26}},"17":{"start":{"line":31,"column":8},"end":{"line":31,"column":90}},"18":{"start":{"line":36,"column":0},"end":{"line":65,"column":1}},"19":{"start":{"line":37,"column":4},"end":{"line":64,"column":5}},"20":{"start":{"line":38,"column":34},"end":{"line":38,"column":42}},"21":{"start":{"line":40,"column":8},"end":{"line":42,"column":9}},"22":{"start":{"line":41,"column":12},"end":{"line":41,"column":78}},"23":{"start":{"line":44,"column":21},"end":{"line":44,"column":48}},"24":{"start":{"line":46,"column":8},"end":{"line":48,"column":9}},"25":{"start":{"line":47,"column":12},"end":{"line":47,"column":78}},"26":{"start":{"line":50,"column":32},"end":{"line":50,"column":68}},"27":{"start":{"line":52,"column":8},"end":{"line":54,"column":9}},"28":{"start":{"line":53,"column":12},"end":{"line":53,"column":93}},"29":{"start":{"line":56,"column":22},"end":{"line":56,"column":38}},"30":{"start":{"line":58,"column":8},"end":{"line":58,"column":70}},"31":{"start":{"line":60,"column":8},"end":{"line":60,"column":88}},"32":{"start":{"line":62,"column":8},"end":{"line":62,"column":26}},"33":{"start":{"line":63,"column":8},"end":{"line":63,"column":90}}},"fnMap":{"0":{"name":"(anonymous_0)","decl":{"start":{"line":7,"column":23},"end":{"line":7,"column":24}},"loc":{"start":{"line":7,"column":43},"end":{"line":33,"column":1}},"line":7},"1":{"name":"(anonymous_1)","decl":{"start":{"line":36,"column":20},"end":{"line":36,"column":21}},"loc":{"start":{"line":36,"column":40},"end":{"line":65,"column":1}},"line":36}},"branchMap":{"0":{"loc":{"start":{"line":11,"column":8},"end":{"line":13,"column":9}},"type":"if","locations":[{"start":{"line":11,"column":8},"end":{"line":13,"column":9}},{"start":{},"end":{}}],"line":11},"1":{"loc":{"start":{"line":11,"column":12},"end":{"line":11,"column":44}},"type":"binary-expr","locations":[{"start":{"line":11,"column":12},"end":{"line":11,"column":21}},{"start":{"line":11,"column":25},"end":{"line":11,"column":31}},{"start":{"line":11,"column":35},"end":{"line":11,"column":44}}],"line":11},"2":{"loc":{"start":{"line":17,"column":8},"end":{"line":19,"column":9}},"type":"if","locations":[{"start":{"line":17,"column":8},"end":{"line":19,"column":9}},{"start":{},"end":{}}],"line":17},"3":{"loc":{"start":{"line":40,"column":8},"end":{"line":42,"column":9}},"type":"if","locations":[{"start":{"line":40,"column":8},"end":{"line":42,"column":9}},{"start":{},"end":{}}],"line":40},"4":{"loc":{"start":{"line":40,"column":12},"end":{"line":40,"column":31}},"type":"binary-expr","locations":[{"start":{"line":40,"column":12},"end":{"line":40,"column":18}},{"start":{"line":40,"column":22},"end":{"line":40,"column":31}}],"line":40},"5":{"loc":{"start":{"line":46,"column":8},"end":{"line":48,"column":9}},"type":"if","locations":[{"start":{"line":46,"column":8},"end":{"line":48,"column":9}},{"start":{},"end":{}}],"line":46},"6":{"loc":{"start":{"line":52,"column":8},"end":{"line":54,"column":9}},"type":"if","locations":[{"start":{"line":52,"column":8},"end":{"line":54,"column":9}},{"start":{},"end":{}}],"line":52}},"s":{"0":2,"1":2,"2":2,"3":2,"4":2,"5":2,"6":2,"7":2,"8":0,"9":2,"10":2,"11":0,"12":2,"13":2,"14":2,"15":2,"16":0,"17":0,"18":2,"19":1,"20":1,"21":1,"22":0,"23":1,"24":1,"25":0,"26":1,"27":1,"28":0,"29":1,"30":1,"31":1,"32":0,"33":0},"f":{"0":2,"1":1},"b":{"0":[0,2],"1":[2,2,2],"2":[0,2],"3":[0,1],"4":[1,1],"5":[0,1],"6":[0,1]},"_coverageSchema":"1a1c01bbd47fc00a2c39e90264f33305004495a9","hash":"cdc8a1906e6e86743a5933a7e3cb1cd20a6c0f1b"}
,"C:\\Users\\user\\Desktop\\CURRENT PROJECTS\\Learning Express\\express2\\controllers\\books.js": {"path":"C:\\Users\\user\\Desktop\\CURRENT PROJECTS\\Learning Express\\express2\\controllers\\books.js","statementMap":{"0":{"start":{"line":1,"column":49},"end":{"line":1,"column":69}},"1":{"start":{"line":2,"column":10},"end":{"line":2,"column":33}},"2":{"start":{"line":3,"column":24},"end":{"line":3,"column":52}},"3":{"start":{"line":4,"column":14},"end":{"line":4,"column":40}},"4":{"start":{"line":6,"column":0},"end":{"line":25,"column":1}},"5":{"start":{"line":7,"column":4},"end":{"line":24,"column":5}},"6":{"start":{"line":8,"column":22},"end":{"line":8,"column":39}},"7":{"start":{"line":9,"column":39},"end":{"line":9,"column":47}},"8":{"start":{"line":11,"column":8},"end":{"line":13,"column":9}},"9":{"start":{"line":12,"column":12},"end":{"line":12,"column":85}},"10":{"start":{"line":15,"column":24},"end":{"line":15,"column":65}},"11":{"start":{"line":16,"column":27},"end":{"line":16,"column":43}},"12":{"start":{"line":18,"column":24},"end":{"line":18,"column":68}},"13":{"start":{"line":20,"column":8},"end":{"line":20,"column":100}},"14":{"start":{"line":22,"column":8},"end":{"line":22,"column":26}},"15":{"start":{"line":23,"column":8},"end":{"line":23,"column":90}},"16":{"start":{"line":28,"column":0},"end":{"line":51,"column":1}},"17":{"start":{"line":29,"column":4},"end":{"line":50,"column":5}},"18":{"start":{"line":30,"column":22},"end":{"line":30,"column":39}},"19":{"start":{"line":32,"column":30},"end":{"line":32,"column":40}},"20":{"start":{"line":34,"column":27},"end":{"line":34,"column":62}},"21":{"start":{"line":36,"column":8},"end":{"line":38,"column":9}},"22":{"start":{"line":37,"column":12},"end":{"line":37,"column":67}},"23":{"start":{"line":40,"column":24},"end":{"line":40,"column":65}},"24":{"start":{"line":42,"column":28},"end":{"line":42,"column":44}},"25":{"start":{"line":44,"column":8},"end":{"line":44,"column":44}},"26":{"start":{"line":46,"column":8},"end":{"line":46,"column":60}},"27":{"start":{"line":48,"column":8},"end":{"line":48,"column":26}},"28":{"start":{"line":49,"column":8},"end":{"line":49,"column":83}},"29":{"start":{"line":53,"column":0},"end":{"line":75,"column":1}},"30":{"start":{"line":54,"column":4},"end":{"line":74,"column":5}},"31":{"start":{"line":56,"column":23},"end":{"line":56,"column":41}},"32":{"start":{"line":58,"column":22},"end":{"line":58,"column":42}},"33":{"start":{"line":60,"column":24},"end":{"line":60,"column":65}},"34":{"start":{"line":62,"column":28},"end":{"line":62,"column":44}},"35":{"start":{"line":64,"column":25},"end":{"line":64,"column":43}},"36":{"start":{"line":66,"column":8},"end":{"line":68,"column":9}},"37":{"start":{"line":67,"column":12},"end":{"line":67,"column":85}},"38":{"start":{"line":70,"column":8},"end":{"line":70,"column":96}},"39":{"start":{"line":72,"column":8},"end":{"line":72,"column":26}},"40":{"start":{"line":73,"column":8},"end":{"line":73,"column":90}},"41":{"start":{"line":77,"column":0},"end":{"line":105,"column":1}},"42":{"start":{"line":78,"column":4},"end":{"line":103,"column":5}},"43":{"start":{"line":80,"column":23},"end":{"line":80,"column":41}},"44":{"start":{"line":82,"column":22},"end":{"line":82,"column":42}},"45":{"start":{"line":84,"column":24},"end":{"line":84,"column":65}},"46":{"start":{"line":86,"column":30},"end":{"line":86,"column":40}},"47":{"start":{"line":88,"column":27},"end":{"line":88,"column":118}},"48":{"start":{"line":90,"column":8},"end":{"line":92,"column":9}},"49":{"start":{"line":91,"column":11},"end":{"line":91,"column":66}},"50":{"start":{"line":94,"column":26},"end":{"line":94,"column":42}},"51":{"start":{"line":96,"column":8},"end":{"line":96,"column":40}},"52":{"start":{"line":98,"column":8},"end":{"line":98,"column":65}},"53":{"start":{"line":101,"column":8},"end":{"line":101,"column":26}},"54":{"start":{"line":102,"column":8},"end":{"line":102,"column":90}},"55":{"start":{"line":107,"column":0},"end":{"line":130,"column":1}},"56":{"start":{"line":108,"column":4},"end":{"line":129,"column":5}},"57":{"start":{"line":109,"column":23},"end":{"line":109,"column":41}},"58":{"start":{"line":111,"column":22},"end":{"line":111,"column":42}},"59":{"start":{"line":113,"column":24},"end":{"line":113,"column":65}},"60":{"start":{"line":115,"column":30},"end":{"line":115,"column":40}},"61":{"start":{"line":117,"column":27},"end":{"line":117,"column":72}},"62":{"start":{"line":119,"column":26},"end":{"line":119,"column":42}},"63":{"start":{"line":121,"column":8},"end":{"line":123,"column":9}},"64":{"start":{"line":122,"column":9},"end":{"line":122,"column":64}},"65":{"start":{"line":125,"column":8},"end":{"line":125,"column":104}},"66":{"start":{"line":127,"column":8},"end":{"line":127,"column":26}},"67":{"start":{"line":128,"column":8},"end":{"line":128,"column":90}}},"fnMap":{"0":{"name":"(anonymous_0)","decl":{"start":{"line":6,"column":21},"end":{"line":6,"column":22}},"loc":{"start":{"line":6,"column":41},"end":{"line":25,"column":1}},"line":6},"1":{"name":"(anonymous_1)","decl":{"start":{"line":28,"column":24},"end":{"line":28,"column":25}},"loc":{"start":{"line":28,"column":44},"end":{"line":51,"column":1}},"line":28},"2":{"name":"(anonymous_2)","decl":{"start":{"line":53,"column":22},"end":{"line":53,"column":23}},"loc":{"start":{"line":53,"column":42},"end":{"line":75,"column":1}},"line":53},"3":{"name":"(anonymous_3)","decl":{"start":{"line":77,"column":21},"end":{"line":77,"column":22}},"loc":{"start":{"line":77,"column":41},"end":{"line":105,"column":1}},"line":77},"4":{"name":"(anonymous_4)","decl":{"start":{"line":107,"column":21},"end":{"line":107,"column":22}},"loc":{"start":{"line":107,"column":41},"end":{"line":130,"column":1}},"line":107}},"branchMap":{"0":{"loc":{"start":{"line":11,"column":8},"end":{"line":13,"column":9}},"type":"if","locations":[{"start":{"line":11,"column":8},"end":{"line":13,"column":9}},{"start":{},"end":{}}],"line":11},"1":{"loc":{"start":{"line":11,"column":12},"end":{"line":11,"column":39}},"type":"binary-expr","locations":[{"start":{"line":11,"column":12},"end":{"line":11,"column":18}},{"start":{"line":11,"column":22},"end":{"line":11,"column":29}},{"start":{"line":11,"column":33},"end":{"line":11,"column":39}}],"line":11},"2":{"loc":{"start":{"line":36,"column":8},"end":{"line":38,"column":9}},"type":"if","locations":[{"start":{"line":36,"column":8},"end":{"line":38,"column":9}},{"start":{},"end":{}}],"line":36},"3":{"loc":{"start":{"line":66,"column":8},"end":{"line":68,"column":9}},"type":"if","locations":[{"start":{"line":66,"column":8},"end":{"line":68,"column":9}},{"start":{},"end":{}}],"line":66},"4":{"loc":{"start":{"line":90,"column":8},"end":{"line":92,"column":9}},"type":"if","locations":[{"start":{"line":90,"column":8},"end":{"line":92,"column":9}},{"start":{},"end":{}}],"line":90},"5":{"loc":{"start":{"line":121,"column":8},"end":{"line":123,"column":9}},"type":"if","locations":[{"start":{"line":121,"column":8},"end":{"line":123,"column":9}},{"start":{},"end":{}}],"line":121}},"s":{"0":2,"1":2,"2":2,"3":2,"4":2,"5":1,"6":1,"7":1,"8":1,"9":0,"10":1,"11":1,"12":1,"13":1,"14":0,"15":0,"16":2,"17":1,"18":1,"19":1,"20":1,"21":1,"22":0,"23":1,"24":1,"25":1,"26":1,"27":0,"28":0,"29":2,"30":1,"31":1,"32":1,"33":1,"34":1,"35":1,"36":1,"37":0,"38":1,"39":0,"40":0,"41":2,"42":1,"43":1,"44":1,"45":1,"46":1,"47":1,"48":1,"49":0,"50":1,"51":1,"52":1,"53":0,"54":0,"55":2,"56":1,"57":1,"58":1,"59":1,"60":1,"61":1,"62":1,"63":1,"64":0,"65":1,"66":0,"67":0},"f":{"0":1,"1":1,"2":1,"3":1,"4":1},"b":{"0":[0,1],"1":[1,1,1],"2":[0,1],"3":[0,1],"4":[0,1],"5":[0,1]},"_coverageSchema":"1a1c01bbd47fc00a2c39e90264f33305004495a9","hash":"ae58893d2a68329a0794f4c20148be973d2dfd68"}
,"C:\\Users\\user\\Desktop\\CURRENT PROJECTS\\Learning Express\\express2\\errors\\badrequest.js": {"path":"C:\\Users\\user\\Desktop\\CURRENT PROJECTS\\Learning Express\\express2\\errors\\badrequest.js","statementMap":{"0":{"start":{"line":1,"column":22},"end":{"line":1,"column":50}},"1":{"start":{"line":2,"column":23},"end":{"line":2,"column":47}},"2":{"start":{"line":6,"column":8},"end":{"line":6,"column":22}},"3":{"start":{"line":7,"column":8},"end":{"line":7,"column":49}},"4":{"start":{"line":11,"column":0},"end":{"line":11,"column":35}}},"fnMap":{"0":{"name":"(anonymous_0)","decl":{"start":{"line":5,"column":4},"end":{"line":5,"column":5}},"loc":{"start":{"line":5,"column":25},"end":{"line":8,"column":5}},"line":5}},"branchMap":{},"s":{"0":2,"1":2,"2":0,"3":0,"4":2},"f":{"0":0},"b":{},"_coverageSchema":"1a1c01bbd47fc00a2c39e90264f33305004495a9","hash":"4b25d92175a83366c071ada4fb9a6bd7d42e484c"}
,"C:\\Users\\user\\Desktop\\CURRENT PROJECTS\\Learning Express\\express2\\errors\\customerror.js": {"path":"C:\\Users\\user\\Desktop\\CURRENT PROJECTS\\Learning Express\\express2\\errors\\customerror.js","statementMap":{"0":{"start":{"line":3,"column":8},"end":{"line":3,"column":22}},"1":{"start":{"line":7,"column":0},"end":{"line":7,"column":31}}},"fnMap":{"0":{"name":"(anonymous_0)","decl":{"start":{"line":2,"column":4},"end":{"line":2,"column":5}},"loc":{"start":{"line":2,"column":25},"end":{"line":4,"column":5}},"line":2}},"branchMap":{},"s":{"0":0,"1":2},"f":{"0":0},"b":{},"_coverageSchema":"1a1c01bbd47fc00a2c39e90264f33305004495a9","hash":"13f6935c37967d945707db9793a3b356364de4e9"}
,"C:\\Users\\user\\Desktop\\CURRENT PROJECTS\\Learning Express\\express2\\errors\\index.js": {"path":"C:\\Users\\user\\Desktop\\CURRENT PROJECTS\\Learning Express\\express2\\errors\\index.js","statementMap":{"0":{"start":{"line":1,"column":27},"end":{"line":1,"column":50}},"1":{"start":{"line":2,"column":23},"end":{"line":2,"column":47}},"2":{"start":{"line":3,"column":25},"end":{"line":3,"column":46}},"3":{"start":{"line":4,"column":32},"end":{"line":4,"column":60}},"4":{"start":{"line":6,"column":0},"end":{"line":11,"column":1}}},"fnMap":{},"branchMap":{},"s":{"0":2,"1":2,"2":2,"3":2,"4":2},"f":{},"b":{},"_coverageSchema":"1a1c01bbd47fc00a2c39e90264f33305004495a9","hash":"aef0f7885e32708d2b88fb16362c474704f246d1"}
,"C:\\Users\\user\\Desktop\\CURRENT PROJECTS\\Learning Express\\express2\\errors\\notfound.js": {"path":"C:\\Users\\user\\Desktop\\CURRENT PROJECTS\\Learning Express\\express2\\errors\\notfound.js","statementMap":{"0":{"start":{"line":1,"column":22},"end":{"line":1,"column":50}},"1":{"start":{"line":2,"column":23},"end":{"line":2,"column":47}},"2":{"start":{"line":6,"column":8},"end":{"line":6,"column":22}},"3":{"start":{"line":7,"column":8},"end":{"line":7,"column":47}},"4":{"start":{"line":11,"column":0},"end":{"line":11,"column":33}}},"fnMap":{"0":{"name":"(anonymous_0)","decl":{"start":{"line":5,"column":4},"end":{"line":5,"column":5}},"loc":{"start":{"line":5,"column":25},"end":{"line":8,"column":5}},"line":5}},"branchMap":{},"s":{"0":2,"1":2,"2":0,"3":0,"4":2},"f":{"0":0},"b":{},"_coverageSchema":"1a1c01bbd47fc00a2c39e90264f33305004495a9","hash":"fe16792eec09dcd77f86851628bb116c427e1e41"}
,"C:\\Users\\user\\Desktop\\CURRENT PROJECTS\\Learning Express\\express2\\errors\\unauthenticated.js": {"path":"C:\\Users\\user\\Desktop\\CURRENT PROJECTS\\Learning Express\\express2\\errors\\unauthenticated.js","statementMap":{"0":{"start":{"line":1,"column":22},"end":{"line":1,"column":50}},"1":{"start":{"line":2,"column":23},"end":{"line":2,"column":47}},"2":{"start":{"line":6,"column":8},"end":{"line":6,"column":22}},"3":{"start":{"line":7,"column":8},"end":{"line":7,"column":49}},"4":{"start":{"line":11,"column":0},"end":{"line":11,"column":40}}},"fnMap":{"0":{"name":"(anonymous_0)","decl":{"start":{"line":5,"column":4},"end":{"line":5,"column":5}},"loc":{"start":{"line":5,"column":25},"end":{"line":8,"column":5}},"line":5}},"branchMap":{},"s":{"0":2,"1":2,"2":0,"3":0,"4":2},"f":{"0":0},"b":{},"_coverageSchema":"1a1c01bbd47fc00a2c39e90264f33305004495a9","hash":"e8b6f9fbd7415eb6586c54ab914edd8f8fe60d6f"}
,"C:\\Users\\user\\Desktop\\CURRENT PROJECTS\\Learning Express\\express2\\middlewares\\auth.js": {"path":"C:\\Users\\user\\Desktop\\CURRENT PROJECTS\\Learning Express\\express2\\middlewares\\auth.js","statementMap":{"0":{"start":{"line":1,"column":12},"end":{"line":1,"column":35}},"1":{"start":{"line":2,"column":34},"end":{"line":2,"column":54}},"2":{"start":{"line":4,"column":33},"end":{"line":21,"column":1}},"3":{"start":{"line":5,"column":4},"end":{"line":20,"column":5}},"4":{"start":{"line":6,"column":23},"end":{"line":6,"column":41}},"5":{"start":{"line":8,"column":8},"end":{"line":10,"column":9}},"6":{"start":{"line":9,"column":12},"end":{"line":9,"column":65}},"7":{"start":{"line":12,"column":22},"end":{"line":12,"column":42}},"8":{"start":{"line":14,"column":24},"end":{"line":14,"column":65}},"9":{"start":{"line":15,"column":8},"end":{"line":15,"column":73}},"10":{"start":{"line":16,"column":8},"end":{"line":16,"column":14}},"11":{"start":{"line":18,"column":8},"end":{"line":18,"column":26}},"12":{"start":{"line":19,"column":8},"end":{"line":19,"column":67}},"13":{"start":{"line":23,"column":0},"end":{"line":23,"column":41}}},"fnMap":{"0":{"name":"(anonymous_0)","decl":{"start":{"line":4,"column":33},"end":{"line":4,"column":34}},"loc":{"start":{"line":4,"column":53},"end":{"line":21,"column":1}},"line":4}},"branchMap":{"0":{"loc":{"start":{"line":8,"column":8},"end":{"line":10,"column":9}},"type":"if","locations":[{"start":{"line":8,"column":8},"end":{"line":10,"column":9}},{"start":{},"end":{}}],"line":8},"1":{"loc":{"start":{"line":8,"column":12},"end":{"line":8,"column":50}},"type":"binary-expr","locations":[{"start":{"line":8,"column":12},"end":{"line":8,"column":19}},{"start":{"line":8,"column":23},"end":{"line":8,"column":50}}],"line":8}},"s":{"0":2,"1":2,"2":2,"3":5,"4":5,"5":5,"6":0,"7":5,"8":5,"9":5,"10":5,"11":0,"12":0,"13":2},"f":{"0":5},"b":{"0":[0,5],"1":[5,5]},"_coverageSchema":"1a1c01bbd47fc00a2c39e90264f33305004495a9","hash":"0cc4ebaa9551f6f332317e7f25d2510abd9c8c90"}
,"C:\\Users\\user\\Desktop\\CURRENT PROJECTS\\Learning Express\\express2\\middlewares\\errorhandler.js": {"path":"C:\\Users\\user\\Desktop\\CURRENT PROJECTS\\Learning Express\\express2\\middlewares\\errorhandler.js","statementMap":{"0":{"start":{"line":1,"column":24},"end":{"line":1,"column":52}},"1":{"start":{"line":3,"column":31},"end":{"line":25,"column":1}},"2":{"start":{"line":4,"column":21},"end":{"line":7,"column":4}},"3":{"start":{"line":9,"column":3},"end":{"line":12,"column":4}},"4":{"start":{"line":10,"column":4},"end":{"line":10,"column":85}},"5":{"start":{"line":10,"column":62},"end":{"line":10,"column":74}},"6":{"start":{"line":11,"column":4},"end":{"line":11,"column":52}},"7":{"start":{"line":14,"column":3},"end":{"line":17,"column":4}},"8":{"start":{"line":15,"column":4},"end":{"line":15,"column":133}},"9":{"start":{"line":16,"column":4},"end":{"line":16,"column":52}},"10":{"start":{"line":19,"column":3},"end":{"line":22,"column":4}},"11":{"start":{"line":20,"column":4},"end":{"line":20,"column":58}},"12":{"start":{"line":21,"column":4},"end":{"line":21,"column":50}},"13":{"start":{"line":24,"column":3},"end":{"line":24,"column":74}},"14":{"start":{"line":27,"column":2},"end":{"line":27,"column":41}}},"fnMap":{"0":{"name":"(anonymous_0)","decl":{"start":{"line":3,"column":31},"end":{"line":3,"column":32}},"loc":{"start":{"line":3,"column":51},"end":{"line":25,"column":1}},"line":3},"1":{"name":"(anonymous_1)","decl":{"start":{"line":10,"column":52},"end":{"line":10,"column":53}},"loc":{"start":{"line":10,"column":62},"end":{"line":10,"column":74}},"line":10}},"branchMap":{"0":{"loc":{"start":{"line":5,"column":17},"end":{"line":5,"column":68}},"type":"binary-expr","locations":[{"start":{"line":5,"column":17},"end":{"line":5,"column":31}},{"start":{"line":5,"column":35},"end":{"line":5,"column":68}}],"line":5},"1":{"loc":{"start":{"line":6,"column":10},"end":{"line":6,"column":68}},"type":"binary-expr","locations":[{"start":{"line":6,"column":10},"end":{"line":6,"column":21}},{"start":{"line":6,"column":25},"end":{"line":6,"column":68}}],"line":6},"2":{"loc":{"start":{"line":9,"column":3},"end":{"line":12,"column":4}},"type":"if","locations":[{"start":{"line":9,"column":3},"end":{"line":12,"column":4}},{"start":{},"end":{}}],"line":9},"3":{"loc":{"start":{"line":14,"column":3},"end":{"line":17,"column":4}},"type":"if","locations":[{"start":{"line":14,"column":3},"end":{"line":17,"column":4}},{"start":{},"end":{}}],"line":14},"4":{"loc":{"start":{"line":14,"column":7},"end":{"line":14,"column":37}},"type":"binary-expr","locations":[{"start":{"line":14,"column":7},"end":{"line":14,"column":15}},{"start":{"line":14,"column":19},"end":{"line":14,"column":37}}],"line":14},"5":{"loc":{"start":{"line":19,"column":3},"end":{"line":22,"column":4}},"type":"if","locations":[{"start":{"line":19,"column":3},"end":{"line":22,"column":4}},{"start":{},"end":{}}],"line":19}},"s":{"0":2,"1":2,"2":0,"3":0,"4":0,"5":0,"6":0,"7":0,"8":0,"9":0,"10":0,"11":0,"12":0,"13":0,"14":2},"f":{"0":0,"1":0},"b":{"0":[0,0],"1":[0,0],"2":[0,0],"3":[0,0],"4":[0,0],"5":[0,0]},"_coverageSchema":"1a1c01bbd47fc00a2c39e90264f33305004495a9","hash":"e2ad1c3375874b875162010555aad352553793f1"}
,"C:\\Users\\user\\Desktop\\CURRENT PROJECTS\\Learning Express\\express2\\middlewares\\notfound.js": {"path":"C:\\Users\\user\\Desktop\\CURRENT PROJECTS\\Learning Express\\express2\\middlewares\\notfound.js","statementMap":{"0":{"start":{"line":1,"column":24},"end":{"line":1,"column":52}},"1":{"start":{"line":3,"column":17},"end":{"line":6,"column":1}},"2":{"start":{"line":4,"column":4},"end":{"line":4,"column":22}},"3":{"start":{"line":5,"column":4},"end":{"line":5,"column":89}},"4":{"start":{"line":8,"column":0},"end":{"line":8,"column":25}}},"fnMap":{"0":{"name":"(anonymous_0)","decl":{"start":{"line":3,"column":17},"end":{"line":3,"column":18}},"loc":{"start":{"line":3,"column":38},"end":{"line":6,"column":1}},"line":3}},"branchMap":{},"s":{"0":2,"1":2,"2":0,"3":0,"4":2},"f":{"0":0},"b":{},"_coverageSchema":"1a1c01bbd47fc00a2c39e90264f33305004495a9","hash":"6e52a496d7137e00d6a6650cf253be558d728b20"}
,"C:\\Users\\user\\Desktop\\CURRENT PROJECTS\\Learning Express\\express2\\models\\auth.js": {"path":"C:\\Users\\user\\Desktop\\CURRENT PROJECTS\\Learning Express\\express2\\models\\auth.js","statementMap":{"0":{"start":{"line":1,"column":17},"end":{"line":1,"column":36}},"1":{"start":{"line":2,"column":15},"end":{"line":2,"column":34}},"2":{"start":{"line":3,"column":12},"end":{"line":3,"column":35}},"3":{"start":{"line":5,"column":19},"end":{"line":26,"column":23}},"4":{"start":{"line":28,"column":0},"end":{"line":31,"column":2}},"5":{"start":{"line":29,"column":15},"end":{"line":29,"column":39}},"6":{"start":{"line":30,"column":2},"end":{"line":30,"column":56}},"7":{"start":{"line":33,"column":0},"end":{"line":35,"column":1}},"8":{"start":{"line":34,"column":2},"end":{"line":34,"column":22}},"9":{"start":{"line":37,"column":0},"end":{"line":39,"column":1}},"10":{"start":{"line":38,"column":2},"end":{"line":38,"column":129}},"11":{"start":{"line":41,"column":0},"end":{"line":44,"column":1}},"12":{"start":{"line":42,"column":18},"end":{"line":42,"column":74}},"13":{"start":{"line":43,"column":2},"end":{"line":43,"column":16}},"14":{"start":{"line":46,"column":4},"end":{"line":46,"column":55}}},"fnMap":{"0":{"name":"(anonymous_0)","decl":{"start":{"line":28,"column":23},"end":{"line":28,"column":24}},"loc":{"start":{"line":28,"column":41},"end":{"line":31,"column":1}},"line":28},"1":{"name":"(anonymous_1)","decl":{"start":{"line":33,"column":33},"end":{"line":33,"column":34}},"loc":{"start":{"line":33,"column":45},"end":{"line":35,"column":1}},"line":33},"2":{"name":"(anonymous_2)","decl":{"start":{"line":37,"column":31},"end":{"line":37,"column":32}},"loc":{"start":{"line":37,"column":43},"end":{"line":39,"column":1}},"line":37},"3":{"name":"(anonymous_3)","decl":{"start":{"line":41,"column":37},"end":{"line":41,"column":38}},"loc":{"start":{"line":41,"column":72},"end":{"line":44,"column":1}},"line":41}},"branchMap":{},"s":{"0":2,"1":2,"2":2,"3":2,"4":2,"5":2,"6":2,"7":2,"8":0,"9":2,"10":3,"11":2,"12":1,"13":1,"14":2},"f":{"0":2,"1":0,"2":3,"3":1},"b":{},"_coverageSchema":"1a1c01bbd47fc00a2c39e90264f33305004495a9","hash":"30d14d085241efb7b30ae5a36ee0c275185db510"}
,"C:\\Users\\user\\Desktop\\CURRENT PROJECTS\\Learning Express\\express2\\models\\books.js": {"path":"C:\\Users\\user\\Desktop\\CURRENT PROJECTS\\Learning Express\\express2\\models\\books.js","statementMap":{"0":{"start":{"line":1,"column":18},"end":{"line":1,"column":37}},"1":{"start":{"line":3,"column":19},"end":{"line":31,"column":24}},"2":{"start":{"line":33,"column":0},"end":{"line":33,"column":52}}},"fnMap":{},"branchMap":{},"s":{"0":2,"1":2,"2":2},"f":{},"b":{},"_coverageSchema":"1a1c01bbd47fc00a2c39e90264f33305004495a9","hash":"636f7a71c8c4b3c988ff2a0c503a52776a3efbb4"}
,"C:\\Users\\user\\Desktop\\CURRENT PROJECTS\\Learning Express\\express2\\routes\\auth.js": {"path":"C:\\Users\\user\\Desktop\\CURRENT PROJECTS\\Learning Express\\express2\\routes\\auth.js","statementMap":{"0":{"start":{"line":1,"column":16},"end":{"line":1,"column":34}},"1":{"start":{"line":2,"column":15},"end":{"line":2,"column":31}},"2":{"start":{"line":4,"column":34},"end":{"line":4,"column":64}},"3":{"start":{"line":6,"column":0},"end":{"line":6,"column":44}},"4":{"start":{"line":7,"column":0},"end":{"line":7,"column":38}},"5":{"start":{"line":9,"column":0},"end":{"line":9,"column":23}}},"fnMap":{},"branchMap":{},"s":{"0":2,"1":2,"2":2,"3":2,"4":2,"5":2},"f":{},"b":{},"_coverageSchema":"1a1c01bbd47fc00a2c39e90264f33305004495a9","hash":"9118b5478ee9ba1cb3adf6600aec6f1021e81dc7"}
,"C:\\Users\\user\\Desktop\\CURRENT PROJECTS\\Learning Express\\express2\\routes\\books.js": {"path":"C:\\Users\\user\\Desktop\\CURRENT PROJECTS\\Learning Express\\express2\\routes\\books.js","statementMap":{"0":{"start":{"line":1,"column":16},"end":{"line":1,"column":34}},"1":{"start":{"line":2,"column":15},"end":{"line":2,"column":31}},"2":{"start":{"line":4,"column":73},"end":{"line":4,"column":104}},"3":{"start":{"line":6,"column":0},"end":{"line":6,"column":55}},"4":{"start":{"line":7,"column":0},"end":{"line":7,"column":81}},"5":{"start":{"line":9,"column":0},"end":{"line":9,"column":23}}},"fnMap":{},"branchMap":{},"s":{"0":2,"1":2,"2":2,"3":2,"4":2,"5":2},"f":{},"b":{},"_coverageSchema":"1a1c01bbd47fc00a2c39e90264f33305004495a9","hash":"c854ec08327eedc95d663bf6b4bb7467cc97dd20"}
}
