TN:
SF:app.js
FNF:0
FNH:0
DA:1,2
DA:2,2
DA:4,2
DA:5,2
DA:6,2
DA:7,2
DA:8,2
DA:9,2
DA:10,2
DA:11,2
DA:13,2
DA:14,2
DA:16,2
DA:18,2
DA:19,2
DA:21,2
DA:22,2
DA:24,2
LF:18
LH:18
BRF:0
BRH:0
end_of_record
TN:
SF:controllers\auth.js
FN:7,(anonymous_0)
FN:36,(anonymous_1)
FNF:2
FNH:2
FNDA:2,(anonymous_0)
FNDA:1,(anonymous_1)
DA:1,2
DA:2,2
DA:3,2
DA:4,2
DA:7,2
DA:8,2
DA:9,2
DA:11,2
DA:12,0
DA:15,2
DA:17,2
DA:18,0
DA:21,2
DA:23,2
DA:25,2
DA:27,2
DA:30,0
DA:31,0
DA:36,2
DA:37,1
DA:38,1
DA:40,1
DA:41,0
DA:44,1
DA:46,1
DA:47,0
DA:50,1
DA:52,1
DA:53,0
DA:56,1
DA:58,1
DA:60,1
DA:62,0
DA:63,0
LF:34
LH:25
BRDA:11,0,0,0
BRDA:11,0,1,2
BRDA:11,1,0,2
BRDA:11,1,1,2
BRDA:11,1,2,2
BRDA:17,2,0,0
BRDA:17,2,1,2
BRDA:40,3,0,0
BRDA:40,3,1,1
BRDA:40,4,0,1
BRDA:40,4,1,1
BRDA:46,5,0,0
BRDA:46,5,1,1
BRDA:52,6,0,0
BRDA:52,6,1,1
BRF:15
BRH:10
end_of_record
TN:
SF:controllers\books.js
FN:6,(anonymous_0)
FN:28,(anonymous_1)
FN:53,(anonymous_2)
FN:77,(anonymous_3)
FN:107,(anonymous_4)
FNF:5
FNH:5
FNDA:1,(anonymous_0)
FNDA:1,(anonymous_1)
FNDA:1,(anonymous_2)
FNDA:1,(anonymous_3)
FNDA:1,(anonymous_4)
DA:1,2
DA:2,2
DA:3,2
DA:4,2
DA:6,2
DA:7,1
DA:8,1
DA:9,1
DA:11,1
DA:12,0
DA:15,1
DA:16,1
DA:18,1
DA:20,1
DA:22,0
DA:23,0
DA:28,2
DA:29,1
DA:30,1
DA:32,1
DA:34,1
DA:36,1
DA:37,0
DA:40,1
DA:42,1
DA:44,1
DA:46,1
DA:48,0
DA:49,0
DA:53,2
DA:54,1
DA:56,1
DA:58,1
DA:60,1
DA:62,1
DA:64,1
DA:66,1
DA:67,0
DA:70,1
DA:72,0
DA:73,0
DA:77,2
DA:78,1
DA:80,1
DA:82,1
DA:84,1
DA:86,1
DA:88,1
DA:90,1
DA:91,0
DA:94,1
DA:96,1
DA:98,1
DA:101,0
DA:102,0
DA:107,2
DA:108,1
DA:109,1
DA:111,1
DA:113,1
DA:115,1
DA:117,1
DA:119,1
DA:121,1
DA:122,0
DA:125,1
DA:127,0
DA:128,0
LF:68
LH:53
BRDA:11,0,0,0
BRDA:11,0,1,1
BRDA:11,1,0,1
BRDA:11,1,1,1
BRDA:11,1,2,1
BRDA:36,2,0,0
BRDA:36,2,1,1
BRDA:66,3,0,0
BRDA:66,3,1,1
BRDA:90,4,0,0
BRDA:90,4,1,1
BRDA:121,5,0,0
BRDA:121,5,1,1
BRF:13
BRH:8
end_of_record
TN:
SF:errors\badrequest.js
FN:5,(anonymous_0)
FNF:1
FNH:0
FNDA:0,(anonymous_0)
DA:1,2
DA:2,2
DA:6,0
DA:7,0
DA:11,2
LF:5
LH:3
BRF:0
BRH:0
end_of_record
TN:
SF:errors\customerror.js
FN:2,(anonymous_0)
FNF:1
FNH:0
FNDA:0,(anonymous_0)
DA:3,0
DA:7,2
LF:2
LH:1
BRF:0
BRH:0
end_of_record
TN:
SF:errors\index.js
FNF:0
FNH:0
DA:1,2
DA:2,2
DA:3,2
DA:4,2
DA:6,2
LF:5
LH:5
BRF:0
BRH:0
end_of_record
TN:
SF:errors\notfound.js
FN:5,(anonymous_0)
FNF:1
FNH:0
FNDA:0,(anonymous_0)
DA:1,2
DA:2,2
DA:6,0
DA:7,0
DA:11,2
LF:5
LH:3
BRF:0
BRH:0
end_of_record
TN:
SF:errors\unauthenticated.js
FN:5,(anonymous_0)
FNF:1
FNH:0
FNDA:0,(anonymous_0)
DA:1,2
DA:2,2
DA:6,0
DA:7,0
DA:11,2
LF:5
LH:3
BRF:0
BRH:0
end_of_record
TN:
SF:middlewares\auth.js
FN:4,(anonymous_0)
FNF:1
FNH:1
FNDA:5,(anonymous_0)
DA:1,2
DA:2,2
DA:4,2
DA:5,5
DA:6,5
DA:8,5
DA:9,0
DA:12,5
DA:14,5
DA:15,5
DA:16,5
DA:18,0
DA:19,0
DA:23,2
LF:14
LH:11
BRDA:8,0,0,0
BRDA:8,0,1,5
BRDA:8,1,0,5
BRDA:8,1,1,5
BRF:4
BRH:3
end_of_record
TN:
SF:middlewares\errorhandler.js
FN:3,(anonymous_0)
FN:10,(anonymous_1)
FNF:2
FNH:0
FNDA:0,(anonymous_0)
FNDA:0,(anonymous_1)
DA:1,2
DA:3,2
DA:4,0
DA:9,0
DA:10,0
DA:11,0
DA:14,0
DA:15,0
DA:16,0
DA:19,0
DA:20,0
DA:21,0
DA:24,0
DA:27,2
LF:14
LH:3
BRDA:5,0,0,0
BRDA:5,0,1,0
BRDA:6,1,0,0
BRDA:6,1,1,0
BRDA:9,2,0,0
BRDA:9,2,1,0
BRDA:14,3,0,0
BRDA:14,3,1,0
BRDA:14,4,0,0
BRDA:14,4,1,0
BRDA:19,5,0,0
BRDA:19,5,1,0
BRF:12
BRH:0
end_of_record
TN:
SF:middlewares\notfound.js
FN:3,(anonymous_0)
FNF:1
FNH:0
FNDA:0,(anonymous_0)
DA:1,2
DA:3,2
DA:4,0
DA:5,0
DA:8,2
LF:5
LH:3
BRF:0
BRH:0
end_of_record
TN:
SF:models\auth.js
FN:28,(anonymous_0)
FN:33,(anonymous_1)
FN:37,(anonymous_2)
FN:41,(anonymous_3)
FNF:4
FNH:3
FNDA:2,(anonymous_0)
FNDA:0,(anonymous_1)
FNDA:3,(anonymous_2)
FNDA:1,(anonymous_3)
DA:1,2
DA:2,2
DA:3,2
DA:5,2
DA:28,2
DA:29,2
DA:30,2
DA:33,2
DA:34,0
DA:37,2
DA:38,3
DA:41,2
DA:42,1
DA:43,1
DA:46,2
LF:15
LH:14
BRF:0
BRH:0
end_of_record
TN:
SF:models\books.js
FNF:0
FNH:0
DA:1,2
DA:3,2
DA:33,2
LF:3
LH:3
BRF:0
BRH:0
end_of_record
TN:
SF:routes\auth.js
FNF:0
FNH:0
DA:1,2
DA:2,2
DA:4,2
DA:6,2
DA:7,2
DA:9,2
LF:6
LH:6
BRF:0
BRH:0
end_of_record
TN:
SF:routes\books.js
FNF:0
FNH:0
DA:1,2
DA:2,2
DA:4,2
DA:6,2
DA:7,2
DA:9,2
LF:6
LH:6
BRF:0
BRH:0
end_of_record
