{"C:\\Users\\user\\Desktop\\CURRENT PROJECTS\\Learning Express\\express5\\app.js": {"path":"C:\\Users\\user\\Desktop\\CURRENT PROJECTS\\Learning Express\\express5\\app.js","statementMap":{"0":{"start":{"line":1,"column":0},"end":{"line":1,"column":26}},"1":{"start":{"line":2,"column":0},"end":{"line":2,"column":30}},"2":{"start":{"line":4,"column":16},"end":{"line":4,"column":34}},"3":{"start":{"line":5,"column":12},"end":{"line":5,"column":21}},"4":{"start":{"line":6,"column":19},"end":{"line":6,"column":43}},"5":{"start":{"line":7,"column":21},"end":{"line":7,"column":47}},"6":{"start":{"line":8,"column":18},"end":{"line":8,"column":41}},"7":{"start":{"line":9,"column":13},"end":{"line":9,"column":37}},"8":{"start":{"line":10,"column":21},"end":{"line":10,"column":45}},"9":{"start":{"line":11,"column":18},"end":{"line":11,"column":39}},"10":{"start":{"line":12,"column":23},"end":{"line":12,"column":52}},"11":{"start":{"line":13,"column":27},"end":{"line":13,"column":60}},"12":{"start":{"line":14,"column":31},"end":{"line":14,"column":68}},"13":{"start":{"line":15,"column":18},"end":{"line":15,"column":47}},"14":{"start":{"line":16,"column":15},"end":{"line":16,"column":32}},"15":{"start":{"line":19,"column":15},"end":{"line":19,"column":41}},"16":{"start":{"line":21,"column":0},"end":{"line":21,"column":22}},"17":{"start":{"line":23,"column":14},"end":{"line":29,"column":2}},"18":{"start":{"line":31,"column":0},"end":{"line":31,"column":14}},"19":{"start":{"line":34,"column":0},"end":{"line":34,"column":23}},"20":{"start":{"line":35,"column":0},"end":{"line":35,"column":46}},"21":{"start":{"line":37,"column":0},"end":{"line":37,"column":23}},"22":{"start":{"line":39,"column":0},"end":{"line":39,"column":25}},"23":{"start":{"line":41,"column":0},"end":{"line":44,"column":2}},"24":{"start":{"line":42,"column":4},"end":{"line":42,"column":40}},"25":{"start":{"line":43,"column":4},"end":{"line":43,"column":38}},"26":{"start":{"line":46,"column":0},"end":{"line":48,"column":2}},"27":{"start":{"line":47,"column":4},"end":{"line":47,"column":56}},"28":{"start":{"line":50,"column":0},"end":{"line":53,"column":2}},"29":{"start":{"line":51,"column":4},"end":{"line":51,"column":30}},"30":{"start":{"line":52,"column":4},"end":{"line":52,"column":65}},"31":{"start":{"line":55,"column":0},"end":{"line":55,"column":24}},"32":{"start":{"line":56,"column":0},"end":{"line":56,"column":42}},"33":{"start":{"line":58,"column":0},"end":{"line":58,"column":27}},"34":{"start":{"line":59,"column":0},"end":{"line":59,"column":31}},"35":{"start":{"line":61,"column":0},"end":{"line":61,"column":20}}},"fnMap":{"0":{"name":"(anonymous_0)","decl":{"start":{"line":41,"column":13},"end":{"line":41,"column":14}},"loc":{"start":{"line":41,"column":27},"end":{"line":44,"column":1}},"line":41},"1":{"name":"(anonymous_1)","decl":{"start":{"line":46,"column":18},"end":{"line":46,"column":19}},"loc":{"start":{"line":46,"column":32},"end":{"line":48,"column":1}},"line":46},"2":{"name":"(anonymous_2)","decl":{"start":{"line":50,"column":8},"end":{"line":50,"column":9}},"loc":{"start":{"line":50,"column":33},"end":{"line":53,"column":1}},"line":50}},"branchMap":{"0":{"loc":{"start":{"line":9,"column":13},"end":{"line":9,"column":37}},"type":"binary-expr","locations":[{"start":{"line":9,"column":13},"end":{"line":9,"column":29}},{"start":{"line":9,"column":33},"end":{"line":9,"column":37}}],"line":9}},"s":{"0":2,"1":2,"2":2,"3":2,"4":2,"5":2,"6":2,"7":2,"8":2,"9":2,"10":2,"11":2,"12":2,"13":2,"14":2,"15":2,"16":2,"17":2,"18":2,"19":2,"20":2,"21":2,"22":2,"23":2,"24":0,"25":0,"26":2,"27":0,"28":2,"29":0,"30":0,"31":2,"32":2,"33":2,"34":2,"35":2},"f":{"0":0,"1":0,"2":0},"b":{"0":[2,2]},"_coverageSchema":"1a1c01bbd47fc00a2c39e90264f33305004495a9","hash":"ed2a0ff93f81dfa4733ae7ad4fbc17469a3b53af"}
,"C:\\Users\\user\\Desktop\\CURRENT PROJECTS\\Learning Express\\express5\\controllers\\auth.js": {"path":"C:\\Users\\user\\Desktop\\CURRENT PROJECTS\\Learning Express\\express5\\controllers\\auth.js","statementMap":{"0":{"start":{"line":1,"column":24},"end":{"line":1,"column":52}},"1":{"start":{"line":2,"column":56},"end":{"line":2,"column":76}},"2":{"start":{"line":3,"column":13},"end":{"line":3,"column":38}},"3":{"start":{"line":5,"column":0},"end":{"line":30,"column":1}},"4":{"start":{"line":6,"column":4},"end":{"line":29,"column":5}},"5":{"start":{"line":7,"column":44},"end":{"line":7,"column":52}},"6":{"start":{"line":9,"column":8},"end":{"line":11,"column":9}},"7":{"start":{"line":10,"column":12},"end":{"line":10,"column":86}},"8":{"start":{"line":13,"column":21},"end":{"line":13,"column":48}},"9":{"start":{"line":15,"column":8},"end":{"line":17,"column":9}},"10":{"start":{"line":16,"column":12},"end":{"line":16,"column":94}},"11":{"start":{"line":19,"column":24},"end":{"line":19,"column":56}},"12":{"start":{"line":21,"column":22},"end":{"line":21,"column":41}},"13":{"start":{"line":23,"column":8},"end":{"line":23,"column":70}},"14":{"start":{"line":25,"column":8},"end":{"line":25,"column":69}},"15":{"start":{"line":27,"column":8},"end":{"line":27,"column":26}},"16":{"start":{"line":28,"column":8},"end":{"line":28,"column":90}},"17":{"start":{"line":32,"column":0},"end":{"line":61,"column":1}},"18":{"start":{"line":33,"column":4},"end":{"line":60,"column":5}},"19":{"start":{"line":34,"column":34},"end":{"line":34,"column":42}},"20":{"start":{"line":36,"column":8},"end":{"line":38,"column":9}},"21":{"start":{"line":37,"column":12},"end":{"line":37,"column":86}},"22":{"start":{"line":39,"column":21},"end":{"line":39,"column":48}},"23":{"start":{"line":41,"column":8},"end":{"line":43,"column":9}},"24":{"start":{"line":42,"column":12},"end":{"line":42,"column":163}},"25":{"start":{"line":45,"column":34},"end":{"line":45,"column":71}},"26":{"start":{"line":47,"column":8},"end":{"line":49,"column":9}},"27":{"start":{"line":48,"column":12},"end":{"line":48,"column":70}},"28":{"start":{"line":51,"column":22},"end":{"line":51,"column":38}},"29":{"start":{"line":53,"column":8},"end":{"line":53,"column":70}},"30":{"start":{"line":55,"column":8},"end":{"line":55,"column":61}},"31":{"start":{"line":58,"column":8},"end":{"line":58,"column":26}},"32":{"start":{"line":59,"column":8},"end":{"line":59,"column":90}}},"fnMap":{"0":{"name":"(anonymous_0)","decl":{"start":{"line":5,"column":23},"end":{"line":5,"column":24}},"loc":{"start":{"line":5,"column":43},"end":{"line":30,"column":1}},"line":5},"1":{"name":"(anonymous_1)","decl":{"start":{"line":32,"column":20},"end":{"line":32,"column":21}},"loc":{"start":{"line":32,"column":40},"end":{"line":61,"column":1}},"line":32}},"branchMap":{"0":{"loc":{"start":{"line":9,"column":8},"end":{"line":11,"column":9}},"type":"if","locations":[{"start":{"line":9,"column":8},"end":{"line":11,"column":9}},{"start":{},"end":{}}],"line":9},"1":{"loc":{"start":{"line":9,"column":12},"end":{"line":9,"column":44}},"type":"binary-expr","locations":[{"start":{"line":9,"column":12},"end":{"line":9,"column":21}},{"start":{"line":9,"column":25},"end":{"line":9,"column":31}},{"start":{"line":9,"column":35},"end":{"line":9,"column":44}}],"line":9},"2":{"loc":{"start":{"line":15,"column":8},"end":{"line":17,"column":9}},"type":"if","locations":[{"start":{"line":15,"column":8},"end":{"line":17,"column":9}},{"start":{},"end":{}}],"line":15},"3":{"loc":{"start":{"line":36,"column":8},"end":{"line":38,"column":9}},"type":"if","locations":[{"start":{"line":36,"column":8},"end":{"line":38,"column":9}},{"start":{},"end":{}}],"line":36},"4":{"loc":{"start":{"line":36,"column":12},"end":{"line":36,"column":31}},"type":"binary-expr","locations":[{"start":{"line":36,"column":12},"end":{"line":36,"column":18}},{"start":{"line":36,"column":22},"end":{"line":36,"column":31}}],"line":36},"5":{"loc":{"start":{"line":41,"column":8},"end":{"line":43,"column":9}},"type":"if","locations":[{"start":{"line":41,"column":8},"end":{"line":43,"column":9}},{"start":{},"end":{}}],"line":41},"6":{"loc":{"start":{"line":47,"column":8},"end":{"line":49,"column":9}},"type":"if","locations":[{"start":{"line":47,"column":8},"end":{"line":49,"column":9}},{"start":{},"end":{}}],"line":47}},"s":{"0":2,"1":2,"2":2,"3":2,"4":2,"5":2,"6":2,"7":0,"8":2,"9":2,"10":0,"11":2,"12":2,"13":2,"14":2,"15":0,"16":0,"17":2,"18":1,"19":1,"20":1,"21":0,"22":1,"23":1,"24":0,"25":1,"26":1,"27":0,"28":1,"29":1,"30":1,"31":0,"32":0},"f":{"0":2,"1":1},"b":{"0":[0,2],"1":[2,2,2],"2":[0,2],"3":[0,1],"4":[1,1],"5":[0,1],"6":[0,1]},"_coverageSchema":"1a1c01bbd47fc00a2c39e90264f33305004495a9","hash":"d7452fae44cffe4b698929bd9906d03c589bcb62"}
,"C:\\Users\\user\\Desktop\\CURRENT PROJECTS\\Learning Express\\express5\\controllers\\budget.js": {"path":"C:\\Users\\user\\Desktop\\CURRENT PROJECTS\\Learning Express\\express5\\controllers\\budget.js","statementMap":{"0":{"start":{"line":1,"column":24},"end":{"line":1,"column":52}},"1":{"start":{"line":2,"column":49},"end":{"line":2,"column":69}},"2":{"start":{"line":3,"column":15},"end":{"line":3,"column":42}},"3":{"start":{"line":4,"column":12},"end":{"line":4,"column":35}},"4":{"start":{"line":5,"column":20},"end":{"line":5,"column":50}},"5":{"start":{"line":7,"column":0},"end":{"line":23,"column":1}},"6":{"start":{"line":8,"column":3},"end":{"line":21,"column":4}},"7":{"start":{"line":9,"column":22},"end":{"line":9,"column":39}},"8":{"start":{"line":11,"column":24},"end":{"line":11,"column":65}},"9":{"start":{"line":13,"column":26},"end":{"line":13,"column":42}},"10":{"start":{"line":15,"column":26},"end":{"line":15,"column":71}},"11":{"start":{"line":17,"column":8},"end":{"line":17,"column":64}},"12":{"start":{"line":19,"column":8},"end":{"line":19,"column":26}},"13":{"start":{"line":20,"column":8},"end":{"line":20,"column":90}},"14":{"start":{"line":25,"column":0},"end":{"line":47,"column":1}},"15":{"start":{"line":26,"column":3},"end":{"line":46,"column":4}},"16":{"start":{"line":28,"column":22},"end":{"line":28,"column":39}},"17":{"start":{"line":30,"column":24},"end":{"line":30,"column":65}},"18":{"start":{"line":32,"column":28},"end":{"line":32,"column":44}},"19":{"start":{"line":34,"column":32},"end":{"line":34,"column":42}},"20":{"start":{"line":36,"column":29},"end":{"line":36,"column":67}},"21":{"start":{"line":38,"column":8},"end":{"line":40,"column":9}},"22":{"start":{"line":39,"column":12},"end":{"line":39,"column":71}},"23":{"start":{"line":42,"column":8},"end":{"line":42,"column":75}},"24":{"start":{"line":44,"column":8},"end":{"line":44,"column":26}},"25":{"start":{"line":45,"column":8},"end":{"line":45,"column":91}},"26":{"start":{"line":49,"column":0},"end":{"line":67,"column":1}},"27":{"start":{"line":50,"column":4},"end":{"line":66,"column":5}},"28":{"start":{"line":51,"column":8},"end":{"line":51,"column":30}},"29":{"start":{"line":52,"column":26},"end":{"line":56,"column":15}},"30":{"start":{"line":58,"column":8},"end":{"line":58,"column":30}},"31":{"start":{"line":60,"column":24},"end":{"line":60,"column":44}},"32":{"start":{"line":62,"column":9},"end":{"line":62,"column":82}},"33":{"start":{"line":64,"column":9},"end":{"line":64,"column":27}},"34":{"start":{"line":65,"column":9},"end":{"line":65,"column":75}},"35":{"start":{"line":69,"column":0},"end":{"line":88,"column":1}},"36":{"start":{"line":70,"column":4},"end":{"line":87,"column":5}},"37":{"start":{"line":72,"column":22},"end":{"line":72,"column":39}},"38":{"start":{"line":74,"column":24},"end":{"line":74,"column":65}},"39":{"start":{"line":76,"column":28},"end":{"line":76,"column":44}},"40":{"start":{"line":78,"column":32},"end":{"line":78,"column":42}},"41":{"start":{"line":80,"column":29},"end":{"line":80,"column":123}},"42":{"start":{"line":82,"column":8},"end":{"line":82,"column":80}},"43":{"start":{"line":85,"column":8},"end":{"line":85,"column":26}},"44":{"start":{"line":86,"column":8},"end":{"line":86,"column":90}},"45":{"start":{"line":90,"column":0},"end":{"line":112,"column":1}},"46":{"start":{"line":91,"column":4},"end":{"line":111,"column":5}},"47":{"start":{"line":93,"column":22},"end":{"line":93,"column":39}},"48":{"start":{"line":95,"column":24},"end":{"line":95,"column":65}},"49":{"start":{"line":97,"column":26},"end":{"line":97,"column":42}},"50":{"start":{"line":99,"column":32},"end":{"line":99,"column":42}},"51":{"start":{"line":101,"column":29},"end":{"line":101,"column":76}},"52":{"start":{"line":103,"column":8},"end":{"line":105,"column":9}},"53":{"start":{"line":104,"column":12},"end":{"line":104,"column":80}},"54":{"start":{"line":107,"column":8},"end":{"line":107,"column":100}},"55":{"start":{"line":109,"column":8},"end":{"line":109,"column":26}},"56":{"start":{"line":110,"column":8},"end":{"line":110,"column":90}}},"fnMap":{"0":{"name":"(anonymous_0)","decl":{"start":{"line":7,"column":23},"end":{"line":7,"column":24}},"loc":{"start":{"line":7,"column":43},"end":{"line":23,"column":1}},"line":7},"1":{"name":"(anonymous_1)","decl":{"start":{"line":25,"column":26},"end":{"line":25,"column":27}},"loc":{"start":{"line":25,"column":46},"end":{"line":47,"column":1}},"line":25},"2":{"name":"(anonymous_2)","decl":{"start":{"line":49,"column":24},"end":{"line":49,"column":25}},"loc":{"start":{"line":49,"column":44},"end":{"line":67,"column":1}},"line":49},"3":{"name":"(anonymous_3)","decl":{"start":{"line":69,"column":23},"end":{"line":69,"column":24}},"loc":{"start":{"line":69,"column":43},"end":{"line":88,"column":1}},"line":69},"4":{"name":"(anonymous_4)","decl":{"start":{"line":90,"column":23},"end":{"line":90,"column":24}},"loc":{"start":{"line":90,"column":43},"end":{"line":112,"column":1}},"line":90}},"branchMap":{"0":{"loc":{"start":{"line":38,"column":8},"end":{"line":40,"column":9}},"type":"if","locations":[{"start":{"line":38,"column":8},"end":{"line":40,"column":9}},{"start":{},"end":{}}],"line":38},"1":{"loc":{"start":{"line":103,"column":8},"end":{"line":105,"column":9}},"type":"if","locations":[{"start":{"line":103,"column":8},"end":{"line":105,"column":9}},{"start":{},"end":{}}],"line":103}},"s":{"0":2,"1":2,"2":2,"3":2,"4":2,"5":2,"6":1,"7":1,"8":1,"9":1,"10":1,"11":1,"12":0,"13":0,"14":2,"15":1,"16":1,"17":1,"18":1,"19":1,"20":1,"21":1,"22":0,"23":1,"24":0,"25":0,"26":2,"27":1,"28":1,"29":1,"30":1,"31":1,"32":1,"33":0,"34":0,"35":2,"36":1,"37":1,"38":1,"39":1,"40":1,"41":1,"42":1,"43":0,"44":0,"45":2,"46":1,"47":1,"48":1,"49":1,"50":1,"51":1,"52":1,"53":0,"54":1,"55":0,"56":0},"f":{"0":1,"1":1,"2":1,"3":1,"4":1},"b":{"0":[0,1],"1":[0,1]},"_coverageSchema":"1a1c01bbd47fc00a2c39e90264f33305004495a9","hash":"c85327328ab0b09e66ed8029bfc4572bf0659ace"}
,"C:\\Users\\user\\Desktop\\CURRENT PROJECTS\\Learning Express\\express5\\db\\connect.js": {"path":"C:\\Users\\user\\Desktop\\CURRENT PROJECTS\\Learning Express\\express5\\db\\connect.js","statementMap":{"0":{"start":{"line":1,"column":17},"end":{"line":1,"column":36}},"1":{"start":{"line":3,"column":18},"end":{"line":8,"column":1}},"2":{"start":{"line":4,"column":4},"end":{"line":7,"column":6}},"3":{"start":{"line":10,"column":0},"end":{"line":10,"column":26}}},"fnMap":{"0":{"name":"(anonymous_0)","decl":{"start":{"line":3,"column":18},"end":{"line":3,"column":19}},"loc":{"start":{"line":3,"column":27},"end":{"line":8,"column":1}},"line":3}},"branchMap":{},"s":{"0":2,"1":2,"2":0,"3":2},"f":{"0":0},"b":{},"_coverageSchema":"1a1c01bbd47fc00a2c39e90264f33305004495a9","hash":"125191a629bbca1c7c95ead64e781f6df6b079c8"}
,"C:\\Users\\user\\Desktop\\CURRENT PROJECTS\\Learning Express\\express5\\errors\\badrequest.js": {"path":"C:\\Users\\user\\Desktop\\CURRENT PROJECTS\\Learning Express\\express5\\errors\\badrequest.js","statementMap":{"0":{"start":{"line":1,"column":22},"end":{"line":1,"column":50}},"1":{"start":{"line":2,"column":23},"end":{"line":2,"column":55}},"2":{"start":{"line":6,"column":8},"end":{"line":6,"column":23}},"3":{"start":{"line":7,"column":8},"end":{"line":7,"column":49}},"4":{"start":{"line":11,"column":0},"end":{"line":11,"column":35}}},"fnMap":{"0":{"name":"(anonymous_0)","decl":{"start":{"line":5,"column":4},"end":{"line":5,"column":5}},"loc":{"start":{"line":5,"column":26},"end":{"line":8,"column":5}},"line":5}},"branchMap":{},"s":{"0":2,"1":2,"2":0,"3":0,"4":2},"f":{"0":0},"b":{},"_coverageSchema":"1a1c01bbd47fc00a2c39e90264f33305004495a9","hash":"67d538fb5cbd53d036f2fc96d98c117877d218dd"}
,"C:\\Users\\user\\Desktop\\CURRENT PROJECTS\\Learning Express\\express5\\errors\\customerror.js": {"path":"C:\\Users\\user\\Desktop\\CURRENT PROJECTS\\Learning Express\\express5\\errors\\customerror.js","statementMap":{"0":{"start":{"line":3,"column":8},"end":{"line":3,"column":23}},"1":{"start":{"line":7,"column":0},"end":{"line":7,"column":31}}},"fnMap":{"0":{"name":"(anonymous_0)","decl":{"start":{"line":2,"column":4},"end":{"line":2,"column":5}},"loc":{"start":{"line":2,"column":26},"end":{"line":4,"column":5}},"line":2}},"branchMap":{},"s":{"0":0,"1":2},"f":{"0":0},"b":{},"_coverageSchema":"1a1c01bbd47fc00a2c39e90264f33305004495a9","hash":"fbbef22b7cfd0a9a6c02b446b62b20ff3176d062"}
,"C:\\Users\\user\\Desktop\\CURRENT PROJECTS\\Learning Express\\express5\\errors\\index.js": {"path":"C:\\Users\\user\\Desktop\\CURRENT PROJECTS\\Learning Express\\express5\\errors\\index.js","statementMap":{"0":{"start":{"line":1,"column":27},"end":{"line":1,"column":50}},"1":{"start":{"line":2,"column":23},"end":{"line":2,"column":47}},"2":{"start":{"line":3,"column":25},"end":{"line":3,"column":46}},"3":{"start":{"line":4,"column":32},"end":{"line":4,"column":60}},"4":{"start":{"line":6,"column":0},"end":{"line":11,"column":1}}},"fnMap":{},"branchMap":{},"s":{"0":2,"1":2,"2":2,"3":2,"4":2},"f":{},"b":{},"_coverageSchema":"1a1c01bbd47fc00a2c39e90264f33305004495a9","hash":"4816372a5ff3f36bbd24267d141353e3a218da05"}
,"C:\\Users\\user\\Desktop\\CURRENT PROJECTS\\Learning Express\\express5\\errors\\notfound.js": {"path":"C:\\Users\\user\\Desktop\\CURRENT PROJECTS\\Learning Express\\express5\\errors\\notfound.js","statementMap":{"0":{"start":{"line":1,"column":23},"end":{"line":1,"column":55}},"1":{"start":{"line":2,"column":22},"end":{"line":2,"column":50}},"2":{"start":{"line":6,"column":8},"end":{"line":6,"column":23}},"3":{"start":{"line":7,"column":8},"end":{"line":7,"column":47}},"4":{"start":{"line":11,"column":0},"end":{"line":11,"column":33}}},"fnMap":{"0":{"name":"(anonymous_0)","decl":{"start":{"line":5,"column":4},"end":{"line":5,"column":5}},"loc":{"start":{"line":5,"column":26},"end":{"line":8,"column":5}},"line":5}},"branchMap":{},"s":{"0":2,"1":2,"2":0,"3":0,"4":2},"f":{"0":0},"b":{},"_coverageSchema":"1a1c01bbd47fc00a2c39e90264f33305004495a9","hash":"2e0bcd636ad451b6b4b6dad77402f87439d0a27c"}
,"C:\\Users\\user\\Desktop\\CURRENT PROJECTS\\Learning Express\\express5\\errors\\unauthenticated.js": {"path":"C:\\Users\\user\\Desktop\\CURRENT PROJECTS\\Learning Express\\express5\\errors\\unauthenticated.js","statementMap":{"0":{"start":{"line":1,"column":23},"end":{"line":1,"column":55}},"1":{"start":{"line":2,"column":22},"end":{"line":2,"column":50}},"2":{"start":{"line":6,"column":8},"end":{"line":6,"column":23}},"3":{"start":{"line":7,"column":8},"end":{"line":7,"column":50}},"4":{"start":{"line":11,"column":0},"end":{"line":11,"column":40}}},"fnMap":{"0":{"name":"(anonymous_0)","decl":{"start":{"line":5,"column":4},"end":{"line":5,"column":5}},"loc":{"start":{"line":5,"column":26},"end":{"line":8,"column":5}},"line":5}},"branchMap":{},"s":{"0":2,"1":2,"2":0,"3":0,"4":2},"f":{"0":0},"b":{},"_coverageSchema":"1a1c01bbd47fc00a2c39e90264f33305004495a9","hash":"74c55d5c07829767cfc5936dbca5ff4e10462851"}
,"C:\\Users\\user\\Desktop\\CURRENT PROJECTS\\Learning Express\\express5\\logger\\logger.js": {"path":"C:\\Users\\user\\Desktop\\CURRENT PROJECTS\\Learning Express\\express5\\logger\\logger.js","statementMap":{"0":{"start":{"line":35,"column":45},"end":{"line":35,"column":63}},"1":{"start":{"line":37,"column":18},"end":{"line":44,"column":1}},"2":{"start":{"line":46,"column":15},"end":{"line":49,"column":2}},"3":{"start":{"line":51,"column":0},"end":{"line":51,"column":23}}},"fnMap":{},"branchMap":{},"s":{"0":2,"1":2,"2":2,"3":2},"f":{},"b":{},"_coverageSchema":"1a1c01bbd47fc00a2c39e90264f33305004495a9","hash":"fd27e0b778da64318888280c54f5b8ca38518048"}
,"C:\\Users\\user\\Desktop\\CURRENT PROJECTS\\Learning Express\\express5\\middlewares\\auth.js": {"path":"C:\\Users\\user\\Desktop\\CURRENT PROJECTS\\Learning Express\\express5\\middlewares\\auth.js","statementMap":{"0":{"start":{"line":1,"column":24},"end":{"line":1,"column":52}},"1":{"start":{"line":2,"column":36},"end":{"line":2,"column":56}},"2":{"start":{"line":4,"column":23},"end":{"line":16,"column":1}},"3":{"start":{"line":5,"column":4},"end":{"line":15,"column":5}},"4":{"start":{"line":6,"column":23},"end":{"line":6,"column":40}},"5":{"start":{"line":7,"column":8},"end":{"line":9,"column":9}},"6":{"start":{"line":8,"column":12},"end":{"line":8,"column":72}},"7":{"start":{"line":11,"column":8},"end":{"line":11,"column":14}},"8":{"start":{"line":13,"column":8},"end":{"line":13,"column":26}},"9":{"start":{"line":14,"column":8},"end":{"line":14,"column":90}},"10":{"start":{"line":18,"column":0},"end":{"line":18,"column":31}}},"fnMap":{"0":{"name":"(anonymous_0)","decl":{"start":{"line":4,"column":23},"end":{"line":4,"column":24}},"loc":{"start":{"line":4,"column":43},"end":{"line":16,"column":1}},"line":4}},"branchMap":{"0":{"loc":{"start":{"line":7,"column":8},"end":{"line":9,"column":9}},"type":"if","locations":[{"start":{"line":7,"column":8},"end":{"line":9,"column":9}},{"start":{},"end":{}}],"line":7}},"s":{"0":2,"1":2,"2":2,"3":5,"4":5,"5":5,"6":0,"7":5,"8":0,"9":0,"10":2},"f":{"0":5},"b":{"0":[0,5]},"_coverageSchema":"1a1c01bbd47fc00a2c39e90264f33305004495a9","hash":"ac39ad57426d88dac8d58114742454a9b72e2f60"}
,"C:\\Users\\user\\Desktop\\CURRENT PROJECTS\\Learning Express\\express5\\middlewares\\budgetValidator.js": {"path":"C:\\Users\\user\\Desktop\\CURRENT PROJECTS\\Learning Express\\express5\\middlewares\\budgetValidator.js","statementMap":{"0":{"start":{"line":1,"column":12},"end":{"line":1,"column":26}},"1":{"start":{"line":3,"column":23},"end":{"line":14,"column":1}},"2":{"start":{"line":5,"column":4},"end":{"line":12,"column":5}},"3":{"start":{"line":6,"column":24},"end":{"line":6,"column":32}},"4":{"start":{"line":7,"column":8},"end":{"line":7,"column":49}},"5":{"start":{"line":8,"column":8},"end":{"line":8,"column":14}},"6":{"start":{"line":10,"column":8},"end":{"line":10,"column":47}},"7":{"start":{"line":11,"column":8},"end":{"line":11,"column":71}},"8":{"start":{"line":16,"column":21},"end":{"line":26,"column":2}},"9":{"start":{"line":29,"column":0},"end":{"line":29,"column":31}}},"fnMap":{"0":{"name":"(anonymous_0)","decl":{"start":{"line":3,"column":23},"end":{"line":3,"column":24}},"loc":{"start":{"line":3,"column":49},"end":{"line":14,"column":1}},"line":3}},"branchMap":{},"s":{"0":2,"1":2,"2":1,"3":1,"4":1,"5":1,"6":0,"7":0,"8":2,"9":2},"f":{"0":1},"b":{},"_coverageSchema":"1a1c01bbd47fc00a2c39e90264f33305004495a9","hash":"81c228472947e2ac88c32fd83d22c462b2ba07b1"}
,"C:\\Users\\user\\Desktop\\CURRENT PROJECTS\\Learning Express\\express5\\middlewares\\errorhandler.js": {"path":"C:\\Users\\user\\Desktop\\CURRENT PROJECTS\\Learning Express\\express5\\middlewares\\errorhandler.js","statementMap":{"0":{"start":{"line":1,"column":24},"end":{"line":1,"column":52}},"1":{"start":{"line":3,"column":31},"end":{"line":28,"column":1}},"2":{"start":{"line":4,"column":24},"end":{"line":7,"column":5}},"3":{"start":{"line":9,"column":4},"end":{"line":14,"column":5}},"4":{"start":{"line":10,"column":8},"end":{"line":12,"column":22}},"5":{"start":{"line":11,"column":27},"end":{"line":11,"column":39}},"6":{"start":{"line":13,"column":8},"end":{"line":13,"column":56}},"7":{"start":{"line":16,"column":4},"end":{"line":20,"column":5}},"8":{"start":{"line":17,"column":8},"end":{"line":18,"column":71}},"9":{"start":{"line":19,"column":8},"end":{"line":19,"column":56}},"10":{"start":{"line":22,"column":4},"end":{"line":25,"column":5}},"11":{"start":{"line":23,"column":8},"end":{"line":23,"column":64}},"12":{"start":{"line":24,"column":8},"end":{"line":24,"column":54}},"13":{"start":{"line":27,"column":4},"end":{"line":27,"column":75}},"14":{"start":{"line":30,"column":0},"end":{"line":30,"column":39}}},"fnMap":{"0":{"name":"(anonymous_0)","decl":{"start":{"line":3,"column":31},"end":{"line":3,"column":32}},"loc":{"start":{"line":3,"column":50},"end":{"line":28,"column":1}},"line":3},"1":{"name":"(anonymous_1)","decl":{"start":{"line":11,"column":17},"end":{"line":11,"column":18}},"loc":{"start":{"line":11,"column":27},"end":{"line":11,"column":39}},"line":11}},"branchMap":{"0":{"loc":{"start":{"line":5,"column":21},"end":{"line":5,"column":71}},"type":"binary-expr","locations":[{"start":{"line":5,"column":21},"end":{"line":5,"column":34}},{"start":{"line":5,"column":38},"end":{"line":5,"column":71}}],"line":5},"1":{"loc":{"start":{"line":6,"column":14},"end":{"line":6,"column":52}},"type":"binary-expr","locations":[{"start":{"line":6,"column":14},"end":{"line":6,"column":25}},{"start":{"line":6,"column":29},"end":{"line":6,"column":52}}],"line":6},"2":{"loc":{"start":{"line":9,"column":4},"end":{"line":14,"column":5}},"type":"if","locations":[{"start":{"line":9,"column":4},"end":{"line":14,"column":5}},{"start":{},"end":{}}],"line":9},"3":{"loc":{"start":{"line":16,"column":4},"end":{"line":20,"column":5}},"type":"if","locations":[{"start":{"line":16,"column":4},"end":{"line":20,"column":5}},{"start":{},"end":{}}],"line":16},"4":{"loc":{"start":{"line":16,"column":8},"end":{"line":16,"column":38}},"type":"binary-expr","locations":[{"start":{"line":16,"column":8},"end":{"line":16,"column":16}},{"start":{"line":16,"column":20},"end":{"line":16,"column":38}}],"line":16},"5":{"loc":{"start":{"line":22,"column":4},"end":{"line":25,"column":5}},"type":"if","locations":[{"start":{"line":22,"column":4},"end":{"line":25,"column":5}},{"start":{},"end":{}}],"line":22}},"s":{"0":2,"1":2,"2":0,"3":0,"4":0,"5":0,"6":0,"7":0,"8":0,"9":0,"10":0,"11":0,"12":0,"13":0,"14":2},"f":{"0":0,"1":0},"b":{"0":[0,0],"1":[0,0],"2":[0,0],"3":[0,0],"4":[0,0],"5":[0,0]},"_coverageSchema":"1a1c01bbd47fc00a2c39e90264f33305004495a9","hash":"ae3cb0e22a9150b41c0fc4f5cc28a104dd52d2f4"}
,"C:\\Users\\user\\Desktop\\CURRENT PROJECTS\\Learning Express\\express5\\middlewares\\notfound.js": {"path":"C:\\Users\\user\\Desktop\\CURRENT PROJECTS\\Learning Express\\express5\\middlewares\\notfound.js","statementMap":{"0":{"start":{"line":1,"column":24},"end":{"line":1,"column":52}},"1":{"start":{"line":3,"column":27},"end":{"line":5,"column":1}},"2":{"start":{"line":4,"column":4},"end":{"line":4,"column":84}},"3":{"start":{"line":7,"column":0},"end":{"line":7,"column":35}}},"fnMap":{"0":{"name":"(anonymous_0)","decl":{"start":{"line":3,"column":27},"end":{"line":3,"column":28}},"loc":{"start":{"line":3,"column":41},"end":{"line":5,"column":1}},"line":3}},"branchMap":{},"s":{"0":2,"1":2,"2":0,"3":2},"f":{"0":0},"b":{},"_coverageSchema":"1a1c01bbd47fc00a2c39e90264f33305004495a9","hash":"9e7426b2ebda8e66d0b3860bd934e43e5bab5932"}
,"C:\\Users\\user\\Desktop\\CURRENT PROJECTS\\Learning Express\\express5\\middlewares\\userValidate.js": {"path":"C:\\Users\\user\\Desktop\\CURRENT PROJECTS\\Learning Express\\express5\\middlewares\\userValidate.js","statementMap":{"0":{"start":{"line":1,"column":12},"end":{"line":1,"column":26}},"1":{"start":{"line":3,"column":21},"end":{"line":12,"column":1}},"2":{"start":{"line":4,"column":20},"end":{"line":4,"column":28}},"3":{"start":{"line":5,"column":4},"end":{"line":11,"column":5}},"4":{"start":{"line":6,"column":8},"end":{"line":6,"column":43}},"5":{"start":{"line":7,"column":8},"end":{"line":7,"column":14}},"6":{"start":{"line":9,"column":8},"end":{"line":9,"column":26}},"7":{"start":{"line":10,"column":8},"end":{"line":10,"column":64}},"8":{"start":{"line":14,"column":15},"end":{"line":34,"column":2}},"9":{"start":{"line":36,"column":0},"end":{"line":36,"column":29}}},"fnMap":{"0":{"name":"(anonymous_0)","decl":{"start":{"line":3,"column":21},"end":{"line":3,"column":22}},"loc":{"start":{"line":3,"column":47},"end":{"line":12,"column":1}},"line":3}},"branchMap":{},"s":{"0":2,"1":2,"2":2,"3":2,"4":2,"5":2,"6":0,"7":0,"8":2,"9":2},"f":{"0":2},"b":{},"_coverageSchema":"1a1c01bbd47fc00a2c39e90264f33305004495a9","hash":"ca9dd29b98150a5c772fd8ecef62fd5869da0692"}
,"C:\\Users\\user\\Desktop\\CURRENT PROJECTS\\Learning Express\\express5\\models\\auth.js": {"path":"C:\\Users\\user\\Desktop\\CURRENT PROJECTS\\Learning Express\\express5\\models\\auth.js","statementMap":{"0":{"start":{"line":1,"column":17},"end":{"line":1,"column":36}},"1":{"start":{"line":2,"column":15},"end":{"line":2,"column":34}},"2":{"start":{"line":3,"column":12},"end":{"line":3,"column":35}},"3":{"start":{"line":5,"column":19},"end":{"line":27,"column":22}},"4":{"start":{"line":29,"column":0},"end":{"line":32,"column":2}},"5":{"start":{"line":30,"column":17},"end":{"line":30,"column":41}},"6":{"start":{"line":31,"column":4},"end":{"line":31,"column":58}},"7":{"start":{"line":34,"column":0},"end":{"line":36,"column":1}},"8":{"start":{"line":35,"column":4},"end":{"line":35,"column":24}},"9":{"start":{"line":38,"column":0},"end":{"line":40,"column":1}},"10":{"start":{"line":39,"column":4},"end":{"line":39,"column":132}},"11":{"start":{"line":42,"column":0},"end":{"line":45,"column":1}},"12":{"start":{"line":43,"column":20},"end":{"line":43,"column":74}},"13":{"start":{"line":44,"column":4},"end":{"line":44,"column":18}},"14":{"start":{"line":47,"column":0},"end":{"line":47,"column":51}}},"fnMap":{"0":{"name":"(anonymous_0)","decl":{"start":{"line":29,"column":23},"end":{"line":29,"column":24}},"loc":{"start":{"line":29,"column":41},"end":{"line":32,"column":1}},"line":29},"1":{"name":"(anonymous_1)","decl":{"start":{"line":34,"column":33},"end":{"line":34,"column":34}},"loc":{"start":{"line":34,"column":45},"end":{"line":36,"column":1}},"line":34},"2":{"name":"(anonymous_2)","decl":{"start":{"line":38,"column":31},"end":{"line":38,"column":32}},"loc":{"start":{"line":38,"column":43},"end":{"line":40,"column":1}},"line":38},"3":{"name":"(anonymous_3)","decl":{"start":{"line":42,"column":38},"end":{"line":42,"column":39}},"loc":{"start":{"line":42,"column":73},"end":{"line":45,"column":1}},"line":42}},"branchMap":{},"s":{"0":2,"1":2,"2":2,"3":2,"4":2,"5":2,"6":2,"7":2,"8":0,"9":2,"10":3,"11":2,"12":1,"13":1,"14":2},"f":{"0":2,"1":0,"2":3,"3":1},"b":{},"_coverageSchema":"1a1c01bbd47fc00a2c39e90264f33305004495a9","hash":"3f74947200593d25a72716fca44883da18cd59bb"}
,"C:\\Users\\user\\Desktop\\CURRENT PROJECTS\\Learning Express\\express5\\models\\budget.js": {"path":"C:\\Users\\user\\Desktop\\CURRENT PROJECTS\\Learning Express\\express5\\models\\budget.js","statementMap":{"0":{"start":{"line":1,"column":17},"end":{"line":1,"column":36}},"1":{"start":{"line":3,"column":21},"end":{"line":35,"column":23}},"2":{"start":{"line":38,"column":0},"end":{"line":38,"column":55}}},"fnMap":{},"branchMap":{},"s":{"0":2,"1":2,"2":2},"f":{},"b":{},"_coverageSchema":"1a1c01bbd47fc00a2c39e90264f33305004495a9","hash":"29795b07903ba4beca7eebfeb4f260eb3f116865"}
,"C:\\Users\\user\\Desktop\\CURRENT PROJECTS\\Learning Express\\express5\\routes\\auth.js": {"path":"C:\\Users\\user\\Desktop\\CURRENT PROJECTS\\Learning Express\\express5\\routes\\auth.js","statementMap":{"0":{"start":{"line":1,"column":16},"end":{"line":1,"column":34}},"1":{"start":{"line":2,"column":15},"end":{"line":2,"column":31}},"2":{"start":{"line":3,"column":21},"end":{"line":3,"column":59}},"3":{"start":{"line":5,"column":34},"end":{"line":5,"column":64}},"4":{"start":{"line":7,"column":0},"end":{"line":7,"column":58}},"5":{"start":{"line":8,"column":0},"end":{"line":8,"column":38}},"6":{"start":{"line":10,"column":0},"end":{"line":10,"column":23}}},"fnMap":{},"branchMap":{},"s":{"0":2,"1":2,"2":2,"3":2,"4":2,"5":2,"6":2},"f":{},"b":{},"_coverageSchema":"1a1c01bbd47fc00a2c39e90264f33305004495a9","hash":"6dd79e97b96fb8039f44b2fac8f328c8d967d2b1"}
,"C:\\Users\\user\\Desktop\\CURRENT PROJECTS\\Learning Express\\express5\\routes\\budget.js": {"path":"C:\\Users\\user\\Desktop\\CURRENT PROJECTS\\Learning Express\\express5\\routes\\budget.js","statementMap":{"0":{"start":{"line":1,"column":16},"end":{"line":1,"column":34}},"1":{"start":{"line":2,"column":15},"end":{"line":2,"column":31}},"2":{"start":{"line":4,"column":23},"end":{"line":4,"column":64}},"3":{"start":{"line":12,"column":2},"end":{"line":12,"column":34}},"4":{"start":{"line":14,"column":0},"end":{"line":14,"column":77}},"5":{"start":{"line":15,"column":0},"end":{"line":15,"column":89}},"6":{"start":{"line":17,"column":0},"end":{"line":17,"column":23}}},"fnMap":{},"branchMap":{},"s":{"0":2,"1":2,"2":2,"3":2,"4":2,"5":2,"6":2},"f":{},"b":{},"_coverageSchema":"1a1c01bbd47fc00a2c39e90264f33305004495a9","hash":"d9b1ea7a941ee5d9236851d1cf0b5cc87574eab7"}
,"C:\\Users\\user\\Desktop\\CURRENT PROJECTS\\Learning Express\\express5\\util\\apifeatures.js": {"path":"C:\\Users\\user\\Desktop\\CURRENT PROJECTS\\Learning Express\\express5\\util\\apifeatures.js","statementMap":{"0":{"start":{"line":3,"column":6},"end":{"line":3,"column":25}},"1":{"start":{"line":4,"column":6},"end":{"line":4,"column":37}},"2":{"start":{"line":8,"column":23},"end":{"line":8,"column":46}},"3":{"start":{"line":9,"column":29},"end":{"line":9,"column":64}},"4":{"start":{"line":10,"column":6},"end":{"line":10,"column":58}},"5":{"start":{"line":10,"column":37},"end":{"line":10,"column":56}},"6":{"start":{"line":13,"column":21},"end":{"line":13,"column":45}},"7":{"start":{"line":14,"column":6},"end":{"line":17,"column":8}},"8":{"start":{"line":16,"column":19},"end":{"line":16,"column":30}},"9":{"start":{"line":18,"column":6},"end":{"line":18,"column":57}},"10":{"start":{"line":19,"column":7},"end":{"line":19,"column":18}},"11":{"start":{"line":23,"column":6},"end":{"line":29,"column":9}},"12":{"start":{"line":24,"column":23},"end":{"line":24,"column":65}},"13":{"start":{"line":25,"column":8},"end":{"line":25,"column":45}},"14":{"start":{"line":28,"column":12},"end":{"line":28,"column":56}},"15":{"start":{"line":31,"column":6},"end":{"line":31,"column":18}},"16":{"start":{"line":35,"column":6},"end":{"line":38,"column":7}},"17":{"start":{"line":36,"column":23},"end":{"line":36,"column":67}},"18":{"start":{"line":37,"column":8},"end":{"line":37,"column":47}},"19":{"start":{"line":40,"column":6},"end":{"line":40,"column":18}},"20":{"start":{"line":44,"column":19},"end":{"line":44,"column":45}},"21":{"start":{"line":45,"column":20},"end":{"line":45,"column":48}},"22":{"start":{"line":46,"column":19},"end":{"line":46,"column":37}},"23":{"start":{"line":48,"column":6},"end":{"line":48,"column":54}},"24":{"start":{"line":50,"column":6},"end":{"line":50,"column":18}},"25":{"start":{"line":54,"column":2},"end":{"line":54,"column":31}}},"fnMap":{"0":{"name":"(anonymous_0)","decl":{"start":{"line":2,"column":4},"end":{"line":2,"column":5}},"loc":{"start":{"line":2,"column":36},"end":{"line":5,"column":5}},"line":2},"1":{"name":"(anonymous_1)","decl":{"start":{"line":7,"column":4},"end":{"line":7,"column":5}},"loc":{"start":{"line":7,"column":13},"end":{"line":20,"column":5}},"line":7},"2":{"name":"(anonymous_2)","decl":{"start":{"line":10,"column":29},"end":{"line":10,"column":30}},"loc":{"start":{"line":10,"column":37},"end":{"line":10,"column":56}},"line":10},"3":{"name":"(anonymous_3)","decl":{"start":{"line":16,"column":8},"end":{"line":16,"column":9}},"loc":{"start":{"line":16,"column":19},"end":{"line":16,"column":30}},"line":16},"4":{"name":"(anonymous_4)","decl":{"start":{"line":22,"column":4},"end":{"line":22,"column":5}},"loc":{"start":{"line":22,"column":11},"end":{"line":32,"column":5}},"line":22},"5":{"name":"(anonymous_5)","decl":{"start":{"line":34,"column":4},"end":{"line":34,"column":5}},"loc":{"start":{"line":34,"column":18},"end":{"line":41,"column":5}},"line":34},"6":{"name":"(anonymous_6)","decl":{"start":{"line":43,"column":4},"end":{"line":43,"column":5}},"loc":{"start":{"line":43,"column":15},"end":{"line":51,"column":5}},"line":43}},"branchMap":{"0":{"loc":{"start":{"line":23,"column":6},"end":{"line":29,"column":9}},"type":"if","locations":[{"start":{"line":23,"column":6},"end":{"line":29,"column":9}},{"start":{"line":27,"column":13},"end":{"line":29,"column":9}}],"line":23},"1":{"loc":{"start":{"line":35,"column":6},"end":{"line":38,"column":7}},"type":"if","locations":[{"start":{"line":35,"column":6},"end":{"line":38,"column":7}},{"start":{},"end":{}}],"line":35},"2":{"loc":{"start":{"line":44,"column":19},"end":{"line":44,"column":45}},"type":"binary-expr","locations":[{"start":{"line":44,"column":19},"end":{"line":44,"column":40}},{"start":{"line":44,"column":44},"end":{"line":44,"column":45}}],"line":44},"3":{"loc":{"start":{"line":45,"column":20},"end":{"line":45,"column":48}},"type":"binary-expr","locations":[{"start":{"line":45,"column":20},"end":{"line":45,"column":42}},{"start":{"line":45,"column":46},"end":{"line":45,"column":48}}],"line":45}},"s":{"0":1,"1":1,"2":1,"3":1,"4":1,"5":4,"6":1,"7":1,"8":0,"9":1,"10":1,"11":1,"12":0,"13":0,"14":1,"15":1,"16":1,"17":0,"18":0,"19":1,"20":1,"21":1,"22":1,"23":1,"24":1,"25":2},"f":{"0":1,"1":1,"2":4,"3":0,"4":1,"5":1,"6":1},"b":{"0":[0,1],"1":[0,1],"2":[1,1],"3":[1,1]},"_coverageSchema":"1a1c01bbd47fc00a2c39e90264f33305004495a9","hash":"a78a140b876312a19403599d9cd5f933d6b54d69"}
}
