TN:
SF:app.js
FN:41,(anonymous_0)
FN:46,(anonymous_1)
FN:50,(anonymous_2)
FNF:3
FNH:0
FNDA:0,(anonymous_0)
FNDA:0,(anonymous_1)
FNDA:0,(anonymous_2)
DA:1,2
DA:2,2
DA:4,2
DA:5,2
DA:6,2
DA:7,2
DA:8,2
DA:9,2
DA:10,2
DA:11,2
DA:12,2
DA:13,2
DA:14,2
DA:15,2
DA:16,2
DA:19,2
DA:21,2
DA:23,2
DA:31,2
DA:34,2
DA:35,2
DA:37,2
DA:39,2
DA:41,2
DA:42,0
DA:43,0
DA:46,2
DA:47,0
DA:50,2
DA:51,0
DA:52,0
DA:55,2
DA:56,2
DA:58,2
DA:59,2
DA:61,2
LF:36
LH:31
BRDA:9,0,0,2
BRDA:9,0,1,2
BRF:2
BRH:2
end_of_record
TN:
SF:controllers\auth.js
FN:5,(anonymous_0)
FN:32,(anonymous_1)
FNF:2
FNH:2
FNDA:2,(anonymous_0)
FNDA:1,(anonymous_1)
DA:1,2
DA:2,2
DA:3,2
DA:5,2
DA:6,2
DA:7,2
DA:9,2
DA:10,0
DA:13,2
DA:15,2
DA:16,0
DA:19,2
DA:21,2
DA:23,2
DA:25,2
DA:27,0
DA:28,0
DA:32,2
DA:33,1
DA:34,1
DA:36,1
DA:37,0
DA:39,1
DA:41,1
DA:42,0
DA:45,1
DA:47,1
DA:48,0
DA:51,1
DA:53,1
DA:55,1
DA:58,0
DA:59,0
LF:33
LH:24
BRDA:9,0,0,0
BRDA:9,0,1,2
BRDA:9,1,0,2
BRDA:9,1,1,2
BRDA:9,1,2,2
BRDA:15,2,0,0
BRDA:15,2,1,2
BRDA:36,3,0,0
BRDA:36,3,1,1
BRDA:36,4,0,1
BRDA:36,4,1,1
BRDA:41,5,0,0
BRDA:41,5,1,1
BRDA:47,6,0,0
BRDA:47,6,1,1
BRF:15
BRH:10
end_of_record
TN:
SF:controllers\budget.js
FN:7,(anonymous_0)
FN:25,(anonymous_1)
FN:49,(anonymous_2)
FN:69,(anonymous_3)
FN:90,(anonymous_4)
FNF:5
FNH:5
FNDA:1,(anonymous_0)
FNDA:1,(anonymous_1)
FNDA:1,(anonymous_2)
FNDA:1,(anonymous_3)
FNDA:1,(anonymous_4)
DA:1,2
DA:2,2
DA:3,2
DA:4,2
DA:5,2
DA:7,2
DA:8,1
DA:9,1
DA:11,1
DA:13,1
DA:15,1
DA:17,1
DA:19,0
DA:20,0
DA:25,2
DA:26,1
DA:28,1
DA:30,1
DA:32,1
DA:34,1
DA:36,1
DA:38,1
DA:39,0
DA:42,1
DA:44,0
DA:45,0
DA:49,2
DA:50,1
DA:51,1
DA:52,1
DA:58,1
DA:60,1
DA:62,1
DA:64,0
DA:65,0
DA:69,2
DA:70,1
DA:72,1
DA:74,1
DA:76,1
DA:78,1
DA:80,1
DA:82,1
DA:85,0
DA:86,0
DA:90,2
DA:91,1
DA:93,1
DA:95,1
DA:97,1
DA:99,1
DA:101,1
DA:103,1
DA:104,0
DA:107,1
DA:109,0
DA:110,0
LF:57
LH:45
BRDA:38,0,0,0
BRDA:38,0,1,1
BRDA:103,1,0,0
BRDA:103,1,1,1
BRF:4
BRH:2
end_of_record
TN:
SF:db\connect.js
FN:3,(anonymous_0)
FNF:1
FNH:0
FNDA:0,(anonymous_0)
DA:1,2
DA:3,2
DA:4,0
DA:10,2
LF:4
LH:3
BRF:0
BRH:0
end_of_record
TN:
SF:errors\badrequest.js
FN:5,(anonymous_0)
FNF:1
FNH:0
FNDA:0,(anonymous_0)
DA:1,2
DA:2,2
DA:6,0
DA:7,0
DA:11,2
LF:5
LH:3
BRF:0
BRH:0
end_of_record
TN:
SF:errors\customerror.js
FN:2,(anonymous_0)
FNF:1
FNH:0
FNDA:0,(anonymous_0)
DA:3,0
DA:7,2
LF:2
LH:1
BRF:0
BRH:0
end_of_record
TN:
SF:errors\index.js
FNF:0
FNH:0
DA:1,2
DA:2,2
DA:3,2
DA:4,2
DA:6,2
LF:5
LH:5
BRF:0
BRH:0
end_of_record
TN:
SF:errors\notfound.js
FN:5,(anonymous_0)
FNF:1
FNH:0
FNDA:0,(anonymous_0)
DA:1,2
DA:2,2
DA:6,0
DA:7,0
DA:11,2
LF:5
LH:3
BRF:0
BRH:0
end_of_record
TN:
SF:errors\unauthenticated.js
FN:5,(anonymous_0)
FNF:1
FNH:0
FNDA:0,(anonymous_0)
DA:1,2
DA:2,2
DA:6,0
DA:7,0
DA:11,2
LF:5
LH:3
BRF:0
BRH:0
end_of_record
TN:
SF:logger\logger.js
FNF:0
FNH:0
DA:35,2
DA:37,2
DA:46,2
DA:51,2
LF:4
LH:4
BRF:0
BRH:0
end_of_record
TN:
SF:middlewares\auth.js
FN:4,(anonymous_0)
FNF:1
FNH:1
FNDA:5,(anonymous_0)
DA:1,2
DA:2,2
DA:4,2
DA:5,5
DA:6,5
DA:7,5
DA:8,0
DA:11,5
DA:13,0
DA:14,0
DA:18,2
LF:11
LH:8
BRDA:7,0,0,0
BRDA:7,0,1,5
BRF:2
BRH:1
end_of_record
TN:
SF:middlewares\budgetValidator.js
FN:3,(anonymous_0)
FNF:1
FNH:1
FNDA:1,(anonymous_0)
DA:1,2
DA:3,2
DA:5,1
DA:6,1
DA:7,1
DA:8,1
DA:10,0
DA:11,0
DA:16,2
DA:29,2
LF:10
LH:8
BRF:0
BRH:0
end_of_record
TN:
SF:middlewares\errorhandler.js
FN:3,(anonymous_0)
FN:11,(anonymous_1)
FNF:2
FNH:0
FNDA:0,(anonymous_0)
FNDA:0,(anonymous_1)
DA:1,2
DA:3,2
DA:4,0
DA:9,0
DA:10,0
DA:11,0
DA:13,0
DA:16,0
DA:17,0
DA:19,0
DA:22,0
DA:23,0
DA:24,0
DA:27,0
DA:30,2
LF:15
LH:3
BRDA:5,0,0,0
BRDA:5,0,1,0
BRDA:6,1,0,0
BRDA:6,1,1,0
BRDA:9,2,0,0
BRDA:9,2,1,0
BRDA:16,3,0,0
BRDA:16,3,1,0
BRDA:16,4,0,0
BRDA:16,4,1,0
BRDA:22,5,0,0
BRDA:22,5,1,0
BRF:12
BRH:0
end_of_record
TN:
SF:middlewares\notfound.js
FN:3,(anonymous_0)
FNF:1
FNH:0
FNDA:0,(anonymous_0)
DA:1,2
DA:3,2
DA:4,0
DA:7,2
LF:4
LH:3
BRF:0
BRH:0
end_of_record
TN:
SF:middlewares\userValidate.js
FN:3,(anonymous_0)
FNF:1
FNH:1
FNDA:2,(anonymous_0)
DA:1,2
DA:3,2
DA:4,2
DA:5,2
DA:6,2
DA:7,2
DA:9,0
DA:10,0
DA:14,2
DA:36,2
LF:10
LH:8
BRF:0
BRH:0
end_of_record
TN:
SF:models\auth.js
FN:29,(anonymous_0)
FN:34,(anonymous_1)
FN:38,(anonymous_2)
FN:42,(anonymous_3)
FNF:4
FNH:3
FNDA:2,(anonymous_0)
FNDA:0,(anonymous_1)
FNDA:3,(anonymous_2)
FNDA:1,(anonymous_3)
DA:1,2
DA:2,2
DA:3,2
DA:5,2
DA:29,2
DA:30,2
DA:31,2
DA:34,2
DA:35,0
DA:38,2
DA:39,3
DA:42,2
DA:43,1
DA:44,1
DA:47,2
LF:15
LH:14
BRF:0
BRH:0
end_of_record
TN:
SF:models\budget.js
FNF:0
FNH:0
DA:1,2
DA:3,2
DA:38,2
LF:3
LH:3
BRF:0
BRH:0
end_of_record
TN:
SF:routes\auth.js
FNF:0
FNH:0
DA:1,2
DA:2,2
DA:3,2
DA:5,2
DA:7,2
DA:8,2
DA:10,2
LF:7
LH:7
BRF:0
BRH:0
end_of_record
TN:
SF:routes\budget.js
FNF:0
FNH:0
DA:1,2
DA:2,2
DA:4,2
DA:12,2
DA:14,2
DA:15,2
DA:17,2
LF:7
LH:7
BRF:0
BRH:0
end_of_record
TN:
SF:util\apifeatures.js
FN:2,(anonymous_0)
FN:7,(anonymous_1)
FN:10,(anonymous_2)
FN:16,(anonymous_3)
FN:22,(anonymous_4)
FN:34,(anonymous_5)
FN:43,(anonymous_6)
FNF:7
FNH:6
FNDA:1,(anonymous_0)
FNDA:1,(anonymous_1)
FNDA:4,(anonymous_2)
FNDA:0,(anonymous_3)
FNDA:1,(anonymous_4)
FNDA:1,(anonymous_5)
FNDA:1,(anonymous_6)
DA:3,1
DA:4,1
DA:8,1
DA:9,1
DA:10,4
DA:13,1
DA:14,1
DA:16,0
DA:18,1
DA:19,1
DA:23,1
DA:24,0
DA:25,0
DA:28,1
DA:31,1
DA:35,1
DA:36,0
DA:37,0
DA:40,1
DA:44,1
DA:45,1
DA:46,1
DA:48,1
DA:50,1
DA:54,2
LF:25
LH:20
BRDA:23,0,0,0
BRDA:23,0,1,1
BRDA:35,1,0,0
BRDA:35,1,1,1
BRDA:44,2,0,1
BRDA:44,2,1,1
BRDA:45,3,0,1
BRDA:45,3,1,1
BRF:8
BRH:6
end_of_record
